#-----------------------------------------------------------
# Vivado v2020.2 (64-bit)
# SW Build 3064766 on Wed Nov 18 09:12:45 MST 2020
# IP Build 3064653 on Wed Nov 18 14:17:31 MST 2020
# Start of session at: Wed May 12 11:21:35 2021
# Process ID: 20280
# Current directory: C:/Users/George/Desktop/ETE4451_BroncoPong_rev2/ETE4451_BroncoPong
# Command line: vivado.exe -gui_launcher_event rodinguilauncherevent7372 C:\Users\George\Desktop\ETE4451_BroncoPong_rev2\ETE4451_BroncoPong\ETE4451_BroncoPong.xpr
# Log file: C:/Users/George/Desktop/ETE4451_BroncoPong_rev2/ETE4451_BroncoPong/vivado.log
# Journal file: C:/Users/George/Desktop/ETE4451_BroncoPong_rev2/ETE4451_BroncoPong\vivado.jou
#-----------------------------------------------------------
start_gui
open_project C:/Users/George/Desktop/ETE4451_BroncoPong_rev2/ETE4451_BroncoPong/ETE4451_BroncoPong.xpr
INFO: [Project 1-313] Project file moved from 'C:/Users/George/Desktop/Github/Bronco Pong/Final Implementation/ETE4451_BroncoPong_rev2/ETE4451_BroncoPong' since last save.
Scanning sources...
Finished scanning sources
INFO: [IP_Flow 19-234] Refreshing IP repositories
INFO: [IP_Flow 19-1704] No user IP repositories specified
INFO: [IP_Flow 19-2313] Loaded Vivado IP repository 'G:/Vivado/2020.2/data/ip'.
WARNING: [BD 41-1661] One or more IPs have been locked in the design 'DCM.bd'. Please run report_ip_status for more details and recommendations on how to fix this issue.
List of locked IPs:
DCM_clk_wiz_0_1

open_project: Time (s): cpu = 00:00:19 ; elapsed = 00:00:09 . Memory (MB): peak = 1117.469 ; gain = 0.000
update_compile_order -fileset sources_1
reset_run impl_1
launch_runs impl_1 -to_step write_bitstream -jobs 8
INFO: [Vivado 12-4149] The synthesis checkpoint for IP 'C:/Users/George/Desktop/ETE4451_BroncoPong_rev2/ETE4451_BroncoPong/ETE4451_BroncoPong.srcs/sources_1/ip/ila_0_SPI/ila_0_SPI.xci' is already up-to-date
[Wed May 12 11:23:07 2021] Launched impl_1...
Run output will be captured here: C:/Users/George/Desktop/ETE4451_BroncoPong_rev2/ETE4451_BroncoPong/ETE4451_BroncoPong.runs/impl_1/runme.log
open_hw_manager
connect_hw_server -allow_non_jtag
INFO: [Labtools 27-2285] Connecting to hw_server url TCP:localhost:3121
INFO: [Labtools 27-2222] Launching hw_server...
INFO: [Labtools 27-2221] Launch Output:

****** Xilinx hw_server v2020.2
  **** Build date : Nov 18 2020 at 10:01:48
    ** Copyright 1986-2020 Xilinx, Inc. All Rights Reserved.


INFO: [Labtools 27-3415] Connecting to cs_server url TCP:localhost:3042
INFO: [Labtools 27-3417] Launching cs_server...
INFO: [Labtools 27-2221] Launch Output:


******** Xilinx cs_server v2020.2
  ****** Build date   : Nov 03 2020-13:02:56
    **** Build number : 2020.2.1604437376
      ** Copyright 2017-2020 Xilinx, Inc. All Rights Reserved.



connect_hw_server: Time (s): cpu = 00:00:01 ; elapsed = 00:00:11 . Memory (MB): peak = 1117.469 ; gain = 0.000
open_hw_target
INFO: [Labtoolstcl 44-466] Opening hw_target localhost:3121/xilinx_tcf/Digilent/210351B04BB2A
open_hw_target: Time (s): cpu = 00:00:06 ; elapsed = 00:00:09 . Memory (MB): peak = 2644.582 ; gain = 1527.113
set_property PROGRAM.FILE {C:/Users/George/Desktop/ETE4451_BroncoPong_rev2/ETE4451_BroncoPong/ETE4451_BroncoPong.runs/impl_1/BP_top.bit} [get_hw_devices xc7z020_1]
set_property PROBES.FILE {C:/Users/George/Desktop/ETE4451_BroncoPong_rev2/ETE4451_BroncoPong/ETE4451_BroncoPong.runs/impl_1/BP_top.ltx} [get_hw_devices xc7z020_1]
set_property FULL_PROBES.FILE {C:/Users/George/Desktop/ETE4451_BroncoPong_rev2/ETE4451_BroncoPong/ETE4451_BroncoPong.runs/impl_1/BP_top.ltx} [get_hw_devices xc7z020_1]
current_hw_device [get_hw_devices xc7z020_1]
refresh_hw_device [lindex [get_hw_devices xc7z020_1] 0]
INFO: [Labtools 27-1434] Device xc7z020 (JTAG device index = 1) is programmed with a design that has no supported debug core(s) in it.
WARNING: [Labtools 27-3361] The debug hub core was not detected.
Resolution: 
1. Make sure the clock connected to the debug hub (dbg_hub) core is a free running clock and is active.
2. Make sure the BSCAN_SWITCH_USER_MASK device property in Vivado Hardware Manager reflects the user scan chain setting in the design and refresh the device.  To determine the user scan chain setting in the design, open the implemented design and use 'get_property C_USER_SCAN_CHAIN [get_debug_cores dbg_hub]'.
For more details on setting the scan chain property, consult the Vivado Debug and Programming User Guide (UG908).
WARNING: [Labtools 27-3413] Dropping logic core with cellname:'UUT3/ILA_SPI' at location 'uuid_1AEAB046DD0D57AD841413264B2EF299' from probes file, since it cannot be found on the programmed device.
set_property PROBES.FILE {C:/Users/George/Desktop/ETE4451_BroncoPong_rev2/ETE4451_BroncoPong/ETE4451_BroncoPong.runs/impl_1/BP_top.ltx} [get_hw_devices xc7z020_1]
set_property FULL_PROBES.FILE {C:/Users/George/Desktop/ETE4451_BroncoPong_rev2/ETE4451_BroncoPong/ETE4451_BroncoPong.runs/impl_1/BP_top.ltx} [get_hw_devices xc7z020_1]
set_property PROGRAM.FILE {C:/Users/George/Desktop/ETE4451_BroncoPong_rev2/ETE4451_BroncoPong/ETE4451_BroncoPong.runs/impl_1/BP_top.bit} [get_hw_devices xc7z020_1]
program_hw_devices [get_hw_devices xc7z020_1]
INFO: [Labtools 27-3164] End of startup status: HIGH
refresh_hw_device [lindex [get_hw_devices xc7z020_1] 0]
INFO: [Labtools 27-2302] Device xc7z020 (JTAG device index = 1) is programmed with a design that has 1 ILA core(s).
display_hw_ila_data [ get_hw_ila_data hw_ila_data_1 -of_objects [get_hw_ilas -of_objects [get_hw_devices xc7z020_1] -filter {CELL_NAME=~"UUT3/ILA_SPI"}]]
run_hw_ila [get_hw_ilas -of_objects [get_hw_devices xc7z020_1] -filter {CELL_NAME=~"UUT3/ILA_SPI"}]
INFO: [Labtools 27-1964] The ILA core 'hw_ila_1' trigger was armed at 2021-May-12 11:28:42
wait_on_hw_ila [get_hw_ilas -of_objects [get_hw_devices xc7z020_1] -filter {CELL_NAME=~"UUT3/ILA_SPI"}]
display_hw_ila_data [upload_hw_ila_data [get_hw_ilas -of_objects [get_hw_devices xc7z020_1] -filter {CELL_NAME=~"UUT3/ILA_SPI"}]]
INFO: [Labtools 27-1966] The ILA core 'hw_ila_1' triggered at 2021-May-12 11:28:42
INFO: [Labtools 27-3304] ILA Waveform data saved to file C:/Users/George/Desktop/ETE4451_BroncoPong_rev2/ETE4451_BroncoPong/ETE4451_BroncoPong.hw/backup/hw_ila_data_1.ila. Use Tcl command 'read_hw_ila_data' or Vivado File->Import->Import ILA Data menu item to import the previously saved data.
run_hw_ila [get_hw_ilas -of_objects [get_hw_devices xc7z020_1] -filter {CELL_NAME=~"UUT3/ILA_SPI"}]
INFO: [Labtools 27-1964] The ILA core 'hw_ila_1' trigger was armed at 2021-May-12 11:29:03
wait_on_hw_ila [get_hw_ilas -of_objects [get_hw_devices xc7z020_1] -filter {CELL_NAME=~"UUT3/ILA_SPI"}]
display_hw_ila_data [upload_hw_ila_data [get_hw_ilas -of_objects [get_hw_devices xc7z020_1] -filter {CELL_NAME=~"UUT3/ILA_SPI"}]]
INFO: [Labtools 27-1966] The ILA core 'hw_ila_1' triggered at 2021-May-12 11:29:03
INFO: [Labtools 27-3304] ILA Waveform data saved to file C:/Users/George/Desktop/ETE4451_BroncoPong_rev2/ETE4451_BroncoPong/ETE4451_BroncoPong.hw/backup/hw_ila_data_1.ila. Use Tcl command 'read_hw_ila_data' or Vivado File->Import->Import ILA Data menu item to import the previously saved data.
run_hw_ila [get_hw_ilas -of_objects [get_hw_devices xc7z020_1] -filter {CELL_NAME=~"UUT3/ILA_SPI"}]
INFO: [Labtools 27-1964] The ILA core 'hw_ila_1' trigger was armed at 2021-May-12 11:29:07
wait_on_hw_ila [get_hw_ilas -of_objects [get_hw_devices xc7z020_1] -filter {CELL_NAME=~"UUT3/ILA_SPI"}]
display_hw_ila_data [upload_hw_ila_data [get_hw_ilas -of_objects [get_hw_devices xc7z020_1] -filter {CELL_NAME=~"UUT3/ILA_SPI"}]]
INFO: [Labtools 27-1966] The ILA core 'hw_ila_1' triggered at 2021-May-12 11:29:07
INFO: [Labtools 27-3304] ILA Waveform data saved to file C:/Users/George/Desktop/ETE4451_BroncoPong_rev2/ETE4451_BroncoPong/ETE4451_BroncoPong.hw/backup/hw_ila_data_1.ila. Use Tcl command 'read_hw_ila_data' or Vivado File->Import->Import ILA Data menu item to import the previously saved data.
run_hw_ila [get_hw_ilas -of_objects [get_hw_devices xc7z020_1] -filter {CELL_NAME=~"UUT3/ILA_SPI"}]
INFO: [Labtools 27-1964] The ILA core 'hw_ila_1' trigger was armed at 2021-May-12 11:29:10
wait_on_hw_ila [get_hw_ilas -of_objects [get_hw_devices xc7z020_1] -filter {CELL_NAME=~"UUT3/ILA_SPI"}]
display_hw_ila_data [upload_hw_ila_data [get_hw_ilas -of_objects [get_hw_devices xc7z020_1] -filter {CELL_NAME=~"UUT3/ILA_SPI"}]]
INFO: [Labtools 27-1966] The ILA core 'hw_ila_1' triggered at 2021-May-12 11:29:10
INFO: [Labtools 27-3304] ILA Waveform data saved to file C:/Users/George/Desktop/ETE4451_BroncoPong_rev2/ETE4451_BroncoPong/ETE4451_BroncoPong.hw/backup/hw_ila_data_1.ila. Use Tcl command 'read_hw_ila_data' or Vivado File->Import->Import ILA Data menu item to import the previously saved data.
run_hw_ila [get_hw_ilas -of_objects [get_hw_devices xc7z020_1] -filter {CELL_NAME=~"UUT3/ILA_SPI"}]
INFO: [Labtools 27-1964] The ILA core 'hw_ila_1' trigger was armed at 2021-May-12 11:29:14
wait_on_hw_ila [get_hw_ilas -of_objects [get_hw_devices xc7z020_1] -filter {CELL_NAME=~"UUT3/ILA_SPI"}]
display_hw_ila_data [upload_hw_ila_data [get_hw_ilas -of_objects [get_hw_devices xc7z020_1] -filter {CELL_NAME=~"UUT3/ILA_SPI"}]]
INFO: [Labtools 27-1966] The ILA core 'hw_ila_1' triggered at 2021-May-12 11:29:14
INFO: [Labtools 27-3304] ILA Waveform data saved to file C:/Users/George/Desktop/ETE4451_BroncoPong_rev2/ETE4451_BroncoPong/ETE4451_BroncoPong.hw/backup/hw_ila_data_1.ila. Use Tcl command 'read_hw_ila_data' or Vivado File->Import->Import ILA Data menu item to import the previously saved data.
run_hw_ila [get_hw_ilas -of_objects [get_hw_devices xc7z020_1] -filter {CELL_NAME=~"UUT3/ILA_SPI"}]
INFO: [Labtools 27-1964] The ILA core 'hw_ila_1' trigger was armed at 2021-May-12 11:29:17
wait_on_hw_ila [get_hw_ilas -of_objects [get_hw_devices xc7z020_1] -filter {CELL_NAME=~"UUT3/ILA_SPI"}]
display_hw_ila_data [upload_hw_ila_data [get_hw_ilas -of_objects [get_hw_devices xc7z020_1] -filter {CELL_NAME=~"UUT3/ILA_SPI"}]]
INFO: [Labtools 27-1966] The ILA core 'hw_ila_1' triggered at 2021-May-12 11:29:17
INFO: [Labtools 27-3304] ILA Waveform data saved to file C:/Users/George/Desktop/ETE4451_BroncoPong_rev2/ETE4451_BroncoPong/ETE4451_BroncoPong.hw/backup/hw_ila_data_1.ila. Use Tcl command 'read_hw_ila_data' or Vivado File->Import->Import ILA Data menu item to import the previously saved data.
run_hw_ila [get_hw_ilas -of_objects [get_hw_devices xc7z020_1] -filter {CELL_NAME=~"UUT3/ILA_SPI"}]
INFO: [Labtools 27-1964] The ILA core 'hw_ila_1' trigger was armed at 2021-May-12 11:29:21
wait_on_hw_ila [get_hw_ilas -of_objects [get_hw_devices xc7z020_1] -filter {CELL_NAME=~"UUT3/ILA_SPI"}]
display_hw_ila_data [upload_hw_ila_data [get_hw_ilas -of_objects [get_hw_devices xc7z020_1] -filter {CELL_NAME=~"UUT3/ILA_SPI"}]]
INFO: [Labtools 27-1966] The ILA core 'hw_ila_1' triggered at 2021-May-12 11:29:21
INFO: [Labtools 27-3304] ILA Waveform data saved to file C:/Users/George/Desktop/ETE4451_BroncoPong_rev2/ETE4451_BroncoPong/ETE4451_BroncoPong.hw/backup/hw_ila_data_1.ila. Use Tcl command 'read_hw_ila_data' or Vivado File->Import->Import ILA Data menu item to import the previously saved data.
run_hw_ila [get_hw_ilas -of_objects [get_hw_devices xc7z020_1] -filter {CELL_NAME=~"UUT3/ILA_SPI"}]
INFO: [Labtools 27-1964] The ILA core 'hw_ila_1' trigger was armed at 2021-May-12 11:29:24
wait_on_hw_ila [get_hw_ilas -of_objects [get_hw_devices xc7z020_1] -filter {CELL_NAME=~"UUT3/ILA_SPI"}]
display_hw_ila_data [upload_hw_ila_data [get_hw_ilas -of_objects [get_hw_devices xc7z020_1] -filter {CELL_NAME=~"UUT3/ILA_SPI"}]]
INFO: [Labtools 27-1966] The ILA core 'hw_ila_1' triggered at 2021-May-12 11:29:25
INFO: [Labtools 27-3304] ILA Waveform data saved to file C:/Users/George/Desktop/ETE4451_BroncoPong_rev2/ETE4451_BroncoPong/ETE4451_BroncoPong.hw/backup/hw_ila_data_1.ila. Use Tcl command 'read_hw_ila_data' or Vivado File->Import->Import ILA Data menu item to import the previously saved data.
run_hw_ila [get_hw_ilas -of_objects [get_hw_devices xc7z020_1] -filter {CELL_NAME=~"UUT3/ILA_SPI"}] -trigger_now
INFO: [Labtools 27-1964] The ILA core 'hw_ila_1' trigger was armed at 2021-May-12 11:31:13
wait_on_hw_ila [get_hw_ilas -of_objects [get_hw_devices xc7z020_1] -filter {CELL_NAME=~"UUT3/ILA_SPI"}]
display_hw_ila_data [upload_hw_ila_data [get_hw_ilas -of_objects [get_hw_devices xc7z020_1] -filter {CELL_NAME=~"UUT3/ILA_SPI"}]]
INFO: [Labtools 27-1966] The ILA core 'hw_ila_1' triggered at 2021-May-12 11:31:13
INFO: [Labtools 27-3304] ILA Waveform data saved to file C:/Users/George/Desktop/ETE4451_BroncoPong_rev2/ETE4451_BroncoPong/ETE4451_BroncoPong.hw/backup/hw_ila_data_1.ila. Use Tcl command 'read_hw_ila_data' or Vivado File->Import->Import ILA Data menu item to import the previously saved data.
run_hw_ila [get_hw_ilas -of_objects [get_hw_devices xc7z020_1] -filter {CELL_NAME=~"UUT3/ILA_SPI"}] -trigger_now
INFO: [Labtools 27-1964] The ILA core 'hw_ila_1' trigger was armed at 2021-May-12 11:31:20
wait_on_hw_ila [get_hw_ilas -of_objects [get_hw_devices xc7z020_1] -filter {CELL_NAME=~"UUT3/ILA_SPI"}]
display_hw_ila_data [upload_hw_ila_data [get_hw_ilas -of_objects [get_hw_devices xc7z020_1] -filter {CELL_NAME=~"UUT3/ILA_SPI"}]]
INFO: [Labtools 27-1966] The ILA core 'hw_ila_1' triggered at 2021-May-12 11:31:20
INFO: [Labtools 27-3304] ILA Waveform data saved to file C:/Users/George/Desktop/ETE4451_BroncoPong_rev2/ETE4451_BroncoPong/ETE4451_BroncoPong.hw/backup/hw_ila_data_1.ila. Use Tcl command 'read_hw_ila_data' or Vivado File->Import->Import ILA Data menu item to import the previously saved data.
run_hw_ila [get_hw_ilas -of_objects [get_hw_devices xc7z020_1] -filter {CELL_NAME=~"UUT3/ILA_SPI"}]
INFO: [Labtools 27-1964] The ILA core 'hw_ila_1' trigger was armed at 2021-May-12 11:31:36
wait_on_hw_ila [get_hw_ilas -of_objects [get_hw_devices xc7z020_1] -filter {CELL_NAME=~"UUT3/ILA_SPI"}]
display_hw_ila_data [upload_hw_ila_data [get_hw_ilas -of_objects [get_hw_devices xc7z020_1] -filter {CELL_NAME=~"UUT3/ILA_SPI"}]]
INFO: [Labtools 27-1966] The ILA core 'hw_ila_1' triggered at 2021-May-12 11:31:36
INFO: [Labtools 27-3304] ILA Waveform data saved to file C:/Users/George/Desktop/ETE4451_BroncoPong_rev2/ETE4451_BroncoPong/ETE4451_BroncoPong.hw/backup/hw_ila_data_1.ila. Use Tcl command 'read_hw_ila_data' or Vivado File->Import->Import ILA Data menu item to import the previously saved data.
run_hw_ila [get_hw_ilas -of_objects [get_hw_devices xc7z020_1] -filter {CELL_NAME=~"UUT3/ILA_SPI"}]
INFO: [Labtools 27-1964] The ILA core 'hw_ila_1' trigger was armed at 2021-May-12 11:38:00
wait_on_hw_ila [get_hw_ilas -of_objects [get_hw_devices xc7z020_1] -filter {CELL_NAME=~"UUT3/ILA_SPI"}]
display_hw_ila_data [upload_hw_ila_data [get_hw_ilas -of_objects [get_hw_devices xc7z020_1] -filter {CELL_NAME=~"UUT3/ILA_SPI"}]]
INFO: [Labtools 27-1966] The ILA core 'hw_ila_1' triggered at 2021-May-12 11:38:00
INFO: [Labtools 27-3304] ILA Waveform data saved to file C:/Users/George/Desktop/ETE4451_BroncoPong_rev2/ETE4451_BroncoPong/ETE4451_BroncoPong.hw/backup/hw_ila_data_1.ila. Use Tcl command 'read_hw_ila_data' or Vivado File->Import->Import ILA Data menu item to import the previously saved data.
run_hw_ila [get_hw_ilas -of_objects [get_hw_devices xc7z020_1] -filter {CELL_NAME=~"UUT3/ILA_SPI"}]
INFO: [Labtools 27-1964] The ILA core 'hw_ila_1' trigger was armed at 2021-May-12 11:38:12
wait_on_hw_ila [get_hw_ilas -of_objects [get_hw_devices xc7z020_1] -filter {CELL_NAME=~"UUT3/ILA_SPI"}]
display_hw_ila_data [upload_hw_ila_data [get_hw_ilas -of_objects [get_hw_devices xc7z020_1] -filter {CELL_NAME=~"UUT3/ILA_SPI"}]]
INFO: [Labtools 27-1966] The ILA core 'hw_ila_1' triggered at 2021-May-12 11:38:12
INFO: [Labtools 27-3304] ILA Waveform data saved to file C:/Users/George/Desktop/ETE4451_BroncoPong_rev2/ETE4451_BroncoPong/ETE4451_BroncoPong.hw/backup/hw_ila_data_1.ila. Use Tcl command 'read_hw_ila_data' or Vivado File->Import->Import ILA Data menu item to import the previously saved data.
save_wave_config {C:/Users/George/Desktop/ETE4451_BroncoPong_rev2/ETE4451_BroncoPong/ETE4451_BroncoPong.hw/hw_1/wave/hw_ila_data_1/hw_ila_data_1.wcfg}
close_hw_manager
WARNING: [IP_Flow 19-4067] Ignoring invalid widget type specified checkbox.Providing a default widget
set_property -dict [list CONFIG.C_PROBE7_WIDTH {10}] [get_ips ila_0_SPI]
generate_target all [get_files  C:/Users/George/Desktop/ETE4451_BroncoPong_rev2/ETE4451_BroncoPong/ETE4451_BroncoPong.srcs/sources_1/ip/ila_0_SPI/ila_0_SPI.xci]
INFO: [IP_Flow 19-1686] Generating 'Instantiation Template' target for IP 'ila_0_SPI'...
INFO: [IP_Flow 19-1686] Generating 'Synthesis' target for IP 'ila_0_SPI'...
WARNING: [IP_Flow 19-4994] Overwriting existing constraint file 'c:/Users/George/Desktop/ETE4451_BroncoPong_rev2/ETE4451_BroncoPong/ETE4451_BroncoPong.gen/sources_1/ip/ila_0_SPI/ila_0_SPI_ooc.xdc'
INFO: [IP_Flow 19-1686] Generating 'Simulation' target for IP 'ila_0_SPI'...
INFO: [IP_Flow 19-1686] Generating 'Implementation' target for IP 'ila_0_SPI'...
INFO: [IP_Flow 19-1686] Generating 'Change Log' target for IP 'ila_0_SPI'...
catch { config_ip_cache -export [get_ips -all ila_0_SPI] }
export_ip_user_files -of_objects [get_files C:/Users/George/Desktop/ETE4451_BroncoPong_rev2/ETE4451_BroncoPong/ETE4451_BroncoPong.srcs/sources_1/ip/ila_0_SPI/ila_0_SPI.xci] -no_script -sync -force -quiet
create_ip_run [get_files -of_objects [get_fileset sources_1] C:/Users/George/Desktop/ETE4451_BroncoPong_rev2/ETE4451_BroncoPong/ETE4451_BroncoPong.srcs/sources_1/ip/ila_0_SPI/ila_0_SPI.xci]
launch_runs ila_0_SPI_synth_1 -jobs 8
[Wed May 12 11:39:06 2021] Launched ila_0_SPI_synth_1...
Run output will be captured here: C:/Users/George/Desktop/ETE4451_BroncoPong_rev2/ETE4451_BroncoPong/ETE4451_BroncoPong.runs/ila_0_SPI_synth_1/runme.log
export_simulation -of_objects [get_files C:/Users/George/Desktop/ETE4451_BroncoPong_rev2/ETE4451_BroncoPong/ETE4451_BroncoPong.srcs/sources_1/ip/ila_0_SPI/ila_0_SPI.xci] -directory C:/Users/George/Desktop/ETE4451_BroncoPong_rev2/ETE4451_BroncoPong/ETE4451_BroncoPong.ip_user_files/sim_scripts -ip_user_files_dir C:/Users/George/Desktop/ETE4451_BroncoPong_rev2/ETE4451_BroncoPong/ETE4451_BroncoPong.ip_user_files -ipstatic_source_dir C:/Users/George/Desktop/ETE4451_BroncoPong_rev2/ETE4451_BroncoPong/ETE4451_BroncoPong.ip_user_files/ipstatic -lib_map_path [list {modelsim=C:/Users/George/Desktop/ETE4451_BroncoPong_rev2/ETE4451_BroncoPong/ETE4451_BroncoPong.cache/compile_simlib/modelsim} {questa=C:/Users/George/Desktop/ETE4451_BroncoPong_rev2/ETE4451_BroncoPong/ETE4451_BroncoPong.cache/compile_simlib/questa} {riviera=C:/Users/George/Desktop/ETE4451_BroncoPong_rev2/ETE4451_BroncoPong/ETE4451_BroncoPong.cache/compile_simlib/riviera} {activehdl=C:/Users/George/Desktop/ETE4451_BroncoPong_rev2/ETE4451_BroncoPong/ETE4451_BroncoPong.cache/compile_simlib/activehdl}] -use_ip_compiled_libs -force -quiet
WARNING: [IP_Flow 19-4067] Ignoring invalid widget type specified checkbox.Providing a default widget
set_property -dict [list CONFIG.C_PROBE6_WIDTH {16}] [get_ips ila_0_SPI]
generate_target all [get_files  C:/Users/George/Desktop/ETE4451_BroncoPong_rev2/ETE4451_BroncoPong/ETE4451_BroncoPong.srcs/sources_1/ip/ila_0_SPI/ila_0_SPI.xci]
INFO: [IP_Flow 19-1686] Generating 'Instantiation Template' target for IP 'ila_0_SPI'...
INFO: [IP_Flow 19-1686] Generating 'Synthesis' target for IP 'ila_0_SPI'...
WARNING: [IP_Flow 19-4994] Overwriting existing constraint file 'c:/Users/George/Desktop/ETE4451_BroncoPong_rev2/ETE4451_BroncoPong/ETE4451_BroncoPong.gen/sources_1/ip/ila_0_SPI/ila_0_SPI_ooc.xdc'
INFO: [IP_Flow 19-1686] Generating 'Simulation' target for IP 'ila_0_SPI'...
INFO: [IP_Flow 19-1686] Generating 'Implementation' target for IP 'ila_0_SPI'...
INFO: [IP_Flow 19-1686] Generating 'Change Log' target for IP 'ila_0_SPI'...
catch { config_ip_cache -export [get_ips -all ila_0_SPI] }
export_ip_user_files -of_objects [get_files C:/Users/George/Desktop/ETE4451_BroncoPong_rev2/ETE4451_BroncoPong/ETE4451_BroncoPong.srcs/sources_1/ip/ila_0_SPI/ila_0_SPI.xci] -no_script -sync -force -quiet
reset_run ila_0_SPI_synth_1
launch_runs ila_0_SPI_synth_1 -jobs 8
[Wed May 12 11:46:15 2021] Launched ila_0_SPI_synth_1...
Run output will be captured here: C:/Users/George/Desktop/ETE4451_BroncoPong_rev2/ETE4451_BroncoPong/ETE4451_BroncoPong.runs/ila_0_SPI_synth_1/runme.log
export_simulation -of_objects [get_files C:/Users/George/Desktop/ETE4451_BroncoPong_rev2/ETE4451_BroncoPong/ETE4451_BroncoPong.srcs/sources_1/ip/ila_0_SPI/ila_0_SPI.xci] -directory C:/Users/George/Desktop/ETE4451_BroncoPong_rev2/ETE4451_BroncoPong/ETE4451_BroncoPong.ip_user_files/sim_scripts -ip_user_files_dir C:/Users/George/Desktop/ETE4451_BroncoPong_rev2/ETE4451_BroncoPong/ETE4451_BroncoPong.ip_user_files -ipstatic_source_dir C:/Users/George/Desktop/ETE4451_BroncoPong_rev2/ETE4451_BroncoPong/ETE4451_BroncoPong.ip_user_files/ipstatic -lib_map_path [list {modelsim=C:/Users/George/Desktop/ETE4451_BroncoPong_rev2/ETE4451_BroncoPong/ETE4451_BroncoPong.cache/compile_simlib/modelsim} {questa=C:/Users/George/Desktop/ETE4451_BroncoPong_rev2/ETE4451_BroncoPong/ETE4451_BroncoPong.cache/compile_simlib/questa} {riviera=C:/Users/George/Desktop/ETE4451_BroncoPong_rev2/ETE4451_BroncoPong/ETE4451_BroncoPong.cache/compile_simlib/riviera} {activehdl=C:/Users/George/Desktop/ETE4451_BroncoPong_rev2/ETE4451_BroncoPong/ETE4451_BroncoPong.cache/compile_simlib/activehdl}] -use_ip_compiled_libs -force -quiet
reset_run synth_1
WARNING: [Vivado 12-1017] Problems encountered:
1. Failed to delete one or more files in run directory C:/Users/George/Desktop/ETE4451_BroncoPong_rev2/ETE4451_BroncoPong/ETE4451_BroncoPong.runs/synth_1

launch_runs impl_1 -to_step write_bitstream -jobs 8
[Wed May 12 11:46:46 2021] Launched ila_0_SPI_synth_1, synth_1...
Run output will be captured here:
ila_0_SPI_synth_1: C:/Users/George/Desktop/ETE4451_BroncoPong_rev2/ETE4451_BroncoPong/ETE4451_BroncoPong.runs/ila_0_SPI_synth_1/runme.log
synth_1: C:/Users/George/Desktop/ETE4451_BroncoPong_rev2/ETE4451_BroncoPong/ETE4451_BroncoPong.runs/synth_1/runme.log
[Wed May 12 11:46:46 2021] Launched impl_1...
Run output will be captured here: C:/Users/George/Desktop/ETE4451_BroncoPong_rev2/ETE4451_BroncoPong/ETE4451_BroncoPong.runs/impl_1/runme.log
open_hw_manager
connect_hw_server -allow_non_jtag
INFO: [Labtools 27-2285] Connecting to hw_server url TCP:localhost:3121
INFO: [Labtools 27-2222] Launching hw_server...
INFO: [Labtools 27-2221] Launch Output:

****** Xilinx hw_server v2020.2
  **** Build date : Nov 18 2020 at 10:01:48
    ** Copyright 1986-2020 Xilinx, Inc. All Rights Reserved.


INFO: [Labtools 27-3415] Connecting to cs_server url TCP:localhost:3042
INFO: [Labtools 27-3417] Launching cs_server...
INFO: [Labtools 27-2221] Launch Output:


******** Xilinx cs_server v2020.2
  ****** Build date   : Nov 03 2020-13:02:56
    **** Build number : 2020.2.1604437376
      ** Copyright 2017-2020 Xilinx, Inc. All Rights Reserved.



connect_hw_server: Time (s): cpu = 00:00:00 ; elapsed = 00:00:10 . Memory (MB): peak = 2840.277 ; gain = 0.000
open_hw_target
INFO: [Labtoolstcl 44-466] Opening hw_target localhost:3121/xilinx_tcf/Digilent/210351B04BB2A
set_property PROGRAM.FILE {C:/Users/George/Desktop/ETE4451_BroncoPong_rev2/ETE4451_BroncoPong/ETE4451_BroncoPong.runs/impl_1/BP_top.bit} [get_hw_devices xc7z020_1]
set_property PROBES.FILE {C:/Users/George/Desktop/ETE4451_BroncoPong_rev2/ETE4451_BroncoPong/ETE4451_BroncoPong.runs/impl_1/BP_top.ltx} [get_hw_devices xc7z020_1]
set_property FULL_PROBES.FILE {C:/Users/George/Desktop/ETE4451_BroncoPong_rev2/ETE4451_BroncoPong/ETE4451_BroncoPong.runs/impl_1/BP_top.ltx} [get_hw_devices xc7z020_1]
current_hw_device [get_hw_devices xc7z020_1]
refresh_hw_device [lindex [get_hw_devices xc7z020_1] 0]
INFO: [Labtools 27-1434] Device xc7z020 (JTAG device index = 1) is programmed with a design that has no supported debug core(s) in it.
WARNING: [Labtools 27-3361] The debug hub core was not detected.
Resolution: 
1. Make sure the clock connected to the debug hub (dbg_hub) core is a free running clock and is active.
2. Make sure the BSCAN_SWITCH_USER_MASK device property in Vivado Hardware Manager reflects the user scan chain setting in the design and refresh the device.  To determine the user scan chain setting in the design, open the implemented design and use 'get_property C_USER_SCAN_CHAIN [get_debug_cores dbg_hub]'.
For more details on setting the scan chain property, consult the Vivado Debug and Programming User Guide (UG908).
WARNING: [Labtools 27-3413] Dropping logic core with cellname:'UUT3/ILA_SPI' at location 'uuid_1AEAB046DD0D57AD841413264B2EF299' from probes file, since it cannot be found on the programmed device.
set_property PROBES.FILE {C:/Users/George/Desktop/ETE4451_BroncoPong_rev2/ETE4451_BroncoPong/ETE4451_BroncoPong.runs/impl_1/BP_top.ltx} [get_hw_devices xc7z020_1]
set_property FULL_PROBES.FILE {C:/Users/George/Desktop/ETE4451_BroncoPong_rev2/ETE4451_BroncoPong/ETE4451_BroncoPong.runs/impl_1/BP_top.ltx} [get_hw_devices xc7z020_1]
set_property PROGRAM.FILE {C:/Users/George/Desktop/ETE4451_BroncoPong_rev2/ETE4451_BroncoPong/ETE4451_BroncoPong.runs/impl_1/BP_top.bit} [get_hw_devices xc7z020_1]
program_hw_devices [get_hw_devices xc7z020_1]
INFO: [Labtools 27-3164] End of startup status: HIGH
refresh_hw_device [lindex [get_hw_devices xc7z020_1] 0]
INFO: [Labtools 27-2302] Device xc7z020 (JTAG device index = 1) is programmed with a design that has 1 ILA core(s).
display_hw_ila_data [ get_hw_ila_data hw_ila_data_1 -of_objects [get_hw_ilas -of_objects [get_hw_devices xc7z020_1] -filter {CELL_NAME=~"UUT3/ILA_SPI"}]]
WARNING: Simulation object UUT3/sndRec was not found in the design.
run_hw_ila [get_hw_ilas -of_objects [get_hw_devices xc7z020_1] -filter {CELL_NAME=~"UUT3/ILA_SPI"}]
INFO: [Labtools 27-1964] The ILA core 'hw_ila_1' trigger was armed at 2021-May-12 11:54:34
wait_on_hw_ila [get_hw_ilas -of_objects [get_hw_devices xc7z020_1] -filter {CELL_NAME=~"UUT3/ILA_SPI"}]
display_hw_ila_data [upload_hw_ila_data [get_hw_ilas -of_objects [get_hw_devices xc7z020_1] -filter {CELL_NAME=~"UUT3/ILA_SPI"}]]
INFO: [Labtools 27-1966] The ILA core 'hw_ila_1' triggered at 2021-May-12 11:54:34
INFO: [Labtools 27-3304] ILA Waveform data saved to file C:/Users/George/Desktop/ETE4451_BroncoPong_rev2/ETE4451_BroncoPong/ETE4451_BroncoPong.hw/backup/hw_ila_data_1.ila. Use Tcl command 'read_hw_ila_data' or Vivado File->Import->Import ILA Data menu item to import the previously saved data.
set_property TRIGGER_COMPARE_VALUE eq1'b1 [get_hw_probes UUT3/Game_Enable -of_objects [get_hw_ilas -of_objects [get_hw_devices xc7z020_1] -filter {CELL_NAME=~"UUT3/ILA_SPI"}]]
run_hw_ila [get_hw_ilas -of_objects [get_hw_devices xc7z020_1] -filter {CELL_NAME=~"UUT3/ILA_SPI"}]
INFO: [Labtools 27-1964] The ILA core 'hw_ila_1' trigger was armed at 2021-May-12 11:55:24
wait_on_hw_ila [get_hw_ilas -of_objects [get_hw_devices xc7z020_1] -filter {CELL_NAME=~"UUT3/ILA_SPI"}]
display_hw_ila_data [upload_hw_ila_data [get_hw_ilas -of_objects [get_hw_devices xc7z020_1] -filter {CELL_NAME=~"UUT3/ILA_SPI"}]]
INFO: [Labtools 27-1966] The ILA core 'hw_ila_1' triggered at 2021-May-12 11:55:24
INFO: [Labtools 27-3304] ILA Waveform data saved to file C:/Users/George/Desktop/ETE4451_BroncoPong_rev2/ETE4451_BroncoPong/ETE4451_BroncoPong.hw/backup/hw_ila_data_1.ila. Use Tcl command 'read_hw_ila_data' or Vivado File->Import->Import ILA Data menu item to import the previously saved data.
save_wave_config {C:/Users/George/Desktop/ETE4451_BroncoPong_rev2/ETE4451_BroncoPong/ETE4451_BroncoPong.hw/hw_1/wave/hw_ila_data_1/hw_ila_data_1.wcfg}
reset_run synth_1
WARNING: [Vivado 12-1017] Problems encountered:
1. Failed to delete one or more files in run directory C:/Users/George/Desktop/ETE4451_BroncoPong_rev2/ETE4451_BroncoPong/ETE4451_BroncoPong.runs/synth_1

launch_runs impl_1 -to_step write_bitstream -jobs 8
[Wed May 12 12:01:35 2021] Launched synth_1...
Run output will be captured here: C:/Users/George/Desktop/ETE4451_BroncoPong_rev2/ETE4451_BroncoPong/ETE4451_BroncoPong.runs/synth_1/runme.log
[Wed May 12 12:01:35 2021] Launched impl_1...
Run output will be captured here: C:/Users/George/Desktop/ETE4451_BroncoPong_rev2/ETE4451_BroncoPong/ETE4451_BroncoPong.runs/impl_1/runme.log
add_wave -into {hw_ila_data_1.wcfg} -radix hex { {UUT3/PMOD_Ydata} }
run_hw_ila [get_hw_ilas -of_objects [get_hw_devices xc7z020_1] -filter {CELL_NAME=~"UUT3/ILA_SPI"}]
INFO: [Labtools 27-1964] The ILA core 'hw_ila_1' trigger was armed at 2021-May-12 12:02:10
wait_on_hw_ila [get_hw_ilas -of_objects [get_hw_devices xc7z020_1] -filter {CELL_NAME=~"UUT3/ILA_SPI"}]
display_hw_ila_data [upload_hw_ila_data [get_hw_ilas -of_objects [get_hw_devices xc7z020_1] -filter {CELL_NAME=~"UUT3/ILA_SPI"}]]
INFO: [Labtools 27-1966] The ILA core 'hw_ila_1' triggered at 2021-May-12 12:02:10
INFO: [Labtools 27-3304] ILA Waveform data saved to file C:/Users/George/Desktop/ETE4451_BroncoPong_rev2/ETE4451_BroncoPong/ETE4451_BroncoPong.hw/backup/hw_ila_data_1.ila. Use Tcl command 'read_hw_ila_data' or Vivado File->Import->Import ILA Data menu item to import the previously saved data.
run_hw_ila [get_hw_ilas -of_objects [get_hw_devices xc7z020_1] -filter {CELL_NAME=~"UUT3/ILA_SPI"}]
INFO: [Labtools 27-1964] The ILA core 'hw_ila_1' trigger was armed at 2021-May-12 12:02:30
wait_on_hw_ila [get_hw_ilas -of_objects [get_hw_devices xc7z020_1] -filter {CELL_NAME=~"UUT3/ILA_SPI"}]
display_hw_ila_data [upload_hw_ila_data [get_hw_ilas -of_objects [get_hw_devices xc7z020_1] -filter {CELL_NAME=~"UUT3/ILA_SPI"}]]
INFO: [Labtools 27-1966] The ILA core 'hw_ila_1' triggered at 2021-May-12 12:02:30
INFO: [Labtools 27-3304] ILA Waveform data saved to file C:/Users/George/Desktop/ETE4451_BroncoPong_rev2/ETE4451_BroncoPong/ETE4451_BroncoPong.hw/backup/hw_ila_data_1.ila. Use Tcl command 'read_hw_ila_data' or Vivado File->Import->Import ILA Data menu item to import the previously saved data.
run_hw_ila [get_hw_ilas -of_objects [get_hw_devices xc7z020_1] -filter {CELL_NAME=~"UUT3/ILA_SPI"}]
INFO: [Labtools 27-1964] The ILA core 'hw_ila_1' trigger was armed at 2021-May-12 12:02:56
wait_on_hw_ila [get_hw_ilas -of_objects [get_hw_devices xc7z020_1] -filter {CELL_NAME=~"UUT3/ILA_SPI"}]
display_hw_ila_data [upload_hw_ila_data [get_hw_ilas -of_objects [get_hw_devices xc7z020_1] -filter {CELL_NAME=~"UUT3/ILA_SPI"}]]
INFO: [Labtools 27-1966] The ILA core 'hw_ila_1' triggered at 2021-May-12 12:02:56
INFO: [Labtools 27-3304] ILA Waveform data saved to file C:/Users/George/Desktop/ETE4451_BroncoPong_rev2/ETE4451_BroncoPong/ETE4451_BroncoPong.hw/backup/hw_ila_data_1.ila. Use Tcl command 'read_hw_ila_data' or Vivado File->Import->Import ILA Data menu item to import the previously saved data.
run_hw_ila [get_hw_ilas -of_objects [get_hw_devices xc7z020_1] -filter {CELL_NAME=~"UUT3/ILA_SPI"}]
INFO: [Labtools 27-1964] The ILA core 'hw_ila_1' trigger was armed at 2021-May-12 12:03:13
wait_on_hw_ila [get_hw_ilas -of_objects [get_hw_devices xc7z020_1] -filter {CELL_NAME=~"UUT3/ILA_SPI"}]
display_hw_ila_data [upload_hw_ila_data [get_hw_ilas -of_objects [get_hw_devices xc7z020_1] -filter {CELL_NAME=~"UUT3/ILA_SPI"}]]
INFO: [Labtools 27-1966] The ILA core 'hw_ila_1' triggered at 2021-May-12 12:03:13
INFO: [Labtools 27-3304] ILA Waveform data saved to file C:/Users/George/Desktop/ETE4451_BroncoPong_rev2/ETE4451_BroncoPong/ETE4451_BroncoPong.hw/backup/hw_ila_data_1.ila. Use Tcl command 'read_hw_ila_data' or Vivado File->Import->Import ILA Data menu item to import the previously saved data.
run_hw_ila [get_hw_ilas -of_objects [get_hw_devices xc7z020_1] -filter {CELL_NAME=~"UUT3/ILA_SPI"}]
INFO: [Labtools 27-1964] The ILA core 'hw_ila_1' trigger was armed at 2021-May-12 12:03:20
wait_on_hw_ila [get_hw_ilas -of_objects [get_hw_devices xc7z020_1] -filter {CELL_NAME=~"UUT3/ILA_SPI"}]
display_hw_ila_data [upload_hw_ila_data [get_hw_ilas -of_objects [get_hw_devices xc7z020_1] -filter {CELL_NAME=~"UUT3/ILA_SPI"}]]
INFO: [Labtools 27-1966] The ILA core 'hw_ila_1' triggered at 2021-May-12 12:03:20
INFO: [Labtools 27-3304] ILA Waveform data saved to file C:/Users/George/Desktop/ETE4451_BroncoPong_rev2/ETE4451_BroncoPong/ETE4451_BroncoPong.hw/backup/hw_ila_data_1.ila. Use Tcl command 'read_hw_ila_data' or Vivado File->Import->Import ILA Data menu item to import the previously saved data.
run_hw_ila [get_hw_ilas -of_objects [get_hw_devices xc7z020_1] -filter {CELL_NAME=~"UUT3/ILA_SPI"}]
INFO: [Labtools 27-1964] The ILA core 'hw_ila_1' trigger was armed at 2021-May-12 12:03:50
wait_on_hw_ila [get_hw_ilas -of_objects [get_hw_devices xc7z020_1] -filter {CELL_NAME=~"UUT3/ILA_SPI"}]
display_hw_ila_data [upload_hw_ila_data [get_hw_ilas -of_objects [get_hw_devices xc7z020_1] -filter {CELL_NAME=~"UUT3/ILA_SPI"}]]
INFO: [Labtools 27-1966] The ILA core 'hw_ila_1' triggered at 2021-May-12 12:03:50
INFO: [Labtools 27-3304] ILA Waveform data saved to file C:/Users/George/Desktop/ETE4451_BroncoPong_rev2/ETE4451_BroncoPong/ETE4451_BroncoPong.hw/backup/hw_ila_data_1.ila. Use Tcl command 'read_hw_ila_data' or Vivado File->Import->Import ILA Data menu item to import the previously saved data.
run_hw_ila [get_hw_ilas -of_objects [get_hw_devices xc7z020_1] -filter {CELL_NAME=~"UUT3/ILA_SPI"}]
INFO: [Labtools 27-1964] The ILA core 'hw_ila_1' trigger was armed at 2021-May-12 12:04:00
wait_on_hw_ila [get_hw_ilas -of_objects [get_hw_devices xc7z020_1] -filter {CELL_NAME=~"UUT3/ILA_SPI"}]
display_hw_ila_data [upload_hw_ila_data [get_hw_ilas -of_objects [get_hw_devices xc7z020_1] -filter {CELL_NAME=~"UUT3/ILA_SPI"}]]
INFO: [Labtools 27-1966] The ILA core 'hw_ila_1' triggered at 2021-May-12 12:04:00
INFO: [Labtools 27-3304] ILA Waveform data saved to file C:/Users/George/Desktop/ETE4451_BroncoPong_rev2/ETE4451_BroncoPong/ETE4451_BroncoPong.hw/backup/hw_ila_data_1.ila. Use Tcl command 'read_hw_ila_data' or Vivado File->Import->Import ILA Data menu item to import the previously saved data.
run_hw_ila [get_hw_ilas -of_objects [get_hw_devices xc7z020_1] -filter {CELL_NAME=~"UUT3/ILA_SPI"}]
INFO: [Labtools 27-1964] The ILA core 'hw_ila_1' trigger was armed at 2021-May-12 12:04:12
wait_on_hw_ila [get_hw_ilas -of_objects [get_hw_devices xc7z020_1] -filter {CELL_NAME=~"UUT3/ILA_SPI"}]
display_hw_ila_data [upload_hw_ila_data [get_hw_ilas -of_objects [get_hw_devices xc7z020_1] -filter {CELL_NAME=~"UUT3/ILA_SPI"}]]
INFO: [Labtools 27-1966] The ILA core 'hw_ila_1' triggered at 2021-May-12 12:04:12
INFO: [Labtools 27-3304] ILA Waveform data saved to file C:/Users/George/Desktop/ETE4451_BroncoPong_rev2/ETE4451_BroncoPong/ETE4451_BroncoPong.hw/backup/hw_ila_data_1.ila. Use Tcl command 'read_hw_ila_data' or Vivado File->Import->Import ILA Data menu item to import the previously saved data.
open_project {C:/Users/George/Desktop/Github/Bronco Pong/Testing stuff out/joystick pmod/JSTK_SPI_rev2/JSTK_SPI_rev2.xpr}
INFO: [ProjectBase 1-489] The host OS only allows 260 characters in a normal path. The project is stored in a path with more than 80 characters. If you experience issues with IP, Block Designs, or files not being found, please consider moving the project to a location with a shorter path. Alternately consider using the OS subst command to map part of the path to a drive letter.
Current project path is 'C:/Users/George/Desktop/Github/Bronco Pong/Testing stuff out/joystick pmod/JSTK_SPI_rev2'
Scanning sources...
Finished scanning sources
INFO: [IP_Flow 19-234] Refreshing IP repositories
INFO: [IP_Flow 19-1704] No user IP repositories specified
INFO: [IP_Flow 19-2313] Loaded Vivado IP repository 'G:/Vivado/2020.2/data/ip'.
update_compile_order -fileset sources_1
current_project ETE4451_BroncoPong
set_property PROBES.FILE {C:/Users/George/Desktop/ETE4451_BroncoPong_rev2/ETE4451_BroncoPong/ETE4451_BroncoPong.runs/impl_1/BP_top.ltx} [get_hw_devices xc7z020_1]
set_property FULL_PROBES.FILE {C:/Users/George/Desktop/ETE4451_BroncoPong_rev2/ETE4451_BroncoPong/ETE4451_BroncoPong.runs/impl_1/BP_top.ltx} [get_hw_devices xc7z020_1]
set_property PROGRAM.FILE {C:/Users/George/Desktop/ETE4451_BroncoPong_rev2/ETE4451_BroncoPong/ETE4451_BroncoPong.runs/impl_1/BP_top.bit} [get_hw_devices xc7z020_1]
program_hw_devices [get_hw_devices xc7z020_1]
INFO: [Labtools 27-3164] End of startup status: HIGH
refresh_hw_device [lindex [get_hw_devices xc7z020_1] 0]
INFO: [Labtools 27-2302] Device xc7z020 (JTAG device index = 1) is programmed with a design that has 1 ILA core(s).
add_wave -into {hw_ila_data_1.wcfg} -radix hex { {UUT3/DOUT} {UUT3/DOUT_1} }
save_wave_config {C:/Users/George/Desktop/ETE4451_BroncoPong_rev2/ETE4451_BroncoPong/ETE4451_BroncoPong.hw/hw_1/wave/hw_ila_data_1/hw_ila_data_1.wcfg}
close_hw_manager
reset_run synth_1
WARNING: [Vivado 12-1017] Problems encountered:
1. Failed to delete one or more files in run directory C:/Users/George/Desktop/ETE4451_BroncoPong_rev2/ETE4451_BroncoPong/ETE4451_BroncoPong.runs/synth_1

launch_runs impl_1 -to_step write_bitstream -jobs 8
[Wed May 12 12:07:05 2021] Launched synth_1...
Run output will be captured here: C:/Users/George/Desktop/ETE4451_BroncoPong_rev2/ETE4451_BroncoPong/ETE4451_BroncoPong.runs/synth_1/runme.log
[Wed May 12 12:07:05 2021] Launched impl_1...
Run output will be captured here: C:/Users/George/Desktop/ETE4451_BroncoPong_rev2/ETE4451_BroncoPong/ETE4451_BroncoPong.runs/impl_1/runme.log
open_hw_manager
connect_hw_server -allow_non_jtag
INFO: [Labtools 27-2285] Connecting to hw_server url TCP:localhost:3121
INFO: [Labtools 27-2222] Launching hw_server...
INFO: [Labtools 27-2221] Launch Output:

****** Xilinx hw_server v2020.2
  **** Build date : Nov 18 2020 at 10:01:48
    ** Copyright 1986-2020 Xilinx, Inc. All Rights Reserved.


INFO: [Labtools 27-3415] Connecting to cs_server url TCP:localhost:3042
INFO: [Labtools 27-3417] Launching cs_server...
INFO: [Labtools 27-2221] Launch Output:


******** Xilinx cs_server v2020.2
  ****** Build date   : Nov 03 2020-13:02:56
    **** Build number : 2020.2.1604437376
      ** Copyright 2017-2020 Xilinx, Inc. All Rights Reserved.



connect_hw_server: Time (s): cpu = 00:00:01 ; elapsed = 00:00:10 . Memory (MB): peak = 2904.059 ; gain = 0.000
open_hw_target
INFO: [Labtoolstcl 44-466] Opening hw_target localhost:3121/xilinx_tcf/Digilent/210351B04BB2A
current_hw_device [get_hw_devices xc7z020_1]
refresh_hw_device -update_hw_probes false [lindex [get_hw_devices xc7z020_1] 0]
WARNING: [Xicom 50-38] xicom: No CseXsdb register file specified for CseXsdb slave type: 0, cse driver version: 0. Slave initialization skipped.
INFO: [Labtools 27-1434] Device xc7z020 (JTAG device index = 1) is programmed with a design that has no supported debug core(s) in it.
create_ip_run [get_files -of_objects [get_fileset sources_1] C:/Users/George/Desktop/ETE4451_BroncoPong_rev2/ETE4451_BroncoPong/ETE4451_BroncoPong.srcs/sources_1/bd/VideoBuffer/VideoBuffer.bd]
WARNING: [Vivado 12-4173] The following IPs are not generated and locked, no out-of-context (OOC) run will be created. Please select 'Report IP Status' from 'Tools/Report' or run Tcl command 'report_ip_status' for more information.
C:/Users/George/Desktop/ETE4451_BroncoPong_rev2/ETE4451_BroncoPong/ETE4451_BroncoPong.srcs/sources_1/bd/DCM/DCM.bd

synth_design -rtl -rtl_skip_mlo -name rtl_1
Command: synth_design -rtl -rtl_skip_mlo -name rtl_1
Starting synth_design
Using part: xc7z020clg400-1
Top: BP_top
INFO: [Device 21-403] Loading part xc7z020clg400-1
CRITICAL WARNING: [Synth 8-2490] overwriting previous definition of module DCM [c:/Users/George/Desktop/ETE4451_BroncoPong_rev2/ETE4451_BroncoPong/ETE4451_BroncoPong.gen/sources_1/bd/DCM/synth/DCM.v:13]
---------------------------------------------------------------------------------
Starting RTL Elaboration : Time (s): cpu = 00:00:06 ; elapsed = 00:00:05 . Memory (MB): peak = 3474.133 ; gain = 268.016
---------------------------------------------------------------------------------
INFO: [Synth 8-6157] synthesizing module 'BP_top' [C:/Users/George/Desktop/ETE4451_BroncoPong_rev2/ETE4451_BroncoPong/ETE4451_BroncoPong.srcs/sources_1/new/BP_top.v:23]
INFO: [Synth 8-6157] synthesizing module 'DCM_wrapper' [C:/Users/George/Desktop/ETE4451_BroncoPong_rev2/ETE4451_BroncoPong/ETE4451_BroncoPong.gen/sources_1/bd/DCM/hdl/DCM_wrapper.v:12]
INFO: [Synth 8-6157] synthesizing module 'DCM' [c:/Users/George/Desktop/ETE4451_BroncoPong_rev2/ETE4451_BroncoPong/ETE4451_BroncoPong.gen/sources_1/bd/DCM/synth/DCM.v:13]
INFO: [Synth 8-6157] synthesizing module 'DCM_clk_wiz_0_1' [C:/Users/George/Desktop/ETE4451_BroncoPong_rev2/ETE4451_BroncoPong/.Xil/Vivado-20280-DESKTOP-MB5IJCE/realtime/DCM_clk_wiz_0_1_stub.v:5]
INFO: [Synth 8-6155] done synthesizing module 'DCM_clk_wiz_0_1' (1#1) [C:/Users/George/Desktop/ETE4451_BroncoPong_rev2/ETE4451_BroncoPong/.Xil/Vivado-20280-DESKTOP-MB5IJCE/realtime/DCM_clk_wiz_0_1_stub.v:5]
INFO: [Synth 8-6155] done synthesizing module 'DCM' (2#1) [c:/Users/George/Desktop/ETE4451_BroncoPong_rev2/ETE4451_BroncoPong/ETE4451_BroncoPong.gen/sources_1/bd/DCM/synth/DCM.v:13]
INFO: [Synth 8-6155] done synthesizing module 'DCM_wrapper' (3#1) [C:/Users/George/Desktop/ETE4451_BroncoPong_rev2/ETE4451_BroncoPong/ETE4451_BroncoPong.gen/sources_1/bd/DCM/hdl/DCM_wrapper.v:12]
INFO: [Synth 8-6157] synthesizing module 'GameControl_top' [C:/Users/George/Desktop/ETE4451_BroncoPong_rev2/ETE4451_BroncoPong/ETE4451_BroncoPong.srcs/sources_1/new/GameControl_top.v:23]
INFO: [Synth 8-6157] synthesizing module 'GameControl' [C:/Users/George/Desktop/ETE4451_BroncoPong_rev2/ETE4451_BroncoPong/ETE4451_BroncoPong.srcs/sources_1/new/Game_state.v:21]
	Parameter s0_idle bound to: 0 - type: integer 
	Parameter s1_game_running bound to: 1 - type: integer 
	Parameter s2_game_pause bound to: 2 - type: integer 
	Parameter s3_game_over bound to: 3 - type: integer 
INFO: [Synth 8-226] default block is never used [C:/Users/George/Desktop/ETE4451_BroncoPong_rev2/ETE4451_BroncoPong/ETE4451_BroncoPong.srcs/sources_1/new/Game_state.v:116]
INFO: [Synth 8-6155] done synthesizing module 'GameControl' (4#1) [C:/Users/George/Desktop/ETE4451_BroncoPong_rev2/ETE4451_BroncoPong/ETE4451_BroncoPong.srcs/sources_1/new/Game_state.v:21]
INFO: [Synth 8-6157] synthesizing module 'GameControlTimer' [C:/Users/George/Desktop/ETE4451_BroncoPong_rev2/ETE4451_BroncoPong/ETE4451_BroncoPong.srcs/sources_1/new/GameControlTimer.v:22]
INFO: [Synth 8-6155] done synthesizing module 'GameControlTimer' (5#1) [C:/Users/George/Desktop/ETE4451_BroncoPong_rev2/ETE4451_BroncoPong/ETE4451_BroncoPong.srcs/sources_1/new/GameControlTimer.v:22]
INFO: [Synth 8-6155] done synthesizing module 'GameControl_top' (6#1) [C:/Users/George/Desktop/ETE4451_BroncoPong_rev2/ETE4451_BroncoPong/ETE4451_BroncoPong.srcs/sources_1/new/GameControl_top.v:23]
INFO: [Synth 8-6157] synthesizing module 'BallCollision_top' [C:/Users/George/Desktop/ETE4451_BroncoPong_rev2/ETE4451_BroncoPong/ETE4451_BroncoPong.srcs/sources_1/new/BallCollision_top.v:23]
INFO: [Synth 8-6157] synthesizing module 'BallCollision' [C:/Users/George/Desktop/ETE4451_BroncoPong_rev2/ETE4451_BroncoPong/ETE4451_BroncoPong.srcs/sources_1/new/BallCollision.v:23]
	Parameter Cieling bound to: 10'b0001001001 
	Parameter Floor bound to: 10'b0110001000 
	Parameter Wall bound to: 10'b0000001000 
	Parameter Net bound to: 10'b1001111000 
	Parameter PaddleFX bound to: 10'b1001010000 
	Parameter PaddleLX bound to: 10'b1001011000 
	Parameter PaddleEY bound to: 10'b0001100100 
	Parameter BallCon bound to: 6'b000001 
	Parameter PadCol bound to: 6'b000010 
	Parameter NetCol bound to: 6'b000100 
	Parameter CelCol bound to: 6'b001000 
	Parameter FloCol bound to: 6'b010000 
	Parameter WalCol bound to: 6'b100000 
WARNING: [Synth 8-567] referenced signal 'PadTY' should be on the sensitivity list [C:/Users/George/Desktop/ETE4451_BroncoPong_rev2/ETE4451_BroncoPong/ETE4451_BroncoPong.srcs/sources_1/new/BallCollision.v:54]
WARNING: [Synth 8-567] referenced signal 'XCord' should be on the sensitivity list [C:/Users/George/Desktop/ETE4451_BroncoPong_rev2/ETE4451_BroncoPong/ETE4451_BroncoPong.srcs/sources_1/new/BallCollision.v:59]
WARNING: [Synth 8-567] referenced signal 'PadTY' should be on the sensitivity list [C:/Users/George/Desktop/ETE4451_BroncoPong_rev2/ETE4451_BroncoPong/ETE4451_BroncoPong.srcs/sources_1/new/BallCollision.v:75]
WARNING: [Synth 8-567] referenced signal 'YCord' should be on the sensitivity list [C:/Users/George/Desktop/ETE4451_BroncoPong_rev2/ETE4451_BroncoPong/ETE4451_BroncoPong.srcs/sources_1/new/BallCollision.v:75]
WARNING: [Synth 8-567] referenced signal 'PadBY' should be on the sensitivity list [C:/Users/George/Desktop/ETE4451_BroncoPong_rev2/ETE4451_BroncoPong/ETE4451_BroncoPong.srcs/sources_1/new/BallCollision.v:75]
WARNING: [Synth 8-567] referenced signal 'A' should be on the sensitivity list [C:/Users/George/Desktop/ETE4451_BroncoPong_rev2/ETE4451_BroncoPong/ETE4451_BroncoPong.srcs/sources_1/new/BallCollision.v:91]
WARNING: [Synth 8-567] referenced signal 'B' should be on the sensitivity list [C:/Users/George/Desktop/ETE4451_BroncoPong_rev2/ETE4451_BroncoPong/ETE4451_BroncoPong.srcs/sources_1/new/BallCollision.v:91]
INFO: [Synth 8-6155] done synthesizing module 'BallCollision' (7#1) [C:/Users/George/Desktop/ETE4451_BroncoPong_rev2/ETE4451_BroncoPong/ETE4451_BroncoPong.srcs/sources_1/new/BallCollision.v:23]
INFO: [Synth 8-6157] synthesizing module 'collisionAddOn' [C:/Users/George/Desktop/ETE4451_BroncoPong_rev2/ETE4451_BroncoPong/ETE4451_BroncoPong.srcs/sources_1/new/collisionAddOn.v:23]
INFO: [Synth 8-6155] done synthesizing module 'collisionAddOn' (8#1) [C:/Users/George/Desktop/ETE4451_BroncoPong_rev2/ETE4451_BroncoPong/ETE4451_BroncoPong.srcs/sources_1/new/collisionAddOn.v:23]
INFO: [Synth 8-6155] done synthesizing module 'BallCollision_top' (9#1) [C:/Users/George/Desktop/ETE4451_BroncoPong_rev2/ETE4451_BroncoPong/ETE4451_BroncoPong.srcs/sources_1/new/BallCollision_top.v:23]
WARNING: [Synth 8-689] width (1) of port connection 'ColOut' does not match port width (3) of module 'BallCollision_top' [C:/Users/George/Desktop/ETE4451_BroncoPong_rev2/ETE4451_BroncoPong/ETE4451_BroncoPong.srcs/sources_1/new/BP_top.v:124]
WARNING: [Synth 8-689] width (1) of port connection 'ballSpeed' does not match port width (10) of module 'BallCollision_top' [C:/Users/George/Desktop/ETE4451_BroncoPong_rev2/ETE4451_BroncoPong/ETE4451_BroncoPong.srcs/sources_1/new/BP_top.v:125]
INFO: [Synth 8-6157] synthesizing module 'JstkPmod_top' [C:/Users/George/Desktop/ETE4451_BroncoPong_rev2/ETE4451_BroncoPong/ETE4451_BroncoPong.srcs/sources_1/new/JstkPmod_top.v:23]
INFO: [Synth 8-6157] synthesizing module 'PmodJSTK' [C:/Users/George/Desktop/ETE4451_BroncoPong_rev2/ETE4451_BroncoPong/ETE4451_BroncoPong.srcs/sources_1/new/PmodJSTK.v:24]
INFO: [Synth 8-6157] synthesizing module 'spiCtrl' [C:/Users/George/Desktop/ETE4451_BroncoPong_rev2/ETE4451_BroncoPong/ETE4451_BroncoPong.srcs/sources_1/new/spiCtrl.v:27]
	Parameter Idle bound to: 3'b000 
	Parameter Init bound to: 3'b001 
	Parameter Wait bound to: 3'b010 
	Parameter Check bound to: 3'b011 
	Parameter Done bound to: 3'b100 
	Parameter byteEndVal bound to: 3'b101 
INFO: [Synth 8-6155] done synthesizing module 'spiCtrl' (10#1) [C:/Users/George/Desktop/ETE4451_BroncoPong_rev2/ETE4451_BroncoPong/ETE4451_BroncoPong.srcs/sources_1/new/spiCtrl.v:27]
INFO: [Synth 8-6157] synthesizing module 'spiMode0' [C:/Users/George/Desktop/ETE4451_BroncoPong_rev2/ETE4451_BroncoPong/ETE4451_BroncoPong.srcs/sources_1/new/SPImode0.v:37]
	Parameter Idle bound to: 2'b00 
	Parameter Init bound to: 2'b01 
	Parameter RxTx bound to: 2'b10 
	Parameter Done bound to: 2'b11 
INFO: [Synth 8-226] default block is never used [C:/Users/George/Desktop/ETE4451_BroncoPong_rev2/ETE4451_BroncoPong/ETE4451_BroncoPong.srcs/sources_1/new/SPImode0.v:184]
INFO: [Synth 8-6155] done synthesizing module 'spiMode0' (11#1) [C:/Users/George/Desktop/ETE4451_BroncoPong_rev2/ETE4451_BroncoPong/ETE4451_BroncoPong.srcs/sources_1/new/SPImode0.v:37]
INFO: [Synth 8-6157] synthesizing module 'ClkDiv_66_67kHz' [C:/Users/George/Desktop/ETE4451_BroncoPong_rev2/ETE4451_BroncoPong/ETE4451_BroncoPong.srcs/sources_1/new/ClkDiv_66_67kHz.v:20]
	Parameter cntEndVal bound to: 10'b1011101110 
INFO: [Synth 8-6155] done synthesizing module 'ClkDiv_66_67kHz' (12#1) [C:/Users/George/Desktop/ETE4451_BroncoPong_rev2/ETE4451_BroncoPong/ETE4451_BroncoPong.srcs/sources_1/new/ClkDiv_66_67kHz.v:20]
INFO: [Synth 8-6155] done synthesizing module 'PmodJSTK' (13#1) [C:/Users/George/Desktop/ETE4451_BroncoPong_rev2/ETE4451_BroncoPong/ETE4451_BroncoPong.srcs/sources_1/new/PmodJSTK.v:24]
INFO: [Synth 8-6157] synthesizing module 'ClkDiv_5Hz' [C:/Users/George/Desktop/ETE4451_BroncoPong_rev2/ETE4451_BroncoPong/ETE4451_BroncoPong.srcs/sources_1/new/PMOD_5HzSampler.v:20]
	Parameter cntEndVal bound to: 24'b100110001001011010000000 
INFO: [Synth 8-6155] done synthesizing module 'ClkDiv_5Hz' (14#1) [C:/Users/George/Desktop/ETE4451_BroncoPong_rev2/ETE4451_BroncoPong/ETE4451_BroncoPong.srcs/sources_1/new/PMOD_5HzSampler.v:20]
INFO: [Synth 8-6157] synthesizing module 'PaddlePos' [C:/Users/George/Desktop/ETE4451_BroncoPong_rev2/ETE4451_BroncoPong/ETE4451_BroncoPong.srcs/sources_1/new/PaddlePos.v:23]
INFO: [Synth 8-6155] done synthesizing module 'PaddlePos' (15#1) [C:/Users/George/Desktop/ETE4451_BroncoPong_rev2/ETE4451_BroncoPong/ETE4451_BroncoPong.srcs/sources_1/new/PaddlePos.v:23]
WARNING: [Synth 8-4446] all outputs are unconnected for this instance and logic may be removed [C:/Users/George/Desktop/ETE4451_BroncoPong_rev2/ETE4451_BroncoPong/ETE4451_BroncoPong.srcs/sources_1/new/JstkPmod_top.v:72]
INFO: [Synth 8-6157] synthesizing module 'ila_0_SPI' [C:/Users/George/Desktop/ETE4451_BroncoPong_rev2/ETE4451_BroncoPong/.Xil/Vivado-20280-DESKTOP-MB5IJCE/realtime/ila_0_SPI_stub.v:6]
INFO: [Synth 8-6155] done synthesizing module 'ila_0_SPI' (16#1) [C:/Users/George/Desktop/ETE4451_BroncoPong_rev2/ETE4451_BroncoPong/.Xil/Vivado-20280-DESKTOP-MB5IJCE/realtime/ila_0_SPI_stub.v:6]
INFO: [Synth 8-6071] Mark debug on the nets applies keep_hierarchy on instance 'PMOD_SPI'. This will prevent further optimization [C:/Users/George/Desktop/ETE4451_BroncoPong_rev2/ETE4451_BroncoPong/ETE4451_BroncoPong.srcs/sources_1/new/JstkPmod_top.v:44]
INFO: [Synth 8-6071] Mark debug on the nets applies keep_hierarchy on instance 'ILA_SPI'. This will prevent further optimization [C:/Users/George/Desktop/ETE4451_BroncoPong_rev2/ETE4451_BroncoPong/ETE4451_BroncoPong.srcs/sources_1/new/JstkPmod_top.v:72]
INFO: [Synth 8-6071] Mark debug on the nets applies keep_hierarchy on instance 'PaddlePos'. This will prevent further optimization [C:/Users/George/Desktop/ETE4451_BroncoPong_rev2/ETE4451_BroncoPong/ETE4451_BroncoPong.srcs/sources_1/new/JstkPmod_top.v:62]
INFO: [Synth 8-6155] done synthesizing module 'JstkPmod_top' (17#1) [C:/Users/George/Desktop/ETE4451_BroncoPong_rev2/ETE4451_BroncoPong/ETE4451_BroncoPong.srcs/sources_1/new/JstkPmod_top.v:23]
INFO: [Synth 8-6157] synthesizing module 'Display_top' [C:/Users/George/Desktop/ETE4451_BroncoPong_rev2/ETE4451_BroncoPong/ETE4451_BroncoPong.srcs/sources_1/new/Display_top.v:23]
INFO: [Synth 8-6157] synthesizing module 'GameTimer' [C:/Users/George/Desktop/ETE4451_BroncoPong_rev2/ETE4451_BroncoPong/ETE4451_BroncoPong.srcs/sources_1/new/GameTimer.v:23]
INFO: [Synth 8-6155] done synthesizing module 'GameTimer' (18#1) [C:/Users/George/Desktop/ETE4451_BroncoPong_rev2/ETE4451_BroncoPong/ETE4451_BroncoPong.srcs/sources_1/new/GameTimer.v:23]
INFO: [Synth 8-6157] synthesizing module 'Mem_Timing' [C:/Users/George/Desktop/ETE4451_BroncoPong_rev2/ETE4451_BroncoPong/ETE4451_BroncoPong.srcs/sources_1/new/Mem_Timing.v:23]
INFO: [Synth 8-6155] done synthesizing module 'Mem_Timing' (19#1) [C:/Users/George/Desktop/ETE4451_BroncoPong_rev2/ETE4451_BroncoPong/ETE4451_BroncoPong.srcs/sources_1/new/Mem_Timing.v:23]
INFO: [Synth 8-6157] synthesizing module 'Mem_Writer' [C:/Users/George/Desktop/ETE4451_BroncoPong_rev2/ETE4451_BroncoPong/ETE4451_BroncoPong.srcs/sources_1/new/Mem_Writer.v:21]
	Parameter s0_INITIALIZE bound to: 2'b01 
	Parameter s1_IDLE bound to: 2'b00 
	Parameter s2_WRITE bound to: 2'b10 
INFO: [Synth 8-226] default block is never used [C:/Users/George/Desktop/ETE4451_BroncoPong_rev2/ETE4451_BroncoPong/ETE4451_BroncoPong.srcs/sources_1/new/Mem_Writer.v:495]
INFO: [Synth 8-155] case statement is not full and has no default [C:/Users/George/Desktop/ETE4451_BroncoPong_rev2/ETE4451_BroncoPong/ETE4451_BroncoPong.srcs/sources_1/new/Mem_Writer.v:536]
INFO: [Synth 8-6155] done synthesizing module 'Mem_Writer' (20#1) [C:/Users/George/Desktop/ETE4451_BroncoPong_rev2/ETE4451_BroncoPong/ETE4451_BroncoPong.srcs/sources_1/new/Mem_Writer.v:21]
INFO: [Synth 8-6157] synthesizing module 'VideoBuffer_wrapper' [C:/Users/George/Desktop/ETE4451_BroncoPong_rev2/ETE4451_BroncoPong/ETE4451_BroncoPong.gen/sources_1/bd/VideoBuffer/hdl/VideoBuffer_wrapper.v:12]
INFO: [Synth 8-6157] synthesizing module 'VideoBuffer' [c:/Users/George/Desktop/ETE4451_BroncoPong_rev2/ETE4451_BroncoPong/ETE4451_BroncoPong.gen/sources_1/bd/VideoBuffer/synth/VideoBuffer.v:13]
INFO: [Synth 8-6157] synthesizing module 'VideoBuffer_blk_mem_gen_0_0' [C:/Users/George/Desktop/ETE4451_BroncoPong_rev2/ETE4451_BroncoPong/.Xil/Vivado-20280-DESKTOP-MB5IJCE/realtime/VideoBuffer_blk_mem_gen_0_0_stub.v:6]
INFO: [Synth 8-6155] done synthesizing module 'VideoBuffer_blk_mem_gen_0_0' (21#1) [C:/Users/George/Desktop/ETE4451_BroncoPong_rev2/ETE4451_BroncoPong/.Xil/Vivado-20280-DESKTOP-MB5IJCE/realtime/VideoBuffer_blk_mem_gen_0_0_stub.v:6]
INFO: [Synth 8-6155] done synthesizing module 'VideoBuffer' (22#1) [c:/Users/George/Desktop/ETE4451_BroncoPong_rev2/ETE4451_BroncoPong/ETE4451_BroncoPong.gen/sources_1/bd/VideoBuffer/synth/VideoBuffer.v:13]
INFO: [Synth 8-6155] done synthesizing module 'VideoBuffer_wrapper' (23#1) [C:/Users/George/Desktop/ETE4451_BroncoPong_rev2/ETE4451_BroncoPong/ETE4451_BroncoPong.gen/sources_1/bd/VideoBuffer/hdl/VideoBuffer_wrapper.v:12]
INFO: [Synth 8-6157] synthesizing module 'HDMI_Timing' [C:/Users/George/Desktop/ETE4451_BroncoPong_rev2/ETE4451_BroncoPong/ETE4451_BroncoPong.srcs/sources_1/new/HDMI_Timing.v:23]
INFO: [Synth 8-6155] done synthesizing module 'HDMI_Timing' (24#1) [C:/Users/George/Desktop/ETE4451_BroncoPong_rev2/ETE4451_BroncoPong/ETE4451_BroncoPong.srcs/sources_1/new/HDMI_Timing.v:23]
INFO: [Synth 8-6157] synthesizing module 'HDMI_FrameGen_top' [C:/Users/George/Desktop/ETE4451_BroncoPong_rev2/ETE4451_BroncoPong/ETE4451_BroncoPong.srcs/sources_1/new/HDMI_FrameGen_top.v:23]
INFO: [Synth 8-6157] synthesizing module 'HDMI_FrameRead' [C:/Users/George/Desktop/ETE4451_BroncoPong_rev2/ETE4451_BroncoPong/ETE4451_BroncoPong.srcs/sources_1/new/HDMI_FrameRead.v:23]
	Parameter s0_INITIALIZE bound to: 2'b01 
	Parameter s1_IDLE bound to: 2'b00 
	Parameter s2_ACTIVE bound to: 2'b10 
INFO: [Synth 8-155] case statement is not full and has no default [C:/Users/George/Desktop/ETE4451_BroncoPong_rev2/ETE4451_BroncoPong/ETE4451_BroncoPong.srcs/sources_1/new/HDMI_FrameRead.v:125]
INFO: [Synth 8-6155] done synthesizing module 'HDMI_FrameRead' (25#1) [C:/Users/George/Desktop/ETE4451_BroncoPong_rev2/ETE4451_BroncoPong/ETE4451_BroncoPong.srcs/sources_1/new/HDMI_FrameRead.v:23]
INFO: [Synth 8-6157] synthesizing module 'HDMI_PixelROM' [C:/Users/George/Desktop/ETE4451_BroncoPong_rev2/ETE4451_BroncoPong/ETE4451_BroncoPong.srcs/sources_1/new/HDMI_PixelROM.v:24]
INFO: [Synth 8-6155] done synthesizing module 'HDMI_PixelROM' (26#1) [C:/Users/George/Desktop/ETE4451_BroncoPong_rev2/ETE4451_BroncoPong/ETE4451_BroncoPong.srcs/sources_1/new/HDMI_PixelROM.v:24]
INFO: [Synth 8-6155] done synthesizing module 'HDMI_FrameGen_top' (27#1) [C:/Users/George/Desktop/ETE4451_BroncoPong_rev2/ETE4451_BroncoPong/ETE4451_BroncoPong.srcs/sources_1/new/HDMI_FrameGen_top.v:23]
INFO: [Synth 8-6157] synthesizing module 'HDMI_TMDS' [C:/Users/George/Desktop/ETE4451_BroncoPong_rev2/ETE4451_BroncoPong/ETE4451_BroncoPong.srcs/sources_1/new/HDMI_TX.v:23]
INFO: [Synth 8-6157] synthesizing module 'TMDS_encoder2' [C:/Users/George/Desktop/ETE4451_BroncoPong_rev2/ETE4451_BroncoPong/ETE4451_BroncoPong.srcs/sources_1/new/TMDS-rev2.v:23]
INFO: [Synth 8-6155] done synthesizing module 'TMDS_encoder2' (28#1) [C:/Users/George/Desktop/ETE4451_BroncoPong_rev2/ETE4451_BroncoPong/ETE4451_BroncoPong.srcs/sources_1/new/TMDS-rev2.v:23]
INFO: [Synth 8-6155] done synthesizing module 'HDMI_TMDS' (29#1) [C:/Users/George/Desktop/ETE4451_BroncoPong_rev2/ETE4451_BroncoPong/ETE4451_BroncoPong.srcs/sources_1/new/HDMI_TX.v:23]
INFO: [Synth 8-6157] synthesizing module 'HDMI_Out' [C:/Users/George/Desktop/ETE4451_BroncoPong_rev2/ETE4451_BroncoPong/ETE4451_BroncoPong.srcs/sources_1/new/HDMI_Out.v:23]
INFO: [Synth 8-6157] synthesizing module 'OBUFDS' [G:/Vivado/2020.2/scripts/rt/data/unisim_comp.v:46332]
	Parameter CAPACITANCE bound to: DONT_CARE - type: string 
	Parameter IOSTANDARD bound to: DEFAULT - type: string 
	Parameter SLEW bound to: SLOW - type: string 
INFO: [Synth 8-6155] done synthesizing module 'OBUFDS' (30#1) [G:/Vivado/2020.2/scripts/rt/data/unisim_comp.v:46332]
INFO: [Synth 8-6155] done synthesizing module 'HDMI_Out' (31#1) [C:/Users/George/Desktop/ETE4451_BroncoPong_rev2/ETE4451_BroncoPong/ETE4451_BroncoPong.srcs/sources_1/new/HDMI_Out.v:23]
INFO: [Synth 8-6155] done synthesizing module 'Display_top' (32#1) [C:/Users/George/Desktop/ETE4451_BroncoPong_rev2/ETE4451_BroncoPong/ETE4451_BroncoPong.srcs/sources_1/new/Display_top.v:23]
INFO: [Synth 8-6155] done synthesizing module 'BP_top' (33#1) [C:/Users/George/Desktop/ETE4451_BroncoPong_rev2/ETE4451_BroncoPong/ETE4451_BroncoPong.srcs/sources_1/new/BP_top.v:23]
---------------------------------------------------------------------------------
Finished RTL Elaboration : Time (s): cpu = 00:00:09 ; elapsed = 00:00:07 . Memory (MB): peak = 3539.863 ; gain = 333.746
---------------------------------------------------------------------------------
---------------------------------------------------------------------------------
Start Handling Custom Attributes
---------------------------------------------------------------------------------
---------------------------------------------------------------------------------
Finished Handling Custom Attributes : Time (s): cpu = 00:00:10 ; elapsed = 00:00:08 . Memory (MB): peak = 3558.781 ; gain = 352.664
---------------------------------------------------------------------------------
---------------------------------------------------------------------------------
Finished RTL Optimization Phase 1 : Time (s): cpu = 00:00:10 ; elapsed = 00:00:08 . Memory (MB): peak = 3558.781 ; gain = 352.664
---------------------------------------------------------------------------------
INFO: [Project 1-454] Reading design checkpoint 'c:/Users/George/Desktop/ETE4451_BroncoPong_rev2/ETE4451_BroncoPong/ETE4451_BroncoPong.gen/sources_1/bd/DCM/ip/DCM_clk_wiz_0_1/DCM_clk_wiz_0_1.dcp' for cell 'CLKGEN/DCM_i/clk_wiz_0'
INFO: [Project 1-454] Reading design checkpoint 'c:/Users/George/Desktop/ETE4451_BroncoPong_rev2/ETE4451_BroncoPong/ETE4451_BroncoPong.gen/sources_1/ip/ila_0_SPI/ila_0_SPI.dcp' for cell 'UUT3/ILA_SPI'
INFO: [Project 1-454] Reading design checkpoint 'c:/Users/George/Desktop/ETE4451_BroncoPong_rev2/ETE4451_BroncoPong/ETE4451_BroncoPong.gen/sources_1/bd/VideoBuffer/ip/VideoBuffer_blk_mem_gen_0_0/VideoBuffer_blk_mem_gen_0_0.dcp' for cell 'UUT4/UUT3/VideoBuffer_i/blk_mem_gen_0'
Netlist sorting complete. Time (s): cpu = 00:00:00 ; elapsed = 00:00:00.142 . Memory (MB): peak = 3587.312 ; gain = 0.000
INFO: [Netlist 29-17] Analyzing 283 Unisim elements for replacement
INFO: [Netlist 29-28] Unisim Transformation completed in 0 CPU seconds
INFO: [Project 1-479] Netlist was created with Vivado 2020.2
INFO: [Project 1-570] Preparing netlist for logic optimization

Processing XDC Constraints
Initializing timing engine
Parsing XDC File [c:/Users/George/Desktop/ETE4451_BroncoPong_rev2/ETE4451_BroncoPong/ETE4451_BroncoPong.gen/sources_1/bd/DCM/ip/DCM_clk_wiz_0_1/DCM_clk_wiz_0_1_board.xdc] for cell 'CLKGEN/DCM_i/clk_wiz_0/inst'
Finished Parsing XDC File [c:/Users/George/Desktop/ETE4451_BroncoPong_rev2/ETE4451_BroncoPong/ETE4451_BroncoPong.gen/sources_1/bd/DCM/ip/DCM_clk_wiz_0_1/DCM_clk_wiz_0_1_board.xdc] for cell 'CLKGEN/DCM_i/clk_wiz_0/inst'
Parsing XDC File [c:/Users/George/Desktop/ETE4451_BroncoPong_rev2/ETE4451_BroncoPong/ETE4451_BroncoPong.gen/sources_1/bd/DCM/ip/DCM_clk_wiz_0_1/DCM_clk_wiz_0_1.xdc] for cell 'CLKGEN/DCM_i/clk_wiz_0/inst'
Finished Parsing XDC File [c:/Users/George/Desktop/ETE4451_BroncoPong_rev2/ETE4451_BroncoPong/ETE4451_BroncoPong.gen/sources_1/bd/DCM/ip/DCM_clk_wiz_0_1/DCM_clk_wiz_0_1.xdc] for cell 'CLKGEN/DCM_i/clk_wiz_0/inst'
INFO: [Project 1-236] Implementation specific constraints were found while reading constraint file [c:/Users/George/Desktop/ETE4451_BroncoPong_rev2/ETE4451_BroncoPong/ETE4451_BroncoPong.gen/sources_1/bd/DCM/ip/DCM_clk_wiz_0_1/DCM_clk_wiz_0_1.xdc]. These constraints will be ignored for synthesis but will be used in implementation. Impacted constraints are listed in the file [.Xil/BP_top_propImpl.xdc].
Resolution: To avoid this warning, move constraints listed in [.Xil/BP_top_propImpl.xdc] to another XDC file and exclude this new file from synthesis with the used_in_synthesis property (File Properties dialog in GUI) and re-run elaboration/synthesis.
Parsing XDC File [c:/Users/George/Desktop/ETE4451_BroncoPong_rev2/ETE4451_BroncoPong/ETE4451_BroncoPong.gen/sources_1/ip/ila_0_SPI/ila_v6_2/constraints/ila.xdc] for cell 'UUT3/ILA_SPI/inst'
Finished Parsing XDC File [c:/Users/George/Desktop/ETE4451_BroncoPong_rev2/ETE4451_BroncoPong/ETE4451_BroncoPong.gen/sources_1/ip/ila_0_SPI/ila_v6_2/constraints/ila.xdc] for cell 'UUT3/ILA_SPI/inst'
INFO: [Timing 38-2] Deriving generated clocks
Parsing XDC File [C:/Users/George/Desktop/ETE4451_BroncoPong_rev2/ETE4451_BroncoPong/ETE4451_BroncoPong.srcs/sources_1/constrs_1/new/test-constr.xdc]
Finished Parsing XDC File [C:/Users/George/Desktop/ETE4451_BroncoPong_rev2/ETE4451_BroncoPong/ETE4451_BroncoPong.srcs/sources_1/constrs_1/new/test-constr.xdc]
Completed Processing XDC Constraints

Netlist sorting complete. Time (s): cpu = 00:00:00 ; elapsed = 00:00:00.005 . Memory (MB): peak = 3695.832 ; gain = 0.000
INFO: [Project 1-111] Unisim Transformation Summary:
  A total of 148 instances were transformed.
  CFGLUT5 => CFGLUT5 (SRL16E, SRLC32E): 144 instances
  OBUFDS => OBUFDS: 4 instances

RTL Elaboration Complete:  : Time (s): cpu = 00:00:35 ; elapsed = 00:00:19 . Memory (MB): peak = 3823.102 ; gain = 616.984
85 Infos, 10 Warnings, 1 Critical Warnings and 0 Errors encountered.
synth_design completed successfully
synth_design: Time (s): cpu = 00:00:50 ; elapsed = 00:00:37 . Memory (MB): peak = 3823.102 ; gain = 919.043
INFO: [Common 17-600] The following parameters have non-default value.
tcl.collectionResultDisplayLimit
set_property PROBES.FILE {C:/Users/George/Desktop/ETE4451_BroncoPong_rev2/ETE4451_BroncoPong/ETE4451_BroncoPong.runs/impl_1/BP_top.ltx} [get_hw_devices xc7z020_1]
set_property FULL_PROBES.FILE {C:/Users/George/Desktop/ETE4451_BroncoPong_rev2/ETE4451_BroncoPong/ETE4451_BroncoPong.runs/impl_1/BP_top.ltx} [get_hw_devices xc7z020_1]
set_property PROGRAM.FILE {C:/Users/George/Desktop/ETE4451_BroncoPong_rev2/ETE4451_BroncoPong/ETE4451_BroncoPong.runs/impl_1/BP_top.bit} [get_hw_devices xc7z020_1]
program_hw_devices [get_hw_devices xc7z020_1]
INFO: [Labtools 27-3164] End of startup status: HIGH
refresh_hw_device [lindex [get_hw_devices xc7z020_1] 0]
INFO: [Labtools 27-2302] Device xc7z020 (JTAG device index = 1) is programmed with a design that has 1 ILA core(s).
display_hw_ila_data [ get_hw_ila_data hw_ila_data_1 -of_objects [get_hw_ilas -of_objects [get_hw_devices xc7z020_1] -filter {CELL_NAME=~"UUT3/ILA_SPI"}]]
save_wave_config {C:/Users/George/Desktop/ETE4451_BroncoPong_rev2/ETE4451_BroncoPong/ETE4451_BroncoPong.hw/hw_1/wave/hw_ila_data_1/hw_ila_data_1.wcfg}
close_hw_manager
close_design
reset_run synth_1
WARNING: [Vivado 12-1017] Problems encountered:
1. Failed to delete one or more files in run directory C:/Users/George/Desktop/ETE4451_BroncoPong_rev2/ETE4451_BroncoPong/ETE4451_BroncoPong.runs/synth_1

launch_runs impl_1 -to_step write_bitstream -jobs 8
[Wed May 12 12:16:36 2021] Launched synth_1...
Run output will be captured here: C:/Users/George/Desktop/ETE4451_BroncoPong_rev2/ETE4451_BroncoPong/ETE4451_BroncoPong.runs/synth_1/runme.log
[Wed May 12 12:16:36 2021] Launched impl_1...
Run output will be captured here: C:/Users/George/Desktop/ETE4451_BroncoPong_rev2/ETE4451_BroncoPong/ETE4451_BroncoPong.runs/impl_1/runme.log
open_hw_manager
connect_hw_server -allow_non_jtag
INFO: [Labtools 27-2285] Connecting to hw_server url TCP:localhost:3121
INFO: [Labtools 27-2222] Launching hw_server...
INFO: [Labtools 27-2221] Launch Output:

****** Xilinx hw_server v2020.2
  **** Build date : Nov 18 2020 at 10:01:48
    ** Copyright 1986-2020 Xilinx, Inc. All Rights Reserved.


INFO: [Labtools 27-3415] Connecting to cs_server url TCP:localhost:3042
INFO: [Labtools 27-3417] Launching cs_server...
INFO: [Labtools 27-2221] Launch Output:


******** Xilinx cs_server v2020.2
  ****** Build date   : Nov 03 2020-13:02:56
    **** Build number : 2020.2.1604437376
      ** Copyright 2017-2020 Xilinx, Inc. All Rights Reserved.



connect_hw_server: Time (s): cpu = 00:00:01 ; elapsed = 00:00:10 . Memory (MB): peak = 3908.414 ; gain = 0.000
open_hw_target
INFO: [Labtoolstcl 44-466] Opening hw_target localhost:3121/xilinx_tcf/Digilent/210351B04BB2A
set_property PROGRAM.FILE {C:/Users/George/Desktop/ETE4451_BroncoPong_rev2/ETE4451_BroncoPong/ETE4451_BroncoPong.runs/impl_1/BP_top.bit} [get_hw_devices xc7z020_1]
set_property PROBES.FILE {C:/Users/George/Desktop/ETE4451_BroncoPong_rev2/ETE4451_BroncoPong/ETE4451_BroncoPong.runs/impl_1/BP_top.ltx} [get_hw_devices xc7z020_1]
set_property FULL_PROBES.FILE {C:/Users/George/Desktop/ETE4451_BroncoPong_rev2/ETE4451_BroncoPong/ETE4451_BroncoPong.runs/impl_1/BP_top.ltx} [get_hw_devices xc7z020_1]
current_hw_device [get_hw_devices xc7z020_1]
refresh_hw_device [lindex [get_hw_devices xc7z020_1] 0]
INFO: [Labtools 27-2302] Device xc7z020 (JTAG device index = 1) is programmed with a design that has 1 ILA core(s).
display_hw_ila_data [ get_hw_ila_data hw_ila_data_1 -of_objects [get_hw_ilas -of_objects [get_hw_devices xc7z020_1] -filter {CELL_NAME=~"UUT3/ILA_SPI"}]]
current_project JSTK_SPI_rev2
close_project
reset_run synth_1
WARNING: [Vivado 12-1017] Problems encountered:
1. Failed to delete one or more files in run directory C:/Users/George/Desktop/ETE4451_BroncoPong_rev2/ETE4451_BroncoPong/ETE4451_BroncoPong.runs/synth_1

launch_runs impl_1 -to_step write_bitstream -jobs 8
[Wed May 12 12:26:55 2021] Launched synth_1...
Run output will be captured here: C:/Users/George/Desktop/ETE4451_BroncoPong_rev2/ETE4451_BroncoPong/ETE4451_BroncoPong.runs/synth_1/runme.log
[Wed May 12 12:26:55 2021] Launched impl_1...
Run output will be captured here: C:/Users/George/Desktop/ETE4451_BroncoPong_rev2/ETE4451_BroncoPong/ETE4451_BroncoPong.runs/impl_1/runme.log
save_wave_config {C:/Users/George/Desktop/ETE4451_BroncoPong_rev2/ETE4451_BroncoPong/ETE4451_BroncoPong.hw/hw_1/wave/hw_ila_data_1/hw_ila_data_1.wcfg}
close_hw_manager
reset_run synth_1
WARNING: [Vivado 12-1017] Problems encountered:
1. Failed to delete one or more files in run directory C:/Users/George/Desktop/ETE4451_BroncoPong_rev2/ETE4451_BroncoPong/ETE4451_BroncoPong.runs/synth_1

launch_runs impl_1 -to_step write_bitstream -jobs 8
[Wed May 12 12:35:27 2021] Launched synth_1...
Run output will be captured here: C:/Users/George/Desktop/ETE4451_BroncoPong_rev2/ETE4451_BroncoPong/ETE4451_BroncoPong.runs/synth_1/runme.log
[Wed May 12 12:35:27 2021] Launched impl_1...
Run output will be captured here: C:/Users/George/Desktop/ETE4451_BroncoPong_rev2/ETE4451_BroncoPong/ETE4451_BroncoPong.runs/impl_1/runme.log
open_hw_manager
connect_hw_server -allow_non_jtag
INFO: [Labtools 27-2285] Connecting to hw_server url TCP:localhost:3121
INFO: [Labtools 27-2222] Launching hw_server...
INFO: [Labtools 27-2221] Launch Output:

****** Xilinx hw_server v2020.2
  **** Build date : Nov 18 2020 at 10:01:48
    ** Copyright 1986-2020 Xilinx, Inc. All Rights Reserved.


INFO: [Labtools 27-3415] Connecting to cs_server url TCP:localhost:3042
INFO: [Labtools 27-3417] Launching cs_server...
INFO: [Labtools 27-2221] Launch Output:


******** Xilinx cs_server v2020.2
  ****** Build date   : Nov 03 2020-13:02:56
    **** Build number : 2020.2.1604437376
      ** Copyright 2017-2020 Xilinx, Inc. All Rights Reserved.



connect_hw_server: Time (s): cpu = 00:00:01 ; elapsed = 00:00:10 . Memory (MB): peak = 3908.414 ; gain = 0.000
open_hw_target
INFO: [Labtoolstcl 44-466] Opening hw_target localhost:3121/xilinx_tcf/Digilent/210351B04BB2A
set_property PROGRAM.FILE {C:/Users/George/Desktop/ETE4451_BroncoPong_rev2/ETE4451_BroncoPong/ETE4451_BroncoPong.runs/impl_1/BP_top.bit} [get_hw_devices xc7z020_1]
set_property PROBES.FILE {C:/Users/George/Desktop/ETE4451_BroncoPong_rev2/ETE4451_BroncoPong/ETE4451_BroncoPong.runs/impl_1/BP_top.ltx} [get_hw_devices xc7z020_1]
set_property FULL_PROBES.FILE {C:/Users/George/Desktop/ETE4451_BroncoPong_rev2/ETE4451_BroncoPong/ETE4451_BroncoPong.runs/impl_1/BP_top.ltx} [get_hw_devices xc7z020_1]
current_hw_device [get_hw_devices xc7z020_1]
refresh_hw_device [lindex [get_hw_devices xc7z020_1] 0]
INFO: [Labtools 27-2302] Device xc7z020 (JTAG device index = 1) is programmed with a design that has 1 ILA core(s).
display_hw_ila_data [ get_hw_ila_data hw_ila_data_1 -of_objects [get_hw_ilas -of_objects [get_hw_devices xc7z020_1] -filter {CELL_NAME=~"UUT3/ILA_SPI"}]]
set_property PROBES.FILE {C:/Users/George/Desktop/ETE4451_BroncoPong_rev2/ETE4451_BroncoPong/ETE4451_BroncoPong.runs/impl_1/BP_top.ltx} [get_hw_devices xc7z020_1]
set_property FULL_PROBES.FILE {C:/Users/George/Desktop/ETE4451_BroncoPong_rev2/ETE4451_BroncoPong/ETE4451_BroncoPong.runs/impl_1/BP_top.ltx} [get_hw_devices xc7z020_1]
set_property PROGRAM.FILE {C:/Users/George/Desktop/ETE4451_BroncoPong_rev2/ETE4451_BroncoPong/ETE4451_BroncoPong.runs/impl_1/BP_top.bit} [get_hw_devices xc7z020_1]
program_hw_devices [get_hw_devices xc7z020_1]
INFO: [Labtools 27-3164] End of startup status: HIGH
refresh_hw_device [lindex [get_hw_devices xc7z020_1] 0]
INFO: [Labtools 27-2302] Device xc7z020 (JTAG device index = 1) is programmed with a design that has 1 ILA core(s).
reset_run synth_1
WARNING: [Vivado 12-1017] Problems encountered:
1. Failed to delete one or more files in run directory C:/Users/George/Desktop/ETE4451_BroncoPong_rev2/ETE4451_BroncoPong/ETE4451_BroncoPong.runs/synth_1

launch_runs impl_1 -to_step write_bitstream -jobs 8
[Wed May 12 12:43:02 2021] Launched synth_1...
Run output will be captured here: C:/Users/George/Desktop/ETE4451_BroncoPong_rev2/ETE4451_BroncoPong/ETE4451_BroncoPong.runs/synth_1/runme.log
[Wed May 12 12:43:02 2021] Launched impl_1...
Run output will be captured here: C:/Users/George/Desktop/ETE4451_BroncoPong_rev2/ETE4451_BroncoPong/ETE4451_BroncoPong.runs/impl_1/runme.log
set_property PROBES.FILE {C:/Users/George/Desktop/ETE4451_BroncoPong_rev2/ETE4451_BroncoPong/ETE4451_BroncoPong.runs/impl_1/BP_top.ltx} [get_hw_devices xc7z020_1]
set_property FULL_PROBES.FILE {C:/Users/George/Desktop/ETE4451_BroncoPong_rev2/ETE4451_BroncoPong/ETE4451_BroncoPong.runs/impl_1/BP_top.ltx} [get_hw_devices xc7z020_1]
set_property PROGRAM.FILE {C:/Users/George/Desktop/ETE4451_BroncoPong_rev2/ETE4451_BroncoPong/ETE4451_BroncoPong.runs/impl_1/BP_top.bit} [get_hw_devices xc7z020_1]
program_hw_devices [get_hw_devices xc7z020_1]
INFO: [Labtools 27-3164] End of startup status: HIGH
refresh_hw_device [lindex [get_hw_devices xc7z020_1] 0]
INFO: [Labtools 27-2302] Device xc7z020 (JTAG device index = 1) is programmed with a design that has 1 ILA core(s).
reset_run synth_1
WARNING: [Vivado 12-1017] Problems encountered:
1. Failed to delete one or more files in run directory C:/Users/George/Desktop/ETE4451_BroncoPong_rev2/ETE4451_BroncoPong/ETE4451_BroncoPong.runs/synth_1

launch_runs impl_1 -to_step write_bitstream -jobs 8
[Wed May 12 12:50:10 2021] Launched synth_1...
Run output will be captured here: C:/Users/George/Desktop/ETE4451_BroncoPong_rev2/ETE4451_BroncoPong/ETE4451_BroncoPong.runs/synth_1/runme.log
[Wed May 12 12:50:10 2021] Launched impl_1...
Run output will be captured here: C:/Users/George/Desktop/ETE4451_BroncoPong_rev2/ETE4451_BroncoPong/ETE4451_BroncoPong.runs/impl_1/runme.log
set_property PROBES.FILE {C:/Users/George/Desktop/ETE4451_BroncoPong_rev2/ETE4451_BroncoPong/ETE4451_BroncoPong.runs/impl_1/BP_top.ltx} [get_hw_devices xc7z020_1]
set_property FULL_PROBES.FILE {C:/Users/George/Desktop/ETE4451_BroncoPong_rev2/ETE4451_BroncoPong/ETE4451_BroncoPong.runs/impl_1/BP_top.ltx} [get_hw_devices xc7z020_1]
set_property PROGRAM.FILE {C:/Users/George/Desktop/ETE4451_BroncoPong_rev2/ETE4451_BroncoPong/ETE4451_BroncoPong.runs/impl_1/BP_top.bit} [get_hw_devices xc7z020_1]
program_hw_devices [get_hw_devices xc7z020_1]
INFO: [Labtools 27-3164] End of startup status: HIGH
refresh_hw_device [lindex [get_hw_devices xc7z020_1] 0]
INFO: [Labtools 27-2302] Device xc7z020 (JTAG device index = 1) is programmed with a design that has 1 ILA core(s).
reset_run synth_1
WARNING: [Vivado 12-1017] Problems encountered:
1. Failed to delete one or more files in run directory C:/Users/George/Desktop/ETE4451_BroncoPong_rev2/ETE4451_BroncoPong/ETE4451_BroncoPong.runs/synth_1

launch_runs impl_1 -to_step write_bitstream -jobs 8
[Wed May 12 12:58:50 2021] Launched synth_1...
Run output will be captured here: C:/Users/George/Desktop/ETE4451_BroncoPong_rev2/ETE4451_BroncoPong/ETE4451_BroncoPong.runs/synth_1/runme.log
[Wed May 12 12:58:50 2021] Launched impl_1...
Run output will be captured here: C:/Users/George/Desktop/ETE4451_BroncoPong_rev2/ETE4451_BroncoPong/ETE4451_BroncoPong.runs/impl_1/runme.log
set_property PROBES.FILE {C:/Users/George/Desktop/ETE4451_BroncoPong_rev2/ETE4451_BroncoPong/ETE4451_BroncoPong.runs/impl_1/BP_top.ltx} [get_hw_devices xc7z020_1]
set_property FULL_PROBES.FILE {C:/Users/George/Desktop/ETE4451_BroncoPong_rev2/ETE4451_BroncoPong/ETE4451_BroncoPong.runs/impl_1/BP_top.ltx} [get_hw_devices xc7z020_1]
set_property PROGRAM.FILE {C:/Users/George/Desktop/ETE4451_BroncoPong_rev2/ETE4451_BroncoPong/ETE4451_BroncoPong.runs/impl_1/BP_top.bit} [get_hw_devices xc7z020_1]
program_hw_devices [get_hw_devices xc7z020_1]
INFO: [Labtools 27-3164] End of startup status: HIGH
refresh_hw_device [lindex [get_hw_devices xc7z020_1] 0]
INFO: [Labtools 27-2302] Device xc7z020 (JTAG device index = 1) is programmed with a design that has 1 ILA core(s).
open_project {C:/Users/George/Desktop/Github/Bronco Pong/Testing stuff out/joystick pmod/JSTK_SPI_rev2/JSTK_SPI_rev2.xpr}
INFO: [ProjectBase 1-489] The host OS only allows 260 characters in a normal path. The project is stored in a path with more than 80 characters. If you experience issues with IP, Block Designs, or files not being found, please consider moving the project to a location with a shorter path. Alternately consider using the OS subst command to map part of the path to a drive letter.
Current project path is 'C:/Users/George/Desktop/Github/Bronco Pong/Testing stuff out/joystick pmod/JSTK_SPI_rev2'
Scanning sources...
Finished scanning sources
INFO: [IP_Flow 19-234] Refreshing IP repositories
INFO: [IP_Flow 19-1704] No user IP repositories specified
INFO: [IP_Flow 19-2313] Loaded Vivado IP repository 'G:/Vivado/2020.2/data/ip'.
update_compile_order -fileset sources_1
