#-----------------------------------------------------------
# Vivado v2020.2 (64-bit)
# SW Build 3064766 on Wed Nov 18 09:12:45 MST 2020
# IP Build 3064653 on Wed Nov 18 14:17:31 MST 2020
# Start of session at: Tue May 11 16:01:15 2021
# Process ID: 17100
# Current directory: C:/Users/poise/OneDrive/Desktop/ETE4451_BroncoPong
# Command line: vivado.exe -gui_launcher_event rodinguilauncherevent3352 C:\Users\poise\OneDrive\Desktop\ETE4451_BroncoPong\ETE4451_BroncoPong.xpr
# Log file: C:/Users/poise/OneDrive/Desktop/ETE4451_BroncoPong/vivado.log
# Journal file: C:/Users/poise/OneDrive/Desktop/ETE4451_BroncoPong\vivado.jou
#-----------------------------------------------------------
start_gui
open_project C:/Users/poise/OneDrive/Desktop/ETE4451_BroncoPong/ETE4451_BroncoPong.xpr
INFO: [Project 1-313] Project file moved from 'C:/Users/George/Desktop/Github/Bronco Pong/Final Implementation/Checkpoints/ETE4451_BroncoPong' since last save.
Scanning sources...
Finished scanning sources
CRITICAL WARNING: [Board 49-67] The board_part definition was not found for digilentinc.com:zybo-z7-20:part0:1.0. This can happen sometimes when you use custom board part. You can resolve this issue by setting 'board.repoPaths' parameter, pointing to the location of custom board files. Valid board_part values can be retrieved with the 'get_board_parts' Tcl command.
INFO: [IP_Flow 19-234] Refreshing IP repositories
INFO: [IP_Flow 19-1704] No user IP repositories specified
INFO: [IP_Flow 19-2313] Loaded Vivado IP repository 'C:/Xilinx/Vivado/2020.2/data/ip'.
WARNING: [BD 41-1661] One or more IPs have been locked in the design 'DCM.bd'. Please run report_ip_status for more details and recommendations on how to fix this issue.
List of locked IPs:
DCM_clk_wiz_0_1

open_project: Time (s): cpu = 00:00:23 ; elapsed = 00:00:33 . Memory (MB): peak = 1113.562 ; gain = 0.000
update_compile_order -fileset sources_1
open_project C:/Users/poise/OneDrive/Desktop/labs/test1/test1.xpr
Scanning sources...
Finished scanning sources
INFO: [IP_Flow 19-234] Refreshing IP repositories
INFO: [IP_Flow 19-1704] No user IP repositories specified
INFO: [IP_Flow 19-2313] Loaded Vivado IP repository 'C:/Xilinx/Vivado/2020.2/data/ip'.
update_compile_order -fileset sources_1
current_project ETE4451_BroncoPong
close [ open C:/Users/poise/OneDrive/Desktop/ETE4451_BroncoPong/ETE4451_BroncoPong.srcs/sources_1/new/BallCollision.v w ]
add_files C:/Users/poise/OneDrive/Desktop/ETE4451_BroncoPong/ETE4451_BroncoPong.srcs/sources_1/new/BallCollision.v
update_compile_order -fileset sources_1
update_compile_order -fileset sources_1
close_project
exit
INFO: [Common 17-206] Exiting Vivado at Tue May 11 16:14:53 2021...
