#-----------------------------------------------------------
# Vivado v2020.2 (64-bit)
# SW Build 3064766 on Wed Nov 18 09:12:45 MST 2020
# IP Build 3064653 on Wed Nov 18 14:17:31 MST 2020
# Start of session at: Mon May 10 19:05:26 2021
# Process ID: 25636
# Current directory: C:/Users/George/Desktop/Github/Bronco Pong/Subsystems/project1-mypart
# Command line: vivado.exe -gui_launcher_event rodinguilauncherevent20716 C:\Users\George\Desktop\Github\Bronco Pong\Subsystems\project1-mypart\project_1.xpr
# Log file: C:/Users/George/Desktop/Github/Bronco Pong/Subsystems/project1-mypart/vivado.log
# Journal file: C:/Users/George/Desktop/Github/Bronco Pong/Subsystems/project1-mypart\vivado.jou
#-----------------------------------------------------------
start_gui
open_project {C:/Users/George/Desktop/Github/Bronco Pong/Subsystems/project1-mypart/project_1.xpr}
INFO: [Project 1-313] Project file moved from 'C:/Users/Jonathan/Documents/project1-mypart' since last save.
Scanning sources...
Finished scanning sources
INFO: [IP_Flow 19-234] Refreshing IP repositories
INFO: [IP_Flow 19-1704] No user IP repositories specified
INFO: [IP_Flow 19-2313] Loaded Vivado IP repository 'G:/Vivado/2020.2/data/ip'.
WARNING: [BD 41-1661] One or more IPs have been locked in the design 'VideoBuffer.bd'. Please run report_ip_status for more details and recommendations on how to fix this issue.
List of locked IPs:
VideoBuffer_blk_mem_gen_0_0

WARNING: [BD 41-1661] One or more IPs have been locked in the design 'clockGen.bd'. Please run report_ip_status for more details and recommendations on how to fix this issue.
List of locked IPs:
clockGen_clk_wiz_0_0

open_project: Time (s): cpu = 00:00:16 ; elapsed = 00:00:07 . Memory (MB): peak = 1115.191 ; gain = 0.000
update_compile_order -fileset sources_1
reset_run synth_1
launch_runs impl_1 -to_step write_bitstream -jobs 8
[Mon May 10 19:05:56 2021] Launched synth_1...
Run output will be captured here: C:/Users/George/Desktop/Github/Bronco Pong/Subsystems/project1-mypart/project_1.runs/synth_1/runme.log
[Mon May 10 19:05:56 2021] Launched impl_1...
Run output will be captured here: C:/Users/George/Desktop/Github/Bronco Pong/Subsystems/project1-mypart/project_1.runs/impl_1/runme.log
open_hw_manager
connect_hw_server -allow_non_jtag
INFO: [Labtools 27-2285] Connecting to hw_server url TCP:localhost:3121
INFO: [Labtools 27-2222] Launching hw_server...
INFO: [Labtools 27-2221] Launch Output:

****** Xilinx hw_server v2020.2
  **** Build date : Nov 18 2020 at 10:01:48
    ** Copyright 1986-2020 Xilinx, Inc. All Rights Reserved.


INFO: [Labtools 27-3415] Connecting to cs_server url TCP:localhost:3042
INFO: [Labtools 27-3417] Launching cs_server...
INFO: [Labtools 27-2221] Launch Output:


******** Xilinx cs_server v2020.2
  ****** Build date   : Nov 03 2020-13:02:56
    **** Build number : 2020.2.1604437376
      ** Copyright 2017-2020 Xilinx, Inc. All Rights Reserved.



connect_hw_server: Time (s): cpu = 00:00:01 ; elapsed = 00:00:12 . Memory (MB): peak = 1115.191 ; gain = 0.000
open_hw_target
INFO: [Labtoolstcl 44-466] Opening hw_target localhost:3121/xilinx_tcf/Digilent/210351B04BB2A
open_hw_target: Time (s): cpu = 00:00:06 ; elapsed = 00:00:09 . Memory (MB): peak = 2610.914 ; gain = 1495.723
set_property PROGRAM.FILE {C:/Users/George/Desktop/Github/Bronco Pong/Subsystems/project1-mypart/project_1.runs/impl_1/test_top.bit} [get_hw_devices xc7z020_1]
current_hw_device [get_hw_devices xc7z020_1]
refresh_hw_device -update_hw_probes false [lindex [get_hw_devices xc7z020_1] 0]
INFO: [Labtools 27-1434] Device xc7z020 (JTAG device index = 1) is programmed with a design that has no supported debug core(s) in it.
set_property PROBES.FILE {} [get_hw_devices xc7z020_1]
set_property FULL_PROBES.FILE {} [get_hw_devices xc7z020_1]
set_property PROGRAM.FILE {C:/Users/George/Desktop/Github/Bronco Pong/Subsystems/project1-mypart/project_1.runs/impl_1/test_top.bit} [get_hw_devices xc7z020_1]
program_hw_devices [get_hw_devices xc7z020_1]
ERROR: [Labtools 27-3303] Incorrect bitstream assigned to device. Bitfile is incompatible for this device.
INFO: [Labtools 27-3164] End of startup status: HIGH
ERROR: [Common 17-39] 'program_hw_devices' failed due to earlier errors.
close_hw_manager
copy_run -name synth_1_copy_1 [get_runs synth_1] 
synth_1_copy_1
set_property part xc7z020clg400-3 [current_project]
set_property is_enabled false [get_files  {{C:/Users/George/Desktop/Github/Bronco Pong/Subsystems/project1-mypart/project_1.srcs/sources_1/new/Actual_top.v}}]
reset_run synth_1
WARNING: [Vivado 12-1017] Problems encountered:
1. Failed to delete one or more files in run directory C:/Users/George/Desktop/Github/Bronco Pong/Subsystems/project1-mypart/project_1.runs/synth_1

launch_runs impl_1 -to_step write_bitstream -jobs 8
[Mon May 10 19:14:09 2021] Launched synth_1...
Run output will be captured here: C:/Users/George/Desktop/Github/Bronco Pong/Subsystems/project1-mypart/project_1.runs/synth_1/runme.log
[Mon May 10 19:14:10 2021] Launched impl_1...
Run output will be captured here: C:/Users/George/Desktop/Github/Bronco Pong/Subsystems/project1-mypart/project_1.runs/impl_1/runme.log
open_hw_manager
connect_hw_server -allow_non_jtag
INFO: [Labtools 27-2285] Connecting to hw_server url TCP:localhost:3121
INFO: [Labtools 27-2222] Launching hw_server...
INFO: [Labtools 27-2221] Launch Output:

****** Xilinx hw_server v2020.2
  **** Build date : Nov 18 2020 at 10:01:48
    ** Copyright 1986-2020 Xilinx, Inc. All Rights Reserved.


INFO: [Labtools 27-3415] Connecting to cs_server url TCP:localhost:3042
INFO: [Labtools 27-3417] Launching cs_server...
INFO: [Labtools 27-2221] Launch Output:


******** Xilinx cs_server v2020.2
  ****** Build date   : Nov 03 2020-13:02:56
    **** Build number : 2020.2.1604437376
      ** Copyright 2017-2020 Xilinx, Inc. All Rights Reserved.



connect_hw_server: Time (s): cpu = 00:00:00 ; elapsed = 00:00:11 . Memory (MB): peak = 2686.387 ; gain = 0.000
open_hw_target
INFO: [Labtoolstcl 44-466] Opening hw_target localhost:3121/xilinx_tcf/Digilent/210351B04BB2A
set_property PROGRAM.FILE {C:/Users/George/Desktop/Github/Bronco Pong/Subsystems/project1-mypart/project_1.runs/impl_1/test_top.bit} [get_hw_devices xc7z020_1]
current_hw_device [get_hw_devices xc7z020_1]
refresh_hw_device -update_hw_probes false [lindex [get_hw_devices xc7z020_1] 0]
INFO: [Labtools 27-1434] Device xc7z020 (JTAG device index = 1) is programmed with a design that has no supported debug core(s) in it.
set_property PROBES.FILE {} [get_hw_devices xc7z020_1]
set_property FULL_PROBES.FILE {} [get_hw_devices xc7z020_1]
set_property PROGRAM.FILE {C:/Users/George/Desktop/Github/Bronco Pong/Subsystems/project1-mypart/project_1.runs/impl_1/test_top.bit} [get_hw_devices xc7z020_1]
program_hw_devices [get_hw_devices xc7z020_1]
INFO: [Labtools 27-3164] End of startup status: HIGH
refresh_hw_device [lindex [get_hw_devices xc7z020_1] 0]
INFO: [Labtools 27-1434] Device xc7z020 (JTAG device index = 1) is programmed with a design that has no supported debug core(s) in it.
ERROR: [Labtoolstcl 44-513] HW Target shutdown. Closing target: localhost:3121/xilinx_tcf/Digilent/210351B04BB2A
exit
INFO: [Common 17-206] Exiting Vivado at Mon May 10 19:35:04 2021...
