#-----------------------------------------------------------
# Vivado v2020.2 (64-bit)
# SW Build 3064766 on Wed Nov 18 09:12:45 MST 2020
# IP Build 3064653 on Wed Nov 18 14:17:31 MST 2020
# Start of session at: Tue May  4 17:14:28 2021
# Process ID: 13252
# Current directory: C:/Users/Jonathan/Documents/project1-mypart
# Command line: vivado.exe -gui_launcher_event rodinguilauncherevent11804 C:\Users\Jonathan\Documents\project1-mypart\project_1.xpr
# Log file: C:/Users/Jonathan/Documents/project1-mypart/vivado.log
# Journal file: C:/Users/Jonathan/Documents/project1-mypart\vivado.jou
#-----------------------------------------------------------
start_gui
open_project C:/Users/Jonathan/Documents/project1-mypart/project_1.xpr
Scanning sources...
Finished scanning sources
INFO: [IP_Flow 19-234] Refreshing IP repositories
INFO: [IP_Flow 19-1704] No user IP repositories specified
INFO: [IP_Flow 19-2313] Loaded Vivado IP repository 'C:/Xilinx/Vivado/2020.2/data/ip'.
WARNING: [BD 41-1661] One or more IPs have been locked in the design 'VideoBuffer.bd'. Please run report_ip_status for more details and recommendations on how to fix this issue.
List of locked IPs:
VideoBuffer_blk_mem_gen_0_0

WARNING: [BD 41-1661] One or more IPs have been locked in the design 'clockGen.bd'. Please run report_ip_status for more details and recommendations on how to fix this issue.
List of locked IPs:
clockGen_clk_wiz_0_0

open_project: Time (s): cpu = 00:00:12 ; elapsed = 00:00:06 . Memory (MB): peak = 1127.371 ; gain = 0.000
update_compile_order -fileset sources_1
exit
INFO: [Common 17-206] Exiting Vivado at Tue May  4 17:19:47 2021...
