#-----------------------------------------------------------
# Vivado v2020.2 (64-bit)
# SW Build 3064766 on Wed Nov 18 09:12:45 MST 2020
# IP Build 3064653 on Wed Nov 18 14:17:31 MST 2020
# Start of session at: Mon May 10 16:21:25 2021
# Process ID: 11600
# Current directory: C:/Users/George/Desktop/Github/Bronco Pong/Subsystems/project1-mypart
# Command line: vivado.exe -gui_launcher_event rodinguilauncherevent24360 C:\Users\George\Desktop\Github\Bronco Pong\Subsystems\project1-mypart\project_1.xpr
# Log file: C:/Users/George/Desktop/Github/Bronco Pong/Subsystems/project1-mypart/vivado.log
# Journal file: C:/Users/George/Desktop/Github/Bronco Pong/Subsystems/project1-mypart\vivado.jou
#-----------------------------------------------------------
start_gui
open_project {C:/Users/George/Desktop/Github/Bronco Pong/Subsystems/project1-mypart/project_1.xpr}
INFO: [Project 1-313] Project file moved from 'C:/Users/Jonathan/Documents/project1-mypart' since last save.
Scanning sources...
Finished scanning sources
INFO: [IP_Flow 19-234] Refreshing IP repositories
INFO: [IP_Flow 19-1704] No user IP repositories specified
INFO: [IP_Flow 19-2313] Loaded Vivado IP repository 'G:/Vivado/2020.2/data/ip'.
WARNING: [BD 41-1661] One or more IPs have been locked in the design 'VideoBuffer.bd'. Please run report_ip_status for more details and recommendations on how to fix this issue.
List of locked IPs:
VideoBuffer_blk_mem_gen_0_0

WARNING: [BD 41-1661] One or more IPs have been locked in the design 'clockGen.bd'. Please run report_ip_status for more details and recommendations on how to fix this issue.
List of locked IPs:
clockGen_clk_wiz_0_0

open_project: Time (s): cpu = 00:00:16 ; elapsed = 00:00:07 . Memory (MB): peak = 1115.695 ; gain = 0.000
update_compile_order -fileset sources_1
open_bd_design {C:/Users/George/Desktop/Github/Bronco Pong/Subsystems/project1-mypart/project_1.srcs/sources_1/bd/VideoBuffer/VideoBuffer.bd}
Reading block design file <C:/Users/George/Desktop/Github/Bronco Pong/Subsystems/project1-mypart/project_1.srcs/sources_1/bd/VideoBuffer/VideoBuffer.bd>...
Adding component instance block -- xilinx.com:ip:blk_mem_gen:8.4 - blk_mem_gen_0
Successfully read diagram <VideoBuffer> from block design file <C:/Users/George/Desktop/Github/Bronco Pong/Subsystems/project1-mypart/project_1.srcs/sources_1/bd/VideoBuffer/VideoBuffer.bd>
WARNING: [IP_Flow 19-4067] Ignoring invalid widget type specified checkbox.Providing a default widget
WARNING: [IP_Flow 19-4067] Ignoring invalid widget type specified checkbox.Providing a default widget
exit
INFO: [Common 17-206] Exiting Vivado at Mon May 10 17:21:33 2021...
