#
# A fatal error has been detected by the Java Runtime Environment:
#
#  EXCEPTION_ACCESS_VIOLATION (0xc0000005) at pc=0x00007ff92d63f725, pid=21388, tid=23360
#
# JRE version: OpenJDK Runtime Environment (11.0.2+9) (build 11.0.2+9)
# Java VM: OpenJDK 64-Bit Server VM (11.0.2+9, mixed mode, tiered, compressed oops, g1 gc, windows-amd64)
# Problematic frame:
# C  [librdi_common.dll+0x13f725]
#
# No core dump will be written. Minidumps are not enabled by default on client versions of Windows
#
# If you would like to submit a bug report, please visit:
#   http://bugreport.java.com/bugreport/crash.jsp
# The crash happened outside the Java Virtual Machine in native code.
# See problematic frame for where to report the bug.
#

---------------  S U M M A R Y ------------

Command Line: -Dsun.java2d.pmoffscreen=false -Dhttps.protocols=TLSv1,TLSv1.1,TLSv1.2 -Dsun.java2d.xrender=false -Dsun.java2d.d3d=false -Dsun.awt.nopixfmt=true -Dsun.java2d.dpiaware=true -Dsun.java2d.uiScale.enabled=false -Xverify:none -Dswing.aatext=true -XX:-UsePerfData -Djdk.map.althashing.threshold=512 -XX:StringTableSize=4072 --add-opens=java.base/java.nio=ALL-UNNAMED --add-opens=java.desktop/sun.swing=ALL-UNNAMED --add-opens=java.desktop/javax.swing=ALL-UNNAMED --add-opens=java.desktop/javax.swing.tree=ALL-UNNAMED --add-opens=java.desktop/javax.swing.plaf.basic=ALL-UNNAMED --add-opens=java.desktop/javax.swing.plaf.synth=ALL-UNNAMED --add-opens=java.desktop/com.sun.awt=ALL-UNNAMED -XX:NewSize=60m -XX:MaxNewSize=60m -Xms128m -Xmx3072m -Xss5m 

Host: AMD Ryzen 7 1700 Eight-Core Processor          , 16 cores, 15G,  Windows 10 , 64 bit Build 19041 (10.0.19041.928)
Time: Mon May 17 18:16:17 2021 Pacific Daylight Time elapsed time: 208 seconds (0d 0h 3m 28s)

---------------  T H R E A D  ---------------

Current thread (0x000002281d825800):  JavaThread "AWT-EventQueue-0" [_thread_in_native, id=23360, stack(0x0000003a42000000,0x0000003a42500000)]

Stack: [0x0000003a42000000,0x0000003a42500000],  sp=0x0000003a424fc0f0,  free space=5104k
Native frames: (J=compiled Java code, j=interpreted, Vv=VM code, C=native code)
C  [librdi_common.dll+0x13f725]
C  [librdi_filemgmt.dll+0x15952e]
C  0x0000022810c9b8ad

Java frames: (J=compiled Java code, j=interpreted, Vv=VM code)
J 17067  ui.data.design.dai.FileSet_getName(J)Ljava/lang/String; (0 bytes) @ 0x0000022810c9b811 [0x0000022810c9b7c0+0x0000000000000051]
J 16699 c1 ui.data.design.D.getName()Ljava/lang/String; (8 bytes) @ 0x000002280acb7dd4 [0x000002280acb7cc0+0x0000000000000114]
j  ui.project.a.hKf()Ljava/lang/String;+71
j  ui.project.a.xr(Z)Ljava/lang/String;+95
j  ui.views.Q.aB.T(Lui/project/a;)V+347
j  ui.views.Q.aB.update()V+17
j  ui.views.Q.u.kdP()V+11
j  ui.bo.aIL()V+39
J 18952 c1 ui.views.cO.a(Lui/frmwork/a/a;)V (104 bytes) @ 0x0000022809db035c [0x0000022809daff40+0x000000000000041c]
J 19154 c1 ui.views.aq.a(Lui/frmwork/a/a;)V (655 bytes) @ 0x000002280a8ddf94 [0x000002280a8ddf00+0x0000000000000094]
J 18268 c1 ui.frmwork.a.c.j(Lui/frmwork/a/a;)V (94 bytes) @ 0x000002280b1edd04 [0x000002280b1ed400+0x0000000000000904]
J 18981 c1 ui.frmwork.a.c.b(Lui/frmwork/a/a;)V (60 bytes) @ 0x0000022809ddf3c4 [0x0000022809dded20+0x00000000000006a4]
j  ui.data.bt.c(Lui/frmwork/a/a;)V+5
j  ui.data.bt.M(Ljava/lang/Object;Ljava/lang/Object;)V+44
j  ui.data.bt.d(Ljava/util/Iterator;Ljava/lang/Object;)Ljava/util/ArrayList;+129
j  ui.utils.swing.x.d.c.removeSelectionPaths([Ljavax/swing/tree/TreePath;)V+71
j  javax.swing.JTree.removeDescendantSelectedPaths(Ljavax/swing/tree/TreePath;Z)Z+16 java.desktop@11.0.2
j  ui.utils.swing.x.a.removeDescendantSelectedPaths(Ljavax/swing/tree/TreePath;Z)Z+10
j  javax.swing.JTree$TreeModelHandler.treeStructureChanged(Ljavax/swing/event/TreeModelEvent;)V+202 java.desktop@11.0.2
j  com.jidesoft.tree.AbstractTreeModel.fireTreeStructureChanged(Ljava/lang/Object;[Ljava/lang/Object;[I[Ljava/lang/Object;)V+75
j  com.jidesoft.tree.DefaultTreeModelWrapper.treeStructureChanged(Ljavax/swing/event/TreeModelEvent;)V+50
j  com.jidesoft.tree.FilterableTreeModel.treeStructureChanged(Ljavax/swing/event/TreeModelEvent;)V+10
j  com.jidesoft.tree.AbstractTreeModel.fireTreeStructureChanged(Ljava/lang/Object;[Ljava/lang/Object;[I[Ljava/lang/Object;)V+75
j  com.jidesoft.tree.DefaultTreeModelWrapper.treeStructureChanged(Ljavax/swing/event/TreeModelEvent;)V+50
j  javax.swing.tree.DefaultTreeModel.fireTreeStructureChanged(Ljava/lang/Object;[Ljava/lang/Object;[I[Ljava/lang/Object;)V+65 java.desktop@11.0.2
j  javax.swing.tree.DefaultTreeModel.nodeStructureChanged(Ljavax/swing/tree/TreeNode;)V+13 java.desktop@11.0.2
j  ui.views.o.L.K(Lui/data/design/D;)V+44
j  ui.data.design.p.c(Lui/data/design/D;)V+100
j  ui.data.design.p.handleTclEvent(Lui/frmwork/a/l;)V+623
j  ui.frmwork.a.o.c(Lui/frmwork/a/l;)V+52
J 15725 c1 ui.frmwork.E.i(JZ)V (471 bytes) @ 0x000002280a370c54 [0x000002280a36c840+0x0000000000004414]
j  ui.frmwork.E.dQ(J)V+3
j  ui.frmwork.E$$Lambda$203.run()V+8
J 15026 c2 java.awt.event.InvocationEvent.dispatch()V java.desktop@11.0.2 (69 bytes) @ 0x00000228104c58ac [0x00000228104c56c0+0x00000000000001ec]
J 15311 c2 java.awt.EventQueue$4.run()Ljava/lang/Object; java.desktop@11.0.2 (5 bytes) @ 0x000002281072bc08 [0x000002281072b700+0x0000000000000508]
v  ~StubRoutines::call_stub
J 4732  java.security.AccessController.doPrivileged(Ljava/security/PrivilegedAction;Ljava/security/AccessControlContext;)Ljava/lang/Object; java.base@11.0.2 (0 bytes) @ 0x00000228100bd836 [0x00000228100bd7c0+0x0000000000000076]
J 14811 c2 java.awt.EventQueue.dispatchEvent(Ljava/awt/AWTEvent;)V java.desktop@11.0.2 (80 bytes) @ 0x0000022810370fcc [0x0000022810370a40+0x000000000000058c]
J 15373 c2 ui.frmwork.a.d.dispatchEvent(Ljava/awt/AWTEvent;)V (42 bytes) @ 0x0000022810759354 [0x0000022810759260+0x00000000000000f4]
J 16834 c2 java.awt.EventDispatchThread.pumpOneEventForFilters(I)V java.desktop@11.0.2 (113 bytes) @ 0x0000022810c04320 [0x0000022810c039a0+0x0000000000000980]
j  java.awt.EventDispatchThread.pumpEventsForFilter(ILjava/awt/Conditional;Ljava/awt/EventFilter;)V+35 java.desktop@11.0.2
j  java.awt.EventDispatchThread.pumpEventsForHierarchy(ILjava/awt/Conditional;Ljava/awt/Component;)V+11 java.desktop@11.0.2
j  java.awt.EventDispatchThread.pumpEvents(ILjava/awt/Conditional;)V+4 java.desktop@11.0.2
j  java.awt.EventDispatchThread.pumpEvents(Ljava/awt/Conditional;)V+3 java.desktop@11.0.2
j  java.awt.EventDispatchThread.run()V+9 java.desktop@11.0.2
v  ~StubRoutines::call_stub

siginfo: EXCEPTION_ACCESS_VIOLATION (0xc0000005), reading address 0x0000000000000058


Register to memory mapping:

RIP=0x00007ff92d63f725 librdi_common.dll
RAX=0x00000228775a4630 points into unknown readable memory: d0 79 b0 85 f9 7f 00 00
RBX=64 is a compressed pointer to class: 0x0000000800000040
RCX=0x12f2ac2a1d460000 is an unknown value
RDX=0x0000000000000018 is an unknown value
RSP=0x0000003a424fc0f0 is pointing into the stack for thread: 0x000002281d825800
RBP=0x0000003a424fc260 is pointing into the stack for thread: 0x000002281d825800
RSI=0x000002281d825b40 points into unknown readable memory: a0 1c fb 1b f9 7f 00 00
RDI=0x0000003a424fc1a0 is pointing into the stack for thread: 0x000002281d825800
R8 =0x0 is NULL
R9 =0x0000000000000005 is an unknown value
R10=0x00007ff9118a94c0 librdi_filemgmt.dll
R11=0x000002280acb7ce0 is at entry_point+32 in (nmethod*)0x000002280acb7b10
R12=0x0 is NULL
R13=0x0000003a424fc2c8 is pointing into the stack for thread: 0x000002281d825800
R14=0x0000003a424fc250 is pointing into the stack for thread: 0x000002281d825800
R15=0x000002281d825800 is a thread


Registers:
RAX=0x00000228775a4630, RBX=0x0000000000000040, RCX=0x12f2ac2a1d460000, RDX=0x0000000000000018
RSP=0x0000003a424fc0f0, RBP=0x0000003a424fc260, RSI=0x000002281d825b40, RDI=0x0000003a424fc1a0
R8 =0x0000000000000000, R9 =0x0000000000000005, R10=0x00007ff9118a94c0, R11=0x000002280acb7ce0
R12=0x0000000000000000, R13=0x0000003a424fc2c8, R14=0x0000003a424fc250, R15=0x000002281d825800
RIP=0x00007ff92d63f725, EFLAGS=0x0000000000010202

Top of Stack: (sp=0x0000003a424fc0f0)
0x0000003a424fc0f0:   0000022808249e67 000084c4d34d4e8a
0x0000003a424fc100:   0000000000000007 00000228106cc73c
0x0000003a424fc110:   000002282e9db230 00007ff9118a952e
0x0000003a424fc120:   0000022824589e00 0000022810ca04a6
0x0000003a424fc130:   000000074be7c428 000000074be7c3f8
0x0000003a424fc140:   000002281d825b40 fffffffffffffffe
0x0000003a424fc150:   000000074be7c478 000000074be7c448
0x0000003a424fc160:   000000074be7c448 00000228106c24ad
0x0000003a424fc170:   0000003a00000007 0000000800907188
0x0000003a424fc180:   0000000742384728 000002281e5bdef0
0x0000003a424fc190:   0000003a424fc2a0 000084c4d34d4e2a
0x0000003a424fc1a0:   0000000000010000 00000228106bedad
0x0000003a424fc1b0:   0000000000000000 0000000000000007
0x0000003a424fc1c0:   0000000742384728 0000000000000000
0x0000003a424fc1d0:   000000074be7bcc8 0000022810f5159c
0x0000003a424fc1e0:   0000000100000000 000084c4d34d4ffa 

Instructions: (pc=0x00007ff92d63f725)
0x00007ff92d63f705:   24 48 48 83 c4 30 5f c3 cc cc cc 48 89 5c 24 08
0x00007ff92d63f715:   57 48 83 ec 20 48 8b fa 48 8b d9 e8 eb 02 00 00
0x00007ff92d63f725:   48 83 7b 18 10 48 8b cb 72 03 48 8b 0b 48 8b 53
0x00007ff92d63f735:   10 4c 8b c8 48 03 d1 4c 8b c7 48 8b 5c 24 30 48 


Stack slot to memory mapping:
stack at sp + 0 slots: 0x0000022808249e67 is at code_begin+2343 in an Interpreter codelet
invoke return entry points  [0x0000022808249540, 0x0000022808249f40]  2560 bytes
stack at sp + 1 slots: 0x000084c4d34d4e8a is an unknown value
stack at sp + 2 slots: 0x0000000000000007 is an unknown value
stack at sp + 3 slots: 0x00000228106cc73c is at entry_point+892 in (nmethod*)0x00000228106cc210
stack at sp + 4 slots: 0x000002282e9db230 is pointing into metadata
stack at sp + 5 slots: 0x00007ff9118a952e librdi_filemgmt.dll
stack at sp + 6 slots: {method} {0x0000022824589e08} 'getName' '()Ljava/lang/String;' in 'ui/data/design/D'
stack at sp + 7 slots: 0x0000022810ca04a6 is at entry_point+230 in (nmethod*)0x0000022810ca0210


---------------  P R O C E S S  ---------------

Threads class SMR info:
_java_thread_list=0x000002285e8bbe70, length=36, elements={
0x0000022875561800, 0x000002286eed1000, 0x000002286ef35800, 0x000002286d97d800,
0x000002286d97e000, 0x000002286d97f000, 0x00000228771a5800, 0x00000228771a6800,
0x000002287231f000, 0x0000022877bca000, 0x00000228783e3800, 0x00000228783b9000,
0x00000228783ba000, 0x000002281c3fb000, 0x000002281d825800, 0x000002281e0ab800,
0x000002281c75a800, 0x000002281c929000, 0x000002281c8ee800, 0x000002281c8ed800,
0x000002281c8ec000, 0x000002281c8ec800, 0x000002282330a800, 0x0000022823309000,
0x0000022823305000, 0x0000022823307800, 0x000002282330c800, 0x0000022823306800,
0x0000022823312000, 0x000002282330e000, 0x0000022823310800, 0x000002282330e800,
0x000002284bf34000, 0x000002284bf3a800, 0x000002284bf30000, 0x000002284bf35800
}

Java Threads: ( => current thread )
  0x0000022875561800 JavaThread "main" [_thread_blocked, id=25752, stack(0x0000003a3b900000,0x0000003a3ba00000)]
  0x000002286eed1000 JavaThread "Reference Handler" daemon [_thread_blocked, id=14260, stack(0x0000003a3d700000,0x0000003a3dc00000)]
  0x000002286ef35800 JavaThread "Finalizer" daemon [_thread_blocked, id=14248, stack(0x0000003a3dc00000,0x0000003a3e100000)]
  0x000002286d97d800 JavaThread "Signal Dispatcher" daemon [_thread_blocked, id=24000, stack(0x0000003a3e100000,0x0000003a3e600000)]
  0x000002286d97e000 JavaThread "Attach Listener" daemon [_thread_blocked, id=23508, stack(0x0000003a3e600000,0x0000003a3eb00000)]
  0x000002286d97f000 JavaThread "C2 CompilerThread0" daemon [_thread_blocked, id=24756, stack(0x0000003a3eb00000,0x0000003a3ec00000)]
  0x00000228771a5800 JavaThread "C1 CompilerThread0" daemon [_thread_blocked, id=24940, stack(0x0000003a3ec00000,0x0000003a3ed00000)]
  0x00000228771a6800 JavaThread "Sweeper thread" daemon [_thread_blocked, id=11664, stack(0x0000003a3ed00000,0x0000003a3f200000)]
  0x000002287231f000 JavaThread "Common-Cleaner" daemon [_thread_blocked, id=14676, stack(0x0000003a3f500000,0x0000003a3fa00000)]
  0x0000022877bca000 JavaThread "Service Thread" daemon [_thread_blocked, id=17168, stack(0x0000003a3fa00000,0x0000003a3ff00000)]
  0x00000228783e3800 JavaThread "Java2D Disposer" daemon [_thread_blocked, id=19636, stack(0x0000003a40000000,0x0000003a40500000)]
  0x00000228783b9000 JavaThread "AWT-Shutdown" [_thread_blocked, id=6272, stack(0x0000003a40500000,0x0000003a40a00000)]
  0x00000228783ba000 JavaThread "AWT-Windows" daemon [_thread_in_native, id=20408, stack(0x0000003a40a00000,0x0000003a40f00000)]
  0x000002281c3fb000 JavaThread "TimerQueue" daemon [_thread_blocked, id=26720, stack(0x0000003a41100000,0x0000003a41600000)]
=>0x000002281d825800 JavaThread "AWT-EventQueue-0" [_thread_in_native, id=23360, stack(0x0000003a42000000,0x0000003a42500000)]
  0x000002281e0ab800 JavaThread "Thread-1" [_thread_in_native, id=27612, stack(0x0000003a3ba00000,0x0000003a3ce00000)]
  0x000002281c75a800 JavaThread "Process Messages Thread" [_thread_blocked, id=25892, stack(0x0000003a42a00000,0x0000003a42f00000)]
  0x000002281c929000 JavaThread "Batik CleanerThread" daemon [_thread_blocked, id=14132, stack(0x0000003a41b00000,0x0000003a42000000)]
  0x000002281c8ee800 JavaThread "SyntheticaCleanerThread" daemon [_thread_blocked, id=26440, stack(0x0000003a44200000,0x0000003a44700000)]
  0x000002281c8ed800 JavaThread "Monitor HEventQueue Thread" [_thread_blocked, id=22860, stack(0x0000003a44900000,0x0000003a44e00000)]
  0x000002281c8ec000 JavaThread "SyntheticaAnimation 50" daemon [_thread_blocked, id=10688, stack(0x0000003a44e00000,0x0000003a45300000)]
  0x000002281c8ec800 JavaThread "SyntheticaAnimation 25" daemon [_thread_blocked, id=25780, stack(0x0000003a45400000,0x0000003a45900000)]
  0x000002282330a800 JavaThread "SyntheticaAnimation 70" daemon [_thread_blocked, id=15912, stack(0x0000003a45e00000,0x0000003a46300000)]
  0x0000022823309000 JavaThread "Refresh Filesets Swing Worker Thread" [_thread_blocked, id=15184, stack(0x0000003a43d00000,0x0000003a44200000)]
  0x0000022823305000 JavaThread "hw_ila_monitor" [_thread_blocked, id=26496, stack(0x0000003a46300000,0x0000003a46800000)]
  0x0000022823307800 JavaThread "pool-2-thread-1" [_thread_blocked, id=2780, stack(0x0000003a41600000,0x0000003a41b00000)]
  0x000002282330c800 JavaThread "pool-3-thread-1" [_thread_blocked, id=1612, stack(0x0000003a47200000,0x0000003a47700000)]
  0x0000022823306800 JavaThread "pool-4-thread-1" [_thread_blocked, id=13676, stack(0x0000003a47700000,0x0000003a47c00000)]
  0x0000022823312000 JavaThread "pool-5-thread-1" [_thread_blocked, id=3268, stack(0x0000003a47c00000,0x0000003a48100000)]
  0x000002282330e000 JavaThread "pool-6-thread-1" [_thread_blocked, id=6548, stack(0x0000003a48100000,0x0000003a48600000)]
  0x0000022823310800 JavaThread "pool-7-thread-1" [_thread_blocked, id=16520, stack(0x0000003a48600000,0x0000003a48b00000)]
  0x000002282330e800 JavaThread "Update Runs Swing Worker Thread" [_thread_blocked, id=5280, stack(0x0000003a49000000,0x0000003a49500000)]
  0x000002284bf34000 JavaThread "SyntheticaAnimation 50" daemon [_thread_blocked, id=20772, stack(0x0000003a45900000,0x0000003a45e00000)]
  0x000002284bf3a800 JavaThread "Image Animator 0" daemon [_thread_blocked, id=27440, stack(0x0000003a49a00000,0x0000003a49f00000)]
  0x000002284bf30000 JavaThread "Reloading Thread" [_thread_blocked, id=1956, stack(0x0000003a49500000,0x0000003a49a00000)]
  0x000002284bf35800 JavaThread "Refresh Sources (EDT) Thread" [_thread_blocked, id=24704, stack(0x0000003a46d00000,0x0000003a47200000)]

Other Threads:
  0x000002286eabc000 VMThread "VM Thread" [stack: 0x0000003a3d600000,0x0000003a3d700000] [id=21828]
  0x0000022877bcf000 WatcherThread [stack: 0x0000003a3ff00000,0x0000003a40000000] [id=21224]
  0x000002286e908800 GCTaskThread "GC Thread#0" [stack: 0x0000003a3d100000,0x0000003a3d200000] [id=11204]
  0x000002281c675000 GCTaskThread "GC Thread#1" [stack: 0x0000003a42f00000,0x0000003a43000000] [id=25744]
  0x000002281d7ec000 GCTaskThread "GC Thread#2" [stack: 0x0000003a43000000,0x0000003a43100000] [id=16688]
  0x000002281b328000 GCTaskThread "GC Thread#3" [stack: 0x0000003a43100000,0x0000003a43200000] [id=23660]
  0x000002281b392800 GCTaskThread "GC Thread#4" [stack: 0x0000003a43200000,0x0000003a43300000] [id=25332]
  0x000002281b393000 GCTaskThread "GC Thread#5" [stack: 0x0000003a43300000,0x0000003a43400000] [id=22176]
  0x000002281df5a000 GCTaskThread "GC Thread#6" [stack: 0x0000003a43400000,0x0000003a43500000] [id=27208]
  0x000002281df5b000 GCTaskThread "GC Thread#7" [stack: 0x0000003a43500000,0x0000003a43600000] [id=25920]
  0x000002281e217800 GCTaskThread "GC Thread#8" [stack: 0x0000003a43600000,0x0000003a43700000] [id=27256]
  0x000002281e218000 GCTaskThread "GC Thread#9" [stack: 0x0000003a43700000,0x0000003a43800000] [id=25836]
  0x000002281b1b1800 GCTaskThread "GC Thread#10" [stack: 0x0000003a43800000,0x0000003a43900000] [id=26096]
  0x000002281b1b2800 GCTaskThread "GC Thread#11" [stack: 0x0000003a43900000,0x0000003a43a00000] [id=26568]
  0x000002282e2f8000 GCTaskThread "GC Thread#12" [stack: 0x0000003a41000000,0x0000003a41100000] [id=21840]
  0x0000022876caa000 ConcurrentGCThread "G1 Main Marker" [stack: 0x0000003a3d200000,0x0000003a3d300000] [id=23452]
  0x00000228705c5000 ConcurrentGCThread "G1 Conc#0" [stack: 0x0000003a3d300000,0x0000003a3d400000] [id=10136]
  0x000002281b430000 ConcurrentGCThread "G1 Conc#1" [stack: 0x0000003a43b00000,0x0000003a43c00000] [id=27412]
  0x000002281c9fc000 ConcurrentGCThread "G1 Conc#2" [stack: 0x0000003a43c00000,0x0000003a43d00000] [id=3532]
  0x00000228777f6000 ConcurrentGCThread "G1 Refine#0" [stack: 0x0000003a3d400000,0x0000003a3d500000] [id=26988]
  0x000002281df37800 ConcurrentGCThread "G1 Refine#1" [stack: 0x0000003a43a00000,0x0000003a43b00000] [id=24152]
  0x000002281b52e800 ConcurrentGCThread "G1 Refine#2" [stack: 0x0000003a42800000,0x0000003a42900000] [id=18496]
  0x00000228777f6800 ConcurrentGCThread "G1 Young RemSet Sampling" [stack: 0x0000003a3d500000,0x0000003a3d600000] [id=15248]

Threads with active compile tasks:

VM state:not at safepoint (normal execution)

VM Mutex/Monitor currently owned by a thread: None

Heap address: 0x0000000740000000, size: 3072 MB, Compressed Oops mode: Zero based, Oop shift amount: 3
Narrow klass base: 0x0000000800000000, Narrow klass shift: 0
Compressed class space size: 1073741824 Address: 0x0000000800000000

Heap:
 garbage-first heap   total 209920K, used 136457K [0x0000000740000000, 0x0000000800000000)
  region size 1024K, 16 young (16384K), 0 survivors (0K)
 Metaspace       used 99664K, capacity 102126K, committed 102280K, reserved 1136640K
  class space    used 13992K, capacity 15135K, committed 15232K, reserved 1048576K
Heap Regions: E=young(eden), S=young(survivor), O=old, HS=humongous(starts), HC=humongous(continues), CS=collection set, F=free, A=archive, TAMS=top-at-mark-start (previous, next)
|   0|0x0000000740000000, 0x0000000740100000, 0x0000000740100000|100%|HS|  |TAMS 0x0000000740000000, 0x0000000740000000| Untracked 
|   1|0x0000000740100000, 0x0000000740200000, 0x0000000740200000|100%|HC|  |TAMS 0x0000000740100000, 0x0000000740100000| Untracked 
|   2|0x0000000740200000, 0x0000000740300000, 0x0000000740300000|100%|HS|  |TAMS 0x0000000740200000, 0x0000000740200000| Untracked 
|   3|0x0000000740300000, 0x00000007403ffff8, 0x0000000740400000| 99%| O|  |TAMS 0x0000000740300000, 0x0000000740300000| Untracked 
|   4|0x0000000740400000, 0x00000007404ffff8, 0x0000000740500000| 99%| O|  |TAMS 0x0000000740400000, 0x0000000740400000| Untracked 
|   5|0x0000000740500000, 0x0000000740600000, 0x0000000740600000|100%| O|  |TAMS 0x0000000740500000, 0x0000000740500000| Untracked 
|   6|0x0000000740600000, 0x0000000740700000, 0x0000000740700000|100%| O|  |TAMS 0x0000000740600000, 0x0000000740600000| Untracked 
|   7|0x0000000740700000, 0x00000007407fffe0, 0x0000000740800000| 99%| O|  |TAMS 0x0000000740700000, 0x0000000740700000| Untracked 
|   8|0x0000000740800000, 0x00000007408ffff8, 0x0000000740900000| 99%| O|  |TAMS 0x0000000740800000, 0x0000000740800000| Untracked 
|   9|0x0000000740900000, 0x00000007409fffe8, 0x0000000740a00000| 99%| O|  |TAMS 0x0000000740900000, 0x0000000740900000| Untracked 
|  10|0x0000000740a00000, 0x0000000740b00000, 0x0000000740b00000|100%| O|  |TAMS 0x0000000740a00000, 0x0000000740a00000| Untracked 
|  11|0x0000000740b00000, 0x0000000740bfffe0, 0x0000000740c00000| 99%| O|  |TAMS 0x0000000740b00000, 0x0000000740b00000| Untracked 
|  12|0x0000000740c00000, 0x0000000740cfff20, 0x0000000740d00000| 99%| O|  |TAMS 0x0000000740c00000, 0x0000000740c00000| Untracked 
|  13|0x0000000740d00000, 0x0000000740dde100, 0x0000000740e00000| 86%| O|  |TAMS 0x0000000740d00000, 0x0000000740d00000| Untracked 
|  14|0x0000000740e00000, 0x0000000740eff4f0, 0x0000000740f00000| 99%| O|  |TAMS 0x0000000740e00000, 0x0000000740e00000| Untracked 
|  15|0x0000000740f00000, 0x0000000740fffee0, 0x0000000741000000| 99%| O|  |TAMS 0x0000000740f00000, 0x0000000740f00000| Untracked 
|  16|0x0000000741000000, 0x00000007410ffcb8, 0x0000000741100000| 99%| O|  |TAMS 0x0000000741000000, 0x0000000741000000| Untracked 
|  17|0x0000000741100000, 0x00000007411fffe8, 0x0000000741200000| 99%| O|  |TAMS 0x0000000741100000, 0x0000000741100000| Untracked 
|  18|0x0000000741200000, 0x00000007412ff9c8, 0x0000000741300000| 99%| O|  |TAMS 0x0000000741200000, 0x0000000741200000| Untracked 
|  19|0x0000000741300000, 0x00000007413ffff8, 0x0000000741400000| 99%| O|  |TAMS 0x0000000741300000, 0x0000000741300000| Untracked 
|  20|0x0000000741400000, 0x00000007414fff90, 0x0000000741500000| 99%| O|  |TAMS 0x0000000741400000, 0x0000000741400000| Untracked 
|  21|0x0000000741500000, 0x00000007415ffff0, 0x0000000741600000| 99%| O|  |TAMS 0x0000000741500000, 0x0000000741500000| Untracked 
|  22|0x0000000741600000, 0x00000007416ffff8, 0x0000000741700000| 99%| O|  |TAMS 0x0000000741600000, 0x0000000741600000| Untracked 
|  23|0x0000000741700000, 0x00000007417ffff0, 0x0000000741800000| 99%| O|  |TAMS 0x0000000741700000, 0x0000000741700000| Untracked 
|  24|0x0000000741800000, 0x00000007418ffff8, 0x0000000741900000| 99%| O|  |TAMS 0x0000000741800000, 0x0000000741800000| Untracked 
|  25|0x0000000741900000, 0x00000007419fffe0, 0x0000000741a00000| 99%| O|  |TAMS 0x0000000741900000, 0x0000000741900000| Untracked 
|  26|0x0000000741a00000, 0x0000000741affff8, 0x0000000741b00000| 99%| O|  |TAMS 0x0000000741a00000, 0x0000000741a00000| Untracked 
|  27|0x0000000741b00000, 0x0000000741bfaf08, 0x0000000741c00000| 98%| O|  |TAMS 0x0000000741b00000, 0x0000000741b00000| Untracked 
|  28|0x0000000741c00000, 0x0000000741cffff8, 0x0000000741d00000| 99%| O|  |TAMS 0x0000000741c00000, 0x0000000741c00000| Untracked 
|  29|0x0000000741d00000, 0x0000000741dffff0, 0x0000000741e00000| 99%| O|  |TAMS 0x0000000741d00000, 0x0000000741d00000| Untracked 
|  30|0x0000000741e00000, 0x0000000741effff8, 0x0000000741f00000| 99%| O|  |TAMS 0x0000000741e00000, 0x0000000741e00000| Untracked 
|  31|0x0000000741f00000, 0x0000000741ffffd8, 0x0000000742000000| 99%| O|  |TAMS 0x0000000741f00000, 0x0000000741f00000| Untracked 
|  32|0x0000000742000000, 0x00000007420fb688, 0x0000000742100000| 98%| O|  |TAMS 0x0000000742000000, 0x0000000742000000| Untracked 
|  33|0x0000000742100000, 0x00000007421ffff8, 0x0000000742200000| 99%| O|  |TAMS 0x0000000742100000, 0x0000000742100000| Untracked 
|  34|0x0000000742200000, 0x00000007422fdad8, 0x0000000742300000| 99%| O|  |TAMS 0x0000000742200000, 0x0000000742200000| Untracked 
|  35|0x0000000742300000, 0x00000007423ffff8, 0x0000000742400000| 99%| O|  |TAMS 0x0000000742300000, 0x0000000742300000| Untracked 
|  36|0x0000000742400000, 0x00000007424fffd0, 0x0000000742500000| 99%| O|  |TAMS 0x0000000742400000, 0x0000000742400000| Untracked 
|  37|0x0000000742500000, 0x00000007425fffe8, 0x0000000742600000| 99%| O|  |TAMS 0x0000000742500000, 0x0000000742500000| Untracked 
|  38|0x0000000742600000, 0x0000000742700000, 0x0000000742700000|100%| O|  |TAMS 0x0000000742600000, 0x0000000742600000| Untracked 
|  39|0x0000000742700000, 0x00000007427fffd0, 0x0000000742800000| 99%| O|  |TAMS 0x0000000742700000, 0x0000000742700000| Untracked 
|  40|0x0000000742800000, 0x0000000742900000, 0x0000000742900000|100%|HS|  |TAMS 0x0000000742800000, 0x0000000742800000| Untracked 
|  41|0x0000000742900000, 0x0000000742a00000, 0x0000000742a00000|100%|HC|  |TAMS 0x0000000742900000, 0x0000000742900000| Untracked 
|  42|0x0000000742a00000, 0x0000000742b00000, 0x0000000742b00000|100%|HC|  |TAMS 0x0000000742a00000, 0x0000000742a00000| Untracked 
|  43|0x0000000742b00000, 0x0000000742c00000, 0x0000000742c00000|100%|HC|  |TAMS 0x0000000742b00000, 0x0000000742b00000| Untracked 
|  44|0x0000000742c00000, 0x0000000742d00000, 0x0000000742d00000|100%|HC|  |TAMS 0x0000000742c00000, 0x0000000742c00000| Untracked 
|  45|0x0000000742d00000, 0x0000000742e00000, 0x0000000742e00000|100%|HC|  |TAMS 0x0000000742d00000, 0x0000000742d00000| Untracked 
|  46|0x0000000742e00000, 0x0000000742f00000, 0x0000000742f00000|100%|HC|  |TAMS 0x0000000742e00000, 0x0000000742e00000| Untracked 
|  47|0x0000000742f00000, 0x0000000743000000, 0x0000000743000000|100%|HC|  |TAMS 0x0000000742f00000, 0x0000000742f00000| Untracked 
|  48|0x0000000743000000, 0x00000007430ffff0, 0x0000000743100000| 99%| O|  |TAMS 0x0000000743000000, 0x0000000743000000| Untracked 
|  49|0x0000000743100000, 0x00000007431ffff0, 0x0000000743200000| 99%| O|  |TAMS 0x0000000743100000, 0x0000000743100000| Untracked 
|  50|0x0000000743200000, 0x00000007432fffe0, 0x0000000743300000| 99%| O|  |TAMS 0x0000000743200000, 0x0000000743200000| Untracked 
|  51|0x0000000743300000, 0x0000000743400000, 0x0000000743400000|100%| O|  |TAMS 0x0000000743300000, 0x0000000743300000| Untracked 
|  52|0x0000000743400000, 0x00000007434ffff0, 0x0000000743500000| 99%| O|  |TAMS 0x0000000743400000, 0x0000000743400000| Untracked 
|  53|0x0000000743500000, 0x00000007435ffff0, 0x0000000743600000| 99%| O|  |TAMS 0x0000000743500000, 0x0000000743500000| Untracked 
|  54|0x0000000743600000, 0x00000007436ffff0, 0x0000000743700000| 99%| O|  |TAMS 0x0000000743600000, 0x0000000743600000| Untracked 
|  55|0x0000000743700000, 0x00000007437ffec8, 0x0000000743800000| 99%| O|  |TAMS 0x0000000743700000, 0x0000000743700000| Untracked 
|  56|0x0000000743800000, 0x0000000743900000, 0x0000000743900000|100%| O|  |TAMS 0x0000000743800000, 0x0000000743800000| Untracked 
|  57|0x0000000743900000, 0x0000000743a00000, 0x0000000743a00000|100%| O|  |TAMS 0x0000000743900000, 0x0000000743900000| Untracked 
|  58|0x0000000743a00000, 0x0000000743affff0, 0x0000000743b00000| 99%| O|  |TAMS 0x0000000743a00000, 0x0000000743a00000| Untracked 
|  59|0x0000000743b00000, 0x0000000743bfffe8, 0x0000000743c00000| 99%| O|  |TAMS 0x0000000743b00000, 0x0000000743b00000| Untracked 
|  60|0x0000000743c00000, 0x0000000743d00000, 0x0000000743d00000|100%| O|  |TAMS 0x0000000743c00000, 0x0000000743c00000| Untracked 
|  61|0x0000000743d00000, 0x0000000743dfff18, 0x0000000743e00000| 99%| O|  |TAMS 0x0000000743d00000, 0x0000000743d00000| Untracked 
|  62|0x0000000743e00000, 0x0000000743effe88, 0x0000000743f00000| 99%| O|  |TAMS 0x0000000743e00000, 0x0000000743e00000| Untracked 
|  63|0x0000000743f00000, 0x0000000743fffff0, 0x0000000744000000| 99%| O|  |TAMS 0x0000000743f00000, 0x0000000743f00000| Untracked 
|  64|0x0000000744000000, 0x00000007440ffff0, 0x0000000744100000| 99%| O|  |TAMS 0x0000000744000000, 0x0000000744000000| Untracked 
|  65|0x0000000744100000, 0x00000007441ffff8, 0x0000000744200000| 99%| O|  |TAMS 0x0000000744100000, 0x0000000744100000| Untracked 
|  66|0x0000000744200000, 0x00000007442ffff8, 0x0000000744300000| 99%| O|  |TAMS 0x0000000744200000, 0x0000000744200000| Untracked 
|  67|0x0000000744300000, 0x00000007443fe958, 0x0000000744400000| 99%| O|  |TAMS 0x0000000744300000, 0x0000000744300000| Untracked 
|  68|0x0000000744400000, 0x00000007444ffff8, 0x0000000744500000| 99%| O|  |TAMS 0x0000000744400000, 0x0000000744400000| Untracked 
|  69|0x0000000744500000, 0x00000007445fffe8, 0x0000000744600000| 99%| O|  |TAMS 0x0000000744500000, 0x0000000744500000| Untracked 
|  70|0x0000000744600000, 0x0000000744700000, 0x0000000744700000|100%| O|  |TAMS 0x0000000744600000, 0x0000000744600000| Untracked 
|  71|0x0000000744700000, 0x00000007447ffff0, 0x0000000744800000| 99%| O|  |TAMS 0x0000000744700000, 0x0000000744700000| Untracked 
|  72|0x0000000744800000, 0x0000000744900000, 0x0000000744900000|100%| O|  |TAMS 0x0000000744800000, 0x0000000744800000| Untracked 
|  73|0x0000000744900000, 0x00000007449fffe0, 0x0000000744a00000| 99%| O|  |TAMS 0x0000000744900000, 0x0000000744900000| Untracked 
|  74|0x0000000744a00000, 0x0000000744afffc0, 0x0000000744b00000| 99%| O|  |TAMS 0x0000000744a00000, 0x0000000744a00000| Untracked 
|  75|0x0000000744b00000, 0x0000000744bfffd8, 0x0000000744c00000| 99%| O|  |TAMS 0x0000000744b00000, 0x0000000744b00000| Untracked 
|  76|0x0000000744c00000, 0x0000000744cffff8, 0x0000000744d00000| 99%| O|  |TAMS 0x0000000744c00000, 0x0000000744c00000| Untracked 
|  77|0x0000000744d00000, 0x0000000744dfffe0, 0x0000000744e00000| 99%| O|  |TAMS 0x0000000744d00000, 0x0000000744d00000| Untracked 
|  78|0x0000000744e00000, 0x0000000744effff8, 0x0000000744f00000| 99%| O|  |TAMS 0x0000000744e00000, 0x0000000744e00000| Untracked 
|  79|0x0000000744f00000, 0x0000000744ffd368, 0x0000000745000000| 98%| O|  |TAMS 0x0000000744f00000, 0x0000000744f00000| Untracked 
|  80|0x0000000745000000, 0x00000007450fffe8, 0x0000000745100000| 99%| O|  |TAMS 0x0000000745000000, 0x0000000745000000| Untracked 
|  81|0x0000000745100000, 0x00000007451ffff8, 0x0000000745200000| 99%| O|  |TAMS 0x0000000745100000, 0x0000000745100000| Untracked 
|  82|0x0000000745200000, 0x0000000745300000, 0x0000000745300000|100%| O|  |TAMS 0x0000000745200000, 0x0000000745200000| Untracked 
|  83|0x0000000745300000, 0x00000007453fffe0, 0x0000000745400000| 99%| O|  |TAMS 0x0000000745300000, 0x0000000745300000| Untracked 
|  84|0x0000000745400000, 0x00000007454ffff0, 0x0000000745500000| 99%| O|  |TAMS 0x0000000745400000, 0x0000000745400000| Untracked 
|  85|0x0000000745500000, 0x00000007455ffff0, 0x0000000745600000| 99%| O|  |TAMS 0x0000000745500000, 0x0000000745500000| Untracked 
|  86|0x0000000745600000, 0x00000007456ff680, 0x0000000745700000| 99%| O|  |TAMS 0x0000000745600000, 0x0000000745600000| Untracked 
|  87|0x0000000745700000, 0x00000007457fa9e0, 0x0000000745800000| 97%| O|  |TAMS 0x0000000745700000, 0x0000000745700000| Untracked 
|  88|0x0000000745800000, 0x00000007458ffff8, 0x0000000745900000| 99%| O|  |TAMS 0x0000000745800000, 0x0000000745800000| Untracked 
|  89|0x0000000745900000, 0x0000000745a00000, 0x0000000745a00000|100%| O|  |TAMS 0x0000000745900000, 0x0000000745900000| Untracked 
|  90|0x0000000745a00000, 0x0000000745affff8, 0x0000000745b00000| 99%| O|  |TAMS 0x0000000745a00000, 0x0000000745a00000| Untracked 
|  91|0x0000000745b00000, 0x0000000745bfffe8, 0x0000000745c00000| 99%| O|  |TAMS 0x0000000745b00000, 0x0000000745b00000| Untracked 
|  92|0x0000000745c00000, 0x0000000745cffe40, 0x0000000745d00000| 99%| O|  |TAMS 0x0000000745c00000, 0x0000000745c00000| Untracked 
|  93|0x0000000745d00000, 0x0000000745e00000, 0x0000000745e00000|100%| O|  |TAMS 0x0000000745d00000, 0x0000000745d00000| Untracked 
|  94|0x0000000745e00000, 0x0000000745effff8, 0x0000000745f00000| 99%| O|  |TAMS 0x0000000745e00000, 0x0000000745e00000| Untracked 
|  95|0x0000000745f00000, 0x0000000745ffffe0, 0x0000000746000000| 99%| O|  |TAMS 0x0000000745f00000, 0x0000000745f00000| Untracked 
|  96|0x0000000746000000, 0x00000007460fffe8, 0x0000000746100000| 99%| O|  |TAMS 0x0000000746000000, 0x0000000746000000| Untracked 
|  97|0x0000000746100000, 0x00000007461ffff0, 0x0000000746200000| 99%| O|  |TAMS 0x0000000746100000, 0x0000000746100000| Untracked 
|  98|0x0000000746200000, 0x00000007462ff8d8, 0x0000000746300000| 99%| O|  |TAMS 0x0000000746200000, 0x0000000746200000| Untracked 
|  99|0x0000000746300000, 0x00000007463ffff8, 0x0000000746400000| 99%| O|  |TAMS 0x0000000746300000, 0x0000000746300000| Untracked 
| 100|0x0000000746400000, 0x0000000746500000, 0x0000000746500000|100%| O|  |TAMS 0x0000000746400000, 0x0000000746400000| Untracked 
| 101|0x0000000746500000, 0x00000007465ffdd0, 0x0000000746600000| 99%| O|  |TAMS 0x0000000746500000, 0x0000000746500000| Untracked 
| 102|0x0000000746600000, 0x00000007466e0288, 0x0000000746700000| 87%| O|  |TAMS 0x0000000746600000, 0x0000000746600000| Untracked 
| 103|0x0000000746700000, 0x00000007467fffe0, 0x0000000746800000| 99%| O|  |TAMS 0x0000000746700000, 0x0000000746700000| Untracked 
| 104|0x0000000746800000, 0x00000007468fffd8, 0x0000000746900000| 99%| O|  |TAMS 0x0000000746800000, 0x0000000746800000| Untracked 
| 105|0x0000000746900000, 0x0000000746a00000, 0x0000000746a00000|100%| O|  |TAMS 0x0000000746900000, 0x0000000746900000| Untracked 
| 106|0x0000000746a00000, 0x0000000746b00000, 0x0000000746b00000|100%|HS|  |TAMS 0x0000000746a00000, 0x0000000746a00000| Untracked 
| 107|0x0000000746b00000, 0x0000000746c00000, 0x0000000746c00000|100%|HC|  |TAMS 0x0000000746b00000, 0x0000000746b00000| Untracked 
| 108|0x0000000746c00000, 0x0000000746d00000, 0x0000000746d00000|100%|HC|  |TAMS 0x0000000746c00000, 0x0000000746c00000| Untracked 
| 109|0x0000000746d00000, 0x0000000746e00000, 0x0000000746e00000|100%|HC|  |TAMS 0x0000000746d00000, 0x0000000746d00000| Untracked 
| 110|0x0000000746e00000, 0x0000000746f00000, 0x0000000746f00000|100%|HC|  |TAMS 0x0000000746e00000, 0x0000000746e00000| Untracked 
| 111|0x0000000746f00000, 0x0000000747000000, 0x0000000747000000|100%|HC|  |TAMS 0x0000000746f00000, 0x0000000746f00000| Untracked 
| 112|0x0000000747000000, 0x0000000747100000, 0x0000000747100000|100%|HC|  |TAMS 0x0000000747000000, 0x0000000747000000| Untracked 
| 113|0x0000000747100000, 0x0000000747200000, 0x0000000747200000|100%|HC|  |TAMS 0x0000000747100000, 0x0000000747100000| Untracked 
| 114|0x0000000747200000, 0x00000007472d2de0, 0x0000000747300000| 82%| O|  |TAMS 0x0000000747200000, 0x0000000747200000| Untracked 
| 115|0x0000000747300000, 0x00000007473ff058, 0x0000000747400000| 99%| O|  |TAMS 0x0000000747300000, 0x0000000747300000| Untracked 
| 116|0x0000000747400000, 0x00000007474a6620, 0x0000000747500000| 64%| O|  |TAMS 0x0000000747400000, 0x0000000747400000| Untracked 
| 117|0x0000000747500000, 0x0000000747500000, 0x0000000747600000|  0%| F|  |TAMS 0x0000000747500000, 0x0000000747500000| Untracked 
| 118|0x0000000747600000, 0x0000000747600000, 0x0000000747700000|  0%| F|  |TAMS 0x0000000747600000, 0x0000000747600000| Untracked 
| 119|0x0000000747700000, 0x0000000747700000, 0x0000000747800000|  0%| F|  |TAMS 0x0000000747700000, 0x0000000747700000| Untracked 
| 120|0x0000000747800000, 0x0000000747800000, 0x0000000747900000|  0%| F|  |TAMS 0x0000000747800000, 0x0000000747800000| Untracked 
| 121|0x0000000747900000, 0x0000000747900000, 0x0000000747a00000|  0%| F|  |TAMS 0x0000000747900000, 0x0000000747900000| Untracked 
| 122|0x0000000747a00000, 0x0000000747a00000, 0x0000000747b00000|  0%| F|  |TAMS 0x0000000747a00000, 0x0000000747a00000| Untracked 
| 123|0x0000000747b00000, 0x0000000747b00000, 0x0000000747c00000|  0%| F|  |TAMS 0x0000000747b00000, 0x0000000747b00000| Untracked 
| 124|0x0000000747c00000, 0x0000000747c1c500, 0x0000000747d00000| 11%| O|  |TAMS 0x0000000747c00000, 0x0000000747c00000| Untracked 
| 125|0x0000000747d00000, 0x0000000747d487d0, 0x0000000747e00000| 28%| O|  |TAMS 0x0000000747d00000, 0x0000000747d00000| Untracked 
| 126|0x0000000747e00000, 0x0000000747e00000, 0x0000000747f00000|  0%| F|  |TAMS 0x0000000747e00000, 0x0000000747e00000| Untracked 
| 127|0x0000000747f00000, 0x0000000747f00000, 0x0000000748000000|  0%| F|  |TAMS 0x0000000747f00000, 0x0000000747f00000| Untracked 
| 128|0x0000000748000000, 0x0000000748000000, 0x0000000748100000|  0%| F|  |TAMS 0x0000000748000000, 0x0000000748000000| Untracked 
| 129|0x0000000748100000, 0x0000000748100000, 0x0000000748200000|  0%| F|  |TAMS 0x0000000748100000, 0x0000000748100000| Untracked 
| 130|0x0000000748200000, 0x0000000748200000, 0x0000000748300000|  0%| F|  |TAMS 0x0000000748200000, 0x0000000748200000| Untracked 
| 131|0x0000000748300000, 0x0000000748300000, 0x0000000748400000|  0%| F|  |TAMS 0x0000000748300000, 0x0000000748300000| Untracked 
| 132|0x0000000748400000, 0x0000000748400000, 0x0000000748500000|  0%| F|  |TAMS 0x0000000748400000, 0x0000000748400000| Untracked 
| 133|0x0000000748500000, 0x0000000748500000, 0x0000000748600000|  0%| F|  |TAMS 0x0000000748500000, 0x0000000748500000| Untracked 
| 134|0x0000000748600000, 0x0000000748600000, 0x0000000748700000|  0%| F|  |TAMS 0x0000000748600000, 0x0000000748600000| Untracked 
| 135|0x0000000748700000, 0x0000000748700000, 0x0000000748800000|  0%| F|  |TAMS 0x0000000748700000, 0x0000000748700000| Untracked 
| 136|0x0000000748800000, 0x0000000748800000, 0x0000000748900000|  0%| F|  |TAMS 0x0000000748800000, 0x0000000748800000| Untracked 
| 137|0x0000000748900000, 0x0000000748900000, 0x0000000748a00000|  0%| F|  |TAMS 0x0000000748900000, 0x0000000748900000| Untracked 
| 138|0x0000000748a00000, 0x0000000748a00000, 0x0000000748b00000|  0%| F|  |TAMS 0x0000000748a00000, 0x0000000748a00000| Untracked 
| 139|0x0000000748b00000, 0x0000000748b00000, 0x0000000748c00000|  0%| F|  |TAMS 0x0000000748b00000, 0x0000000748b00000| Untracked 
| 140|0x0000000748c00000, 0x0000000748c00000, 0x0000000748d00000|  0%| F|  |TAMS 0x0000000748c00000, 0x0000000748c00000| Untracked 
| 141|0x0000000748d00000, 0x0000000748dffff0, 0x0000000748e00000| 99%| O|  |TAMS 0x0000000748d00000, 0x0000000748d00000| Untracked 
| 142|0x0000000748e00000, 0x0000000748e00000, 0x0000000748f00000|  0%| F|  |TAMS 0x0000000748e00000, 0x0000000748e00000| Untracked 
| 143|0x0000000748f00000, 0x0000000748f00000, 0x0000000749000000|  0%| F|  |TAMS 0x0000000748f00000, 0x0000000748f00000| Untracked 
| 144|0x0000000749000000, 0x0000000749000000, 0x0000000749100000|  0%| F|  |TAMS 0x0000000749000000, 0x0000000749000000| Untracked 
| 145|0x0000000749100000, 0x000000074917ee00, 0x0000000749200000| 49%| O|  |TAMS 0x0000000749100000, 0x0000000749100000| Untracked 
| 146|0x0000000749200000, 0x0000000749200000, 0x0000000749300000|  0%| F|  |TAMS 0x0000000749200000, 0x0000000749200000| Untracked 
| 147|0x0000000749300000, 0x0000000749300000, 0x0000000749400000|  0%| F|  |TAMS 0x0000000749300000, 0x0000000749300000| Untracked 
| 148|0x0000000749400000, 0x0000000749400000, 0x0000000749500000|  0%| F|  |TAMS 0x0000000749400000, 0x0000000749400000| Untracked 
| 149|0x0000000749500000, 0x0000000749500000, 0x0000000749600000|  0%| F|  |TAMS 0x0000000749500000, 0x0000000749500000| Untracked 
| 150|0x0000000749600000, 0x0000000749600000, 0x0000000749700000|  0%| F|  |TAMS 0x0000000749600000, 0x0000000749600000| Untracked 
| 151|0x0000000749700000, 0x000000074971b000, 0x0000000749800000| 10%| O|  |TAMS 0x0000000749700000, 0x0000000749700000| Untracked 
| 152|0x0000000749800000, 0x0000000749800000, 0x0000000749900000|  0%| F|  |TAMS 0x0000000749800000, 0x0000000749800000| Untracked 
| 153|0x0000000749900000, 0x0000000749900000, 0x0000000749a00000|  0%| F|  |TAMS 0x0000000749900000, 0x0000000749900000| Untracked 
| 154|0x0000000749a00000, 0x0000000749a26090, 0x0000000749b00000| 14%| O|  |TAMS 0x0000000749a00000, 0x0000000749a00000| Untracked 
| 155|0x0000000749b00000, 0x0000000749b00000, 0x0000000749c00000|  0%| F|  |TAMS 0x0000000749b00000, 0x0000000749b00000| Untracked 
| 156|0x0000000749c00000, 0x0000000749c00000, 0x0000000749d00000|  0%| F|  |TAMS 0x0000000749c00000, 0x0000000749c00000| Untracked 
| 157|0x0000000749d00000, 0x0000000749d00000, 0x0000000749e00000|  0%| F|  |TAMS 0x0000000749d00000, 0x0000000749d00000| Untracked 
| 158|0x0000000749e00000, 0x0000000749e00000, 0x0000000749f00000|  0%| F|  |TAMS 0x0000000749e00000, 0x0000000749e00000| Untracked 
| 159|0x0000000749f00000, 0x0000000749f00000, 0x000000074a000000|  0%| F|  |TAMS 0x0000000749f00000, 0x0000000749f00000| Untracked 
| 160|0x000000074a000000, 0x000000074a000000, 0x000000074a100000|  0%| F|  |TAMS 0x000000074a000000, 0x000000074a000000| Untracked 
| 161|0x000000074a100000, 0x000000074a100000, 0x000000074a200000|  0%| F|  |TAMS 0x000000074a100000, 0x000000074a100000| Untracked 
| 162|0x000000074a200000, 0x000000074a200000, 0x000000074a300000|  0%| F|  |TAMS 0x000000074a200000, 0x000000074a200000| Untracked 
| 163|0x000000074a300000, 0x000000074a300000, 0x000000074a400000|  0%| F|  |TAMS 0x000000074a300000, 0x000000074a300000| Untracked 
| 164|0x000000074a400000, 0x000000074a400000, 0x000000074a500000|  0%| F|  |TAMS 0x000000074a400000, 0x000000074a400000| Untracked 
| 165|0x000000074a500000, 0x000000074a500000, 0x000000074a600000|  0%| F|  |TAMS 0x000000074a500000, 0x000000074a500000| Untracked 
| 166|0x000000074a600000, 0x000000074a600000, 0x000000074a700000|  0%| F|  |TAMS 0x000000074a600000, 0x000000074a600000| Untracked 
| 167|0x000000074a700000, 0x000000074a700000, 0x000000074a800000|  0%| F|  |TAMS 0x000000074a700000, 0x000000074a700000| Untracked 
| 168|0x000000074a800000, 0x000000074a800000, 0x000000074a900000|  0%| F|  |TAMS 0x000000074a800000, 0x000000074a800000| Untracked 
| 169|0x000000074a900000, 0x000000074a900000, 0x000000074aa00000|  0%| F|  |TAMS 0x000000074a900000, 0x000000074a900000| Untracked 
| 170|0x000000074aa00000, 0x000000074aa00000, 0x000000074ab00000|  0%| F|  |TAMS 0x000000074aa00000, 0x000000074aa00000| Untracked 
| 171|0x000000074ab00000, 0x000000074ab00000, 0x000000074ac00000|  0%| F|  |TAMS 0x000000074ab00000, 0x000000074ab00000| Untracked 
| 172|0x000000074ac00000, 0x000000074ac00000, 0x000000074ad00000|  0%| F|  |TAMS 0x000000074ac00000, 0x000000074ac00000| Untracked 
| 173|0x000000074ad00000, 0x000000074ad00000, 0x000000074ae00000|  0%| F|  |TAMS 0x000000074ad00000, 0x000000074ad00000| Untracked 
| 174|0x000000074ae00000, 0x000000074ae00000, 0x000000074af00000|  0%| F|  |TAMS 0x000000074ae00000, 0x000000074ae00000| Untracked 
| 175|0x000000074af00000, 0x000000074af00000, 0x000000074b000000|  0%| F|  |TAMS 0x000000074af00000, 0x000000074af00000| Untracked 
| 176|0x000000074b000000, 0x000000074b000000, 0x000000074b100000|  0%| F|  |TAMS 0x000000074b000000, 0x000000074b000000| Untracked 
| 177|0x000000074b100000, 0x000000074b100000, 0x000000074b200000|  0%| F|  |TAMS 0x000000074b100000, 0x000000074b100000| Untracked 
| 178|0x000000074b200000, 0x000000074b200000, 0x000000074b300000|  0%| F|  |TAMS 0x000000074b200000, 0x000000074b200000| Untracked 
| 179|0x000000074b300000, 0x000000074b300000, 0x000000074b400000|  0%| F|  |TAMS 0x000000074b300000, 0x000000074b300000| Untracked 
| 180|0x000000074b400000, 0x000000074b400000, 0x000000074b500000|  0%| F|  |TAMS 0x000000074b400000, 0x000000074b400000| Untracked 
| 181|0x000000074b500000, 0x000000074b500000, 0x000000074b600000|  0%| F|  |TAMS 0x000000074b500000, 0x000000074b500000| Untracked 
| 182|0x000000074b600000, 0x000000074b600000, 0x000000074b700000|  0%| F|  |TAMS 0x000000074b600000, 0x000000074b600000| Untracked 
| 183|0x000000074b700000, 0x000000074b700000, 0x000000074b800000|  0%| F|  |TAMS 0x000000074b700000, 0x000000074b700000| Untracked 
| 184|0x000000074b800000, 0x000000074b800000, 0x000000074b900000|  0%| F|  |TAMS 0x000000074b800000, 0x000000074b800000| Untracked 
| 185|0x000000074b900000, 0x000000074b900000, 0x000000074ba00000|  0%| F|  |TAMS 0x000000074b900000, 0x000000074b900000| Untracked 
| 186|0x000000074ba00000, 0x000000074ba00000, 0x000000074bb00000|  0%| F|  |TAMS 0x000000074ba00000, 0x000000074ba00000| Untracked 
| 187|0x000000074bb00000, 0x000000074bb00000, 0x000000074bc00000|  0%| F|  |TAMS 0x000000074bb00000, 0x000000074bb00000| Untracked 
| 188|0x000000074bc00000, 0x000000074bc00000, 0x000000074bd00000|  0%| F|  |TAMS 0x000000074bc00000, 0x000000074bc00000| Untracked 
| 189|0x000000074bd00000, 0x000000074bd672d8, 0x000000074be00000| 40%| E|  |TAMS 0x000000074bd00000, 0x000000074bd00000| Complete 
| 190|0x000000074be00000, 0x000000074bf00000, 0x000000074bf00000|100%| E|CS|TAMS 0x000000074be00000, 0x000000074be00000| Complete 
| 191|0x000000074bf00000, 0x000000074c000000, 0x000000074c000000|100%| E|CS|TAMS 0x000000074bf00000, 0x000000074bf00000| Complete 
| 192|0x000000074c000000, 0x000000074c100000, 0x000000074c100000|100%| E|CS|TAMS 0x000000074c000000, 0x000000074c000000| Complete 
| 193|0x000000074c100000, 0x000000074c200000, 0x000000074c200000|100%| E|CS|TAMS 0x000000074c100000, 0x000000074c100000| Complete 
| 194|0x000000074c200000, 0x000000074c300000, 0x000000074c300000|100%| E|CS|TAMS 0x000000074c200000, 0x000000074c200000| Complete 
| 195|0x000000074c300000, 0x000000074c400000, 0x000000074c400000|100%| E|CS|TAMS 0x000000074c300000, 0x000000074c300000| Complete 
| 196|0x000000074c400000, 0x000000074c500000, 0x000000074c500000|100%| E|CS|TAMS 0x000000074c400000, 0x000000074c400000| Complete 
| 197|0x000000074c500000, 0x000000074c600000, 0x000000074c600000|100%| E|CS|TAMS 0x000000074c500000, 0x000000074c500000| Complete 
| 198|0x000000074c600000, 0x000000074c700000, 0x000000074c700000|100%| E|CS|TAMS 0x000000074c600000, 0x000000074c600000| Complete 
| 199|0x000000074c700000, 0x000000074c800000, 0x000000074c800000|100%| E|CS|TAMS 0x000000074c700000, 0x000000074c700000| Complete 
| 200|0x000000074c800000, 0x000000074c900000, 0x000000074c900000|100%| E|CS|TAMS 0x000000074c800000, 0x000000074c800000| Complete 
| 201|0x000000074c900000, 0x000000074ca00000, 0x000000074ca00000|100%| E|CS|TAMS 0x000000074c900000, 0x000000074c900000| Complete 
| 202|0x000000074ca00000, 0x000000074cb00000, 0x000000074cb00000|100%| E|CS|TAMS 0x000000074ca00000, 0x000000074ca00000| Complete 
| 203|0x000000074cb00000, 0x000000074cc00000, 0x000000074cc00000|100%| E|CS|TAMS 0x000000074cb00000, 0x000000074cb00000| Complete 
| 204|0x000000074cc00000, 0x000000074cd00000, 0x000000074cd00000|100%| E|CS|TAMS 0x000000074cc00000, 0x000000074cc00000| Complete 

Card table byte_map: [0x00000228795f0000,0x0000022879bf0000] _byte_map_base: 0x0000022875bf0000

Marking Bits (Prev, Next): (CMBitMap*) 0x0000022876ca9830, (CMBitMap*) 0x0000022876ca97f8
 Prev Bits: [0x0000022817240000, 0x000002281a240000)
 Next Bits: [0x000002287a1f0000, 0x000002287d1f0000)

Polling page: 0x0000022866670000

Metaspace:

Usage:
  Non-class:     84.95 MB capacity,    83.66 MB ( 98%) used,   974.95 KB (  1%) free+waste,   344.31 KB ( <1%) overhead. 
      Class:     14.78 MB capacity,    13.66 MB ( 92%) used,   974.77 KB (  6%) free+waste,   167.50 KB (  1%) overhead. 
       Both:     99.73 MB capacity,    97.33 MB ( 98%) used,     1.90 MB (  2%) free+waste,   511.81 KB ( <1%) overhead. 

Virtual space:
  Non-class space:       86.00 MB reserved,      85.01 MB ( 99%) committed 
      Class space:        1.00 GB reserved,      14.88 MB (  1%) committed 
             Both:        1.08 GB reserved,      99.88 MB (  9%) committed 

Chunk freelists:
   Non-Class:  0 bytes
       Class:  128 bytes
        Both:  128 bytes

CodeHeap 'non-profiled nmethods': size=119168Kb used=18133Kb max_used=18481Kb free=101034Kb
 bounds [0x000002280fde0000, 0x0000022810ff0000, 0x0000022817240000]
CodeHeap 'profiled nmethods': size=119168Kb used=42094Kb max_used=43685Kb free=77073Kb
 bounds [0x0000022808980000, 0x000002280b460000, 0x000002280fde0000]
CodeHeap 'non-nmethods': size=7424Kb used=1719Kb max_used=3421Kb free=5704Kb
 bounds [0x0000022808240000, 0x0000022808610000, 0x0000022808980000]
 total_blobs=28595 nmethods=16127 adapters=1214
 compilation: enabled
              stopped_count=0, restarted_count=0
 full_count=0

Compilation events (10 events):
Event: 208.296 Thread 0x00000228771a5800 nmethod 19846 0x0000022810554710 code [0x00000228105548c0, 0x00000228105549d8]
Event: 208.296 Thread 0x00000228771a5800 19842       3       java.io.PrintWriter::write (11 bytes)
Event: 208.296 Thread 0x00000228771a5800 nmethod 19842 0x00000228098ab110 code [0x00000228098ab2e0, 0x00000228098ab590]
Event: 208.296 Thread 0x00000228771a5800 19843   !   3       java.io.PrintWriter::write (58 bytes)
Event: 208.296 Thread 0x00000228771a5800 nmethod 19843 0x0000022809979690 code [0x00000228099798a0, 0x0000022809979fb0]
Event: 208.296 Thread 0x00000228771a5800 19836       3       java.lang.Throwable$WrappedPrintWriter::println (9 bytes)
Event: 208.297 Thread 0x00000228771a5800 nmethod 19836 0x00000228099f7090 code [0x00000228099f72e0, 0x00000228099f7ca0]
Event: 208.297 Thread 0x00000228771a5800 19837   !   3       java.io.PrintWriter::println (34 bytes)
Event: 208.297 Thread 0x00000228771a5800 nmethod 19837 0x0000022809a3f210 code [0x0000022809a3f460, 0x0000022809a3fd80]
Event: 208.297 Thread 0x00000228771a5800 19839       3       java.lang.StackTraceElement::toString (322 bytes)

GC Heap History (10 events):
Event: 193.573 GC heap before
{Heap before GC invocations=68 (full 4):
 garbage-first heap   total 196608K, used 181121K [0x0000000740000000, 0x0000000800000000)
  region size 1024K, 60 young (61440K), 6 survivors (6144K)
 Metaspace       used 99166K, capacity 101675K, committed 102024K, reserved 1136640K
  class space    used 13961K, capacity 15116K, committed 15232K, reserved 1048576K
}
Event: 193.577 GC heap after
{Heap after GC invocations=69 (full 4):
 garbage-first heap   total 196608K, used 124594K [0x0000000740000000, 0x0000000800000000)
  region size 1024K, 3 young (3072K), 3 survivors (3072K)
 Metaspace       used 99166K, capacity 101675K, committed 102024K, reserved 1136640K
  class space    used 13961K, capacity 15116K, committed 15232K, reserved 1048576K
}
Event: 195.174 GC heap before
{Heap before GC invocations=70 (full 4):
 garbage-first heap   total 196608K, used 182962K [0x0000000740000000, 0x0000000800000000)
  region size 1024K, 60 young (61440K), 3 survivors (3072K)
 Metaspace       used 99295K, capacity 101853K, committed 102024K, reserved 1136640K
  class space    used 13971K, capacity 15132K, committed 15232K, reserved 1048576K
}
Event: 195.176 GC heap after
{Heap after GC invocations=71 (full 4):
 garbage-first heap   total 196608K, used 125622K [0x0000000740000000, 0x0000000800000000)
  region size 1024K, 4 young (4096K), 4 survivors (4096K)
 Metaspace       used 99295K, capacity 101853K, committed 102024K, reserved 1136640K
  class space    used 13971K, capacity 15132K, committed 15232K, reserved 1048576K
}
Event: 195.610 GC heap before
{Heap before GC invocations=71 (full 4):
 garbage-first heap   total 196608K, used 182966K [0x0000000740000000, 0x0000000800000000)
  region size 1024K, 60 young (61440K), 4 survivors (4096K)
 Metaspace       used 99365K, capacity 101859K, committed 102024K, reserved 1136640K
  class space    used 13974K, capacity 15133K, committed 15232K, reserved 1048576K
}
Event: 195.613 GC heap after
{Heap after GC invocations=72 (full 4):
 garbage-first heap   total 196608K, used 125692K [0x0000000740000000, 0x0000000800000000)
  region size 1024K, 4 young (4096K), 4 survivors (4096K)
 Metaspace       used 99365K, capacity 101859K, committed 102024K, reserved 1136640K
  class space    used 13974K, capacity 15133K, committed 15232K, reserved 1048576K
}
Event: 197.136 GC heap before
{Heap before GC invocations=73 (full 4):
 garbage-first heap   total 196608K, used 183036K [0x0000000740000000, 0x0000000800000000)
  region size 1024K, 60 young (61440K), 4 survivors (4096K)
 Metaspace       used 99499K, capacity 102051K, committed 102280K, reserved 1136640K
  class space    used 13988K, capacity 15133K, committed 15232K, reserved 1048576K
}
Event: 197.140 GC heap after
{Heap after GC invocations=74 (full 4):
 garbage-first heap   total 196608K, used 125381K [0x0000000740000000, 0x0000000800000000)
  region size 1024K, 4 young (4096K), 4 survivors (4096K)
 Metaspace       used 99499K, capacity 102051K, committed 102280K, reserved 1136640K
  class space    used 13988K, capacity 15133K, committed 15232K, reserved 1048576K
}
Event: 202.730 GC heap before
{Heap before GC invocations=74 (full 4):
 garbage-first heap   total 196608K, used 174533K [0x0000000740000000, 0x0000000800000000)
  region size 1024K, 53 young (54272K), 4 survivors (4096K)
 Metaspace       used 99595K, capacity 102119K, committed 102280K, reserved 1136640K
  class space    used 13988K, capacity 15133K, committed 15232K, reserved 1048576K
}
Event: 202.819 GC heap after
{Heap after GC invocations=75 (full 5):
 garbage-first heap   total 209920K, used 121097K [0x0000000740000000, 0x0000000800000000)
  region size 1024K, 0 young (0K), 0 survivors (0K)
 Metaspace       used 99595K, capacity 102119K, committed 102280K, reserved 1136640K
  class space    used 13988K, capacity 15133K, committed 15232K, reserved 1048576K
}

Deoptimization events (10 events):
Event: 196.953 Thread 0x000002281d825800 Uncommon trap: reason=unstable_if action=reinterpret pc=0x00000228102d83f8 method=java.awt.Toolkit.enabledOnToolkit(J)Z @ 7 c2
Event: 197.196 Thread 0x000002281d825800 Uncommon trap: reason=bimorphic_or_optimized_type_check action=maybe_recompile pc=0x0000022810de57f4 method=java.awt.DefaultKeyboardFocusManager.dispatchEvent(Ljava/awt/AWTEvent;)Z @ 469 c2
Event: 198.004 Thread 0x000002281d825800 Uncommon trap: reason=speculate_null_assert action=make_not_entrant pc=0x0000022810fdf118 method=javax.swing.SwingUtilities.getAncestorOfClass(Ljava/lang/Class;Ljava/awt/Component;)Ljava/awt/Container; @ 1 c2
Event: 201.288 Thread 0x000002281d825800 Uncommon trap: reason=unstable_if action=reinterpret pc=0x000002280ffb1eec method=ui.views.w.b.e.getChildren()Ljava/util/List; @ 4 c2
Event: 203.005 Thread 0x000002281d825800 Uncommon trap: reason=null_assert_or_unreached0 action=make_not_entrant pc=0x00000228103ff8f4 method=com.jidesoft.plaf.synthetica.SyntheticaJidePainter.paintButtonBackground(Ljavax/swing/JComponent;Ljava/awt/Graphics;Ljava/awt/Rectangle;II)V @ 7 c2
Event: 203.405 Thread 0x000002281d825800 Uncommon trap: reason=bimorphic_or_optimized_type_check action=maybe_recompile pc=0x0000022810d34a5c method=javax.swing.DefaultButtonModel.setArmed(Z)V @ 33 c2
Event: 203.514 Thread 0x000002281d825800 Uncommon trap: reason=class_check action=maybe_recompile pc=0x0000022810f68a20 method=javax.swing.AbstractButton.setEnabled(Z)V @ 21 c2
Event: 203.595 Thread 0x000002281d825800 Uncommon trap: reason=unstable_if action=reinterpret pc=0x000002281041f8e0 method=ui.data.common.L.<init>(J)V @ 15 c2
Event: 203.597 Thread 0x000002281d825800 Uncommon trap: reason=unstable_if action=reinterpret pc=0x000002281008036c method=java.io.WinNTFileSystem.normalize(Ljava/lang/String;)Ljava/lang/String; @ 74 c2
Event: 208.292 Thread 0x000002281d825800 Uncommon trap: reason=unstable_if action=reinterpret pc=0x0000022810687908 method=java.lang.Throwable.getOurStackTrace()[Ljava/lang/StackTraceElement; @ 7 c2

Classes redefined (0 events):
No events

Internal exceptions (10 events):
Event: 179.602 Thread 0x000002281d825800 Exception <a 'java/lang/NoSuchMethodError'{0x000000074aff1910}: java.lang.invoke.DelegatingMethodHandle$Holder.reinvoke_L(Ljava/lang/Object;IILjava/lang/Object;Ljava/lang/Object;Ljava/lang/Object;ILjava/lang/Object;)Ljava/lang/Object;> (0x000000074aff1910
Event: 179.603 Thread 0x000002281d825800 Exception <a 'java/lang/NoSuchMethodError'{0x000000074ae3e168}: java.lang.invoke.DirectMethodHandle$Holder.invokeSpecial(Ljava/lang/Object;Ljava/lang/Object;Ljava/lang/Object;Ljava/lang/Object;Ljava/lang/Object;ILjava/lang/Object;)Ljava/lang/Object;> (0x0
Event: 179.603 Thread 0x000002281d825800 Exception <a 'java/lang/NoSuchMethodError'{0x000000074ae41cb8}: java.lang.invoke.DelegatingMethodHandle$Holder.reinvoke_L(Ljava/lang/Object;Ljava/lang/Object;Ljava/lang/Object;Ljava/lang/Object;ILjava/lang/Object;)Ljava/lang/Object;> (0x000000074ae41cb8) 
Event: 179.603 Thread 0x000002281d825800 Exception <a 'java/lang/NoSuchMethodError'{0x000000074ae4c118}: java.lang.invoke.Invokers$Holder.linkToTargetMethod(Ljava/lang/Object;Ljava/lang/Object;Ljava/lang/Object;ILjava/lang/Object;Ljava/lang/Object;)Ljava/lang/Object;> (0x000000074ae4c118) thrown
Event: 190.302 Thread 0x000002284bf30000 Exception <a 'java/lang/InterruptedException'{0x000000074bca0520}: sleep interrupted> (0x000000074bca0520) thrown at [t:/workspace/open/src/hotspot/share/prims/jvm.cpp, line 3117]
Event: 190.501 Thread 0x000002281d825800 Implicit null exception at 0x00000228106c1cb0 to 0x00000228106c1d17
Event: 194.062 Thread 0x000002281d825800 Exception <a 'java/lang/NoSuchMethodError'{0x000000074b76a4b8}: java.lang.invoke.DirectMethodHandle$Holder.invokeSpecial(Ljava/lang/Object;Ljava/lang/Object;IIILjava/lang/Object;Ljava/lang/Object;I)Ljava/lang/Object;> (0x000000074b76a4b8) thrown at [t:/wo
Event: 194.063 Thread 0x000002281d825800 Exception <a 'java/lang/NoSuchMethodError'{0x000000074b76df30}: java.lang.invoke.DelegatingMethodHandle$Holder.reinvoke_L(Ljava/lang/Object;IIILjava/lang/Object;Ljava/lang/Object;I)Ljava/lang/Object;> (0x000000074b76df30) thrown at [t:/workspace/open/src/
Event: 195.575 Thread 0x000002284bf37800 Exception <a 'java/lang/InterruptedException'{0x000000074b583890}: sleep interrupted> (0x000000074b583890) thrown at [t:/workspace/open/src/hotspot/share/prims/jvm.cpp, line 3091]
Event: 203.497 Thread 0x000002284bf35800 Exception <a 'java/lang/InterruptedException'{0x000000074c107858}: sleep interrupted> (0x000000074c107858) thrown at [t:/workspace/open/src/hotspot/share/prims/jvm.cpp, line 3117]

Events (10 events):
Event: 204.588 Thread 0x000002281c8ec000 DEOPT PACKING pc=0x000002280b2c4a1e sp=0x0000003a452fee10
Event: 204.588 Thread 0x000002281c8ec000 DEOPT UNPACKING pc=0x0000022808268fce sp=0x0000003a452fe3b0 mode 0
Event: 204.988 Thread 0x000002284bf35000 Thread exited: 0x000002284bf35000
Event: 208.291 loading class ui/frmwork/cmd/CommandFailedException
Event: 208.291 loading class ui/frmwork/cmd/CommandFailedException done
Event: 208.292 Thread 0x000002281d825800 Uncommon trap: trap_request=0xffffff4d fr.pc=0x0000022810687908 relative=0x00000000000007a8
Event: 208.292 Thread 0x000002281d825800 DEOPT PACKING pc=0x0000022810687908 sp=0x0000003a424fbbb0
Event: 208.292 Thread 0x000002281d825800 DEOPT UNPACKING pc=0x00000228082691af sp=0x0000003a424fbba8 mode 2
Event: 208.295 loading class ui/frmwork/COutOfMemoryException
Event: 208.295 loading class ui/frmwork/COutOfMemoryException done


Dynamic libraries:
0x00007ff72c1d0000 - 0x00007ff72c1ff000 	G:\Vivado\2020.2\bin\unwrapped\win64.o\vivado.exe
0x00007ff99f290000 - 0x00007ff99f485000 	C:\WINDOWS\SYSTEM32\ntdll.dll
0x00007ff99e940000 - 0x00007ff99e9fd000 	C:\WINDOWS\System32\KERNEL32.DLL
0x00007ff99cd60000 - 0x00007ff99d028000 	C:\WINDOWS\System32\KERNELBASE.dll
0x00007ff99d030000 - 0x00007ff99d130000 	C:\WINDOWS\System32\ucrtbase.dll
0x00007ff985ab0000 - 0x00007ff985b3d000 	C:\WINDOWS\SYSTEM32\MSVCP140.dll
0x00007ff98f390000 - 0x00007ff98f3a8000 	G:\Vivado\2020.2\lib\win64.o\librdi_commonmain.dll
0x00007ff98f3b0000 - 0x00007ff98f3c3000 	G:\Vivado\2020.2\lib\win64.o\libboost_signals.dll
0x00007ff92d500000 - 0x00007ff92e677000 	G:\Vivado\2020.2\lib\win64.o\librdi_common.dll
0x00007ff985b40000 - 0x00007ff985b5a000 	C:\WINDOWS\SYSTEM32\VCRUNTIME140.dll
0x00007ff99ee20000 - 0x00007ff99efc0000 	C:\WINDOWS\System32\USER32.dll
0x00007ff992780000 - 0x00007ff99278c000 	C:\WINDOWS\SYSTEM32\VCRUNTIME140_1.dll
0x00007ff99c9d0000 - 0x00007ff99c9f2000 	C:\WINDOWS\System32\win32u.dll
0x00007ff940e50000 - 0x00007ff9411be000 	G:\Vivado\2020.2\lib\win64.o\libCOIN-all.dll
0x00007ff99d950000 - 0x00007ff99d97a000 	C:\WINDOWS\System32\GDI32.dll
0x00007ff98f2d0000 - 0x00007ff98f2f2000 	G:\Vivado\2020.2\lib\win64.o\libboost_filesystem.dll
0x00007ff9957c0000 - 0x00007ff9957d0000 	G:\Vivado\2020.2\lib\win64.o\libboost_date_time.dll
0x00007ff99cbd0000 - 0x00007ff99ccdb000 	C:\WINDOWS\System32\gdi32full.dll
0x00007ff99efc0000 - 0x00007ff99f06c000 	C:\WINDOWS\System32\ADVAPI32.dll
0x00007ff99ca80000 - 0x00007ff99cb1d000 	C:\WINDOWS\System32\msvcp_win.dll
0x00007ff98f250000 - 0x00007ff98f2c3000 	G:\Vivado\2020.2\lib\win64.o\libboost_program_options.dll
0x00007ff99d2f0000 - 0x00007ff99d38e000 	C:\WINDOWS\System32\msvcrt.dll
0x00007ff99d980000 - 0x00007ff99e0c2000 	C:\WINDOWS\System32\SHELL32.dll
0x00007ff95e3b0000 - 0x00007ff95e4c1000 	G:\Vivado\2020.2\lib\win64.o\libboost_regex.dll
0x00007ff99e6e0000 - 0x00007ff99e77b000 	C:\WINDOWS\System32\sechost.dll
0x00007ff99e540000 - 0x00007ff99e5ab000 	C:\WINDOWS\System32\WS2_32.dll
0x00007ff99f070000 - 0x00007ff99f19b000 	C:\WINDOWS\System32\RPCRT4.dll
0x00007ff9911f0000 - 0x00007ff9911f9000 	G:\Vivado\2020.2\lib\win64.o\libboost_system.dll
0x00007ff98f230000 - 0x00007ff98f24e000 	G:\Vivado\2020.2\lib\win64.o\libboost_thread.dll
0x00007ff99cce0000 - 0x00007ff99cd07000 	C:\WINDOWS\System32\bcrypt.dll
0x00007ff97e4a0000 - 0x00007ff97e522000 	G:\Vivado\2020.2\lib\win64.o\libhdlpsolve.dll
0x00007ff98ff00000 - 0x00007ff98ff0c000 	G:\Vivado\2020.2\lib\win64.o\libboost_xilinx.dll
0x00007ff924ae0000 - 0x00007ff9258d2600 	G:\Vivado\2020.2\lib\win64.o\libisl_iostreams.dll
0x00007ff959110000 - 0x00007ff9591b5000 	G:\Vivado\2020.2\lib\win64.o\libhdxml.dll
0x00007ff987e70000 - 0x00007ff987e98000 	G:\Vivado\2020.2\lib\win64.o\libisl_sysinfo.dll
0x00007ff96acc0000 - 0x00007ff96ad25000 	G:\Vivado\2020.2\lib\win64.o\liblmx6.0.dll
0x00007ff987c70000 - 0x00007ff987c8a000 	G:\Vivado\2020.2\lib\win64.o\pthreadVC2.dll
0x00007ff987750000 - 0x00007ff98776c000 	G:\Vivado\2020.2\lib\win64.o\librdiconfig.dll
0x00007ff952120000 - 0x00007ff9522b9000 	G:\Vivado\2020.2\lib\win64.o\librdi_commonxillic.dll
0x00007ff99ece0000 - 0x00007ff99ed35000 	C:\WINDOWS\System32\SHLWAPI.dll
0x00007ff987720000 - 0x00007ff987741000 	G:\Vivado\2020.2\lib\win64.o\librdizlib.dll
0x0000000059bf0000 - 0x0000000059d1b000 	G:\Vivado\2020.2\lib\win64.o\tcl85t.dll
0x0000000012000000 - 0x0000000012270000 	G:\Vivado\2020.2\lib\win64.o\xerces-c_3_1.dll
0x00007ff98fed0000 - 0x00007ff98fed9000 	G:\Vivado\2020.2\lib\win64.o\librdi_commonversion.dll
0x00007ff986040000 - 0x00007ff986058000 	C:\WINDOWS\SYSTEM32\NETAPI32.dll
0x00007ff9976c0000 - 0x00007ff9977cb000 	C:\WINDOWS\SYSTEM32\WINHTTP.dll
0x00007ff984fc0000 - 0x00007ff98549d000 	C:\WINDOWS\SYSTEM32\WININET.dll
0x00007ff991230000 - 0x00007ff99141e000 	C:\WINDOWS\SYSTEM32\urlmon.dll
0x00007ff991ce0000 - 0x00007ff991ce9000 	C:\WINDOWS\SYSTEM32\WSOCK32.dll
0x00007ff981690000 - 0x00007ff9816be000 	C:\WINDOWS\SYSTEM32\VCOMP140.DLL
0x00007ff91c0f0000 - 0x00007ff91e007000 	G:\Vivado\2020.2\lib\win64.o\gurobi90.dll
0x00007ff99d130000 - 0x00007ff99d28f000 	C:\WINDOWS\System32\CRYPT32.dll
0x00007ff98f6f0000 - 0x00007ff98f6fc000 	G:\Vivado\2020.2\lib\win64.o\libboost_chrono.dll
0x00007ff981660000 - 0x00007ff981683000 	G:\Vivado\2020.2\lib\win64.o\libisl_iosutils.dll
0x00007ff985fb0000 - 0x00007ff985fc6000 	G:\Vivado\2020.2\lib\win64.o\libboost_iostreams.dll
0x00007ff99d4d0000 - 0x00007ff99d526000 	C:\WINDOWS\System32\WLDAP32.dll
0x00007ff99e7e0000 - 0x00007ff99e7e8000 	C:\WINDOWS\System32\Normaliz.dll
0x00007ff93edc0000 - 0x00007ff93f09b000 	G:\Vivado\2020.2\lib\win64.o\libXil_lmgr11.dll
0x00007ff98ea40000 - 0x00007ff98ecf0000 	C:\WINDOWS\SYSTEM32\iertutil.dll
0x00007ff99ed40000 - 0x00007ff99ee1a000 	C:\WINDOWS\System32\COMDLG32.dll
0x00007ff99d530000 - 0x00007ff99d885000 	C:\WINDOWS\System32\combase.dll
0x00007ff99bf20000 - 0x00007ff99bf2c000 	C:\WINDOWS\SYSTEM32\NETUTILS.DLL
0x00007ff99d390000 - 0x00007ff99d43e000 	C:\WINDOWS\System32\shcore.dll
0x00007ff99e610000 - 0x00007ff99e6dd000 	C:\WINDOWS\System32\OLEAUT32.dll
0x00007ff99c150000 - 0x00007ff99c1ba000 	C:\WINDOWS\SYSTEM32\MSWSOCK.DLL
0x00007ff984e10000 - 0x00007ff984ec0000 	C:\WINDOWS\WinSxS\amd64_microsoft.windows.common-controls_6595b64144ccf1df_5.82.19041.844_none_423537bff6b9828c\COMCTL32.dll
0x00007ff99ea00000 - 0x00007ff99eb2a000 	C:\WINDOWS\System32\ole32.dll
0x00007ff99d290000 - 0x00007ff99d2f0000 	C:\WINDOWS\System32\WINTRUST.dll
0x00007ff996a70000 - 0x00007ff996a8d000 	C:\WINDOWS\SYSTEM32\dhcpcsvc.DLL
0x00007ff99d890000 - 0x00007ff99d8c0000 	C:\WINDOWS\System32\IMM32.DLL
0x00007ff99c720000 - 0x00007ff99c732000 	C:\WINDOWS\SYSTEM32\MSASN1.dll
0x00007ff99a900000 - 0x00007ff99a912000 	C:\WINDOWS\SYSTEM32\kernel.appcore.dll
0x00007ff937150000 - 0x00007ff937672000 	G:\Vivado\2020.2\lib\win64.o\librdi_commontasks.dll
0x00007ff9949c0000 - 0x00007ff9949ca000 	C:\WINDOWS\SYSTEM32\VERSION.dll
0x00007ff91b5c0000 - 0x00007ff91c0e3000 	G:\Vivado\2020.2\tps\win64\jre11.0.2\bin\server\jvm.dll
0x00007ff93eae0000 - 0x00007ff93edb5000 	G:\Vivado\2020.2\lib\win64.o\librdi_sio.dll
0x00007ff99be10000 - 0x00007ff99be4b000 	C:\WINDOWS\SYSTEM32\IPHLPAPI.DLL
0x00007ff99e930000 - 0x00007ff99e938000 	C:\WINDOWS\System32\PSAPI.DLL
0x00007ff9926f0000 - 0x00007ff992717000 	C:\WINDOWS\SYSTEM32\WINMM.dll
0x00007ff99ab00000 - 0x00007ff99b290000 	C:\WINDOWS\SYSTEM32\windows.storage.dll
0x00007ff99c370000 - 0x00007ff99c39c000 	C:\WINDOWS\SYSTEM32\Wldp.dll
0x00007ff918b00000 - 0x00007ff91b5be000 	G:\Vivado\2020.2\lib\win64.o\librdi_tcltasks.dll
0x00007ff944d90000 - 0x00007ff944f43000 	G:\Vivado\2020.2\lib\win64.o\librdi_board.dll
0x00007ff9366c0000 - 0x00007ff936b66000 	G:\Vivado\2020.2\lib\win64.o\librdi_bitstream.dll
0x00007ff968090000 - 0x00007ff96810e000 	G:\Vivado\2020.2\lib\win64.o\librdi_boarddep.dll
0x00007ff950b20000 - 0x00007ff950c16000 	G:\Vivado\2020.2\lib\win64.o\librdi_chipscope.dll
0x00007ff936f60000 - 0x00007ff93714a000 	G:\Vivado\2020.2\lib\win64.o\librdi_chipscopeimpl.dll
0x00007ff94a530000 - 0x00007ff94a691000 	G:\Vivado\2020.2\lib\win64.o\librdi_containers.dll
0x00007ff916cd0000 - 0x00007ff918afc000 	G:\Vivado\2020.2\lib\win64.o\librdi_constraints.dll
0x00007ff914910000 - 0x00007ff916ccd000 	G:\Vivado\2020.2\lib\win64.o\librdi_coregen.dll
0x00007ff9141f0000 - 0x00007ff914908000 	G:\Vivado\2020.2\lib\win64.o\librdi_coregenipxact.dll
0x00007ff912480000 - 0x00007ff9141e1000 	G:\Vivado\2020.2\lib\win64.o\librdi_designutils.dll
0x00007ff911e20000 - 0x00007ff91247d000 	G:\Vivado\2020.2\lib\win64.o\librdi_drc.dll
0x00007ff936350000 - 0x00007ff9366b8000 	G:\Vivado\2020.2\lib\win64.o\librdi_dlyest.dll
0x00007ff94fd90000 - 0x00007ff94fe43000 	G:\Vivado\2020.2\lib\win64.o\librdi_dsp.dll
0x00007ff911750000 - 0x00007ff911e12000 	G:\Vivado\2020.2\lib\win64.o\librdi_filemgmt.dll
0x00007ff932100000 - 0x00007ff93241d000 	G:\Vivado\2020.2\lib\win64.o\librdi_guitools.dll
0x00007ff8b2840000 - 0x00007ff8cae1f000 	G:\Vivado\2020.2\lib\win64.o\librdi_device.dll
0x00007ff95dec0000 - 0x00007ff95df2b000 	G:\Vivado\2020.2\lib\win64.o\librdi_hdf.dll
0x00007ff9355e0000 - 0x00007ff935857000 	G:\Vivado\2020.2\lib\win64.o\librdi_hip_devdesign.dll
0x00007ff94f520000 - 0x00007ff94f667000 	G:\Vivado\2020.2\lib\win64.o\librdi_hip_perf_analysis.dll
0x00007ff90fb70000 - 0x00007ff911744000 	G:\Vivado\2020.2\lib\win64.o\librdi_implflow.dll
0x00007ff930f60000 - 0x00007ff9315ac000 	G:\Vivado\2020.2\lib\win64.o\librdi_memdata.dll
0x00007ff959000000 - 0x00007ff959072000 	G:\Vivado\2020.2\lib\win64.o\librdi_memoryarray.dll
0x00007ff90d720000 - 0x00007ff90fb64000 	G:\Vivado\2020.2\lib\win64.o\librdi_mig.dll
0x00007ff90cff0000 - 0x00007ff90d71c000 	G:\Vivado\2020.2\lib\win64.o\librdi_netlist.dll
0x00007ff97a9f0000 - 0x00007ff97aa44000 	G:\Vivado\2020.2\lib\win64.o\librdi_pfi.dll
0x00007ff9319b0000 - 0x00007ff931d4e000 	G:\Vivado\2020.2\lib\win64.o\librdi_platform.dll
0x00007ff90c7d0000 - 0x00007ff90cfe7000 	G:\Vivado\2020.2\lib\win64.o\librdi_power.dll
0x00007ff90c150000 - 0x00007ff90c7c4000 	G:\Vivado\2020.2\lib\win64.o\librdi_project.dll
0x00007ff9070e0000 - 0x00007ff90a2e7000 	G:\Vivado\2020.2\lib\win64.o\librdi_place.dll
0x00007ff90ba20000 - 0x00007ff90c142000 	G:\Vivado\2020.2\lib\win64.o\librdi_psta.dll
0x00007ff90b210000 - 0x00007ff90ba1c000 	G:\Vivado\2020.2\lib\win64.o\librdi_rsb.dll
0x00007ff949530000 - 0x00007ff949639000 	G:\Vivado\2020.2\lib\win64.o\librdi_runsbase.dll
0x00007ff926260000 - 0x00007ff92678b000 	G:\Vivado\2020.2\lib\win64.o\librdi_runs.dll
0x00007ff924860000 - 0x00007ff924ad4000 	G:\Vivado\2020.2\lib\win64.o\librdi_simdata.dll
0x00007ff906150000 - 0x00007ff9070d1000 	G:\Vivado\2020.2\lib\win64.o\librdi_timing.dll
0x00007ff9490a0000 - 0x00007ff9491b6000 	G:\Vivado\2020.2\lib\win64.o\librdi_xhub.dll
0x00007ff954b70000 - 0x00007ff954c17000 	G:\Vivado\2020.2\lib\win64.o\librdi_xhubtasks.dll
0x00007ff935180000 - 0x00007ff93536b000 	G:\Vivado\2020.2\lib\win64.o\librdi_advchipscopeimpl.dll
0x00007ff97d0f0000 - 0x00007ff97d136000 	G:\Vivado\2020.2\lib\win64.o\libboost_graph.dll
0x00007ff94f000000 - 0x00007ff94f0c6000 	G:\Vivado\2020.2\lib\win64.o\librdi_bda.dll
0x00007ff90aaa0000 - 0x00007ff90b207000 	G:\Vivado\2020.2\lib\win64.o\librdi_ippcw.dll
0x00007ff958a50000 - 0x00007ff958aba000 	G:\Vivado\2020.2\lib\win64.o\librdi_noc_frameworks.dll
0x00007ff977c20000 - 0x00007ff977c67000 	G:\Vivado\2020.2\lib\win64.o\libboost_serialization.dll
0x00007ff9055f0000 - 0x00007ff906146000 	G:\Vivado\2020.2\lib\win64.o\libverific.dll
0x00007ff94ee20000 - 0x00007ff94ef0b000 	G:\Vivado\2020.2\lib\win64.o\librdi_ipconfig_readwrite.dll
0x00007ff9052f0000 - 0x00007ff9055eb000 	G:\Vivado\2020.2\lib\win64.o\librdi_hip_config.dll

dbghelp: loaded successfully - version: 4.0.5 - missing functions: none
symbol engine: initialized successfully - sym options: 0x614 - pdb path: .;G:\Vivado\2020.2\bin\unwrapped\win64.o;C:\WINDOWS\SYSTEM32;G:\Vivado\2020.2\lib\win64.o;C:\WINDOWS\WinSxS\amd64_microsoft.windows.common-controls_6595b64144ccf1df_5.82.19041.844_none_423537bff6b9828c;G:\Vivado\2020.2\tps\win64\jre11.0.2\bin\server;G:\Vivado\2020.2\tps\win64\python-3.8.3;G:\Vivado\2020.2\tps\win64\jre11.0.2\bin;C:\WINDOWS\WinSxS\amd64_microsoft.windows.common-controls_6595b64144ccf1df_6.0.19041.844_none_ca00b6081b84eb1d;C:\Program Files (x86)\DisplayFusion\Hooks

VM Arguments:
jvm_args: -Dsun.java2d.pmoffscreen=false -Dhttps.protocols=TLSv1,TLSv1.1,TLSv1.2 -Dsun.java2d.xrender=false -Dsun.java2d.d3d=false -Dsun.awt.nopixfmt=true -Dsun.java2d.dpiaware=true -Dsun.java2d.uiScale.enabled=false -Xverify:none -Dswing.aatext=true -XX:-UsePerfData -Djdk.map.althashing.threshold=512 -XX:StringTableSize=4072 --add-opens=java.base/java.nio=ALL-UNNAMED --add-opens=java.desktop/sun.swing=ALL-UNNAMED --add-opens=java.desktop/javax.swing=ALL-UNNAMED --add-opens=java.desktop/javax.swing.tree=ALL-UNNAMED --add-opens=java.desktop/javax.swing.plaf.basic=ALL-UNNAMED --add-opens=java.desktop/javax.swing.plaf.synth=ALL-UNNAMED --add-opens=java.desktop/com.sun.awt=ALL-UNNAMED -XX:NewSize=60m -XX:MaxNewSize=60m -Xms128m -Xmx3072m -Xss5m 
java_command: <unknown>
java_class_path (initial): G:/Vivado/2020.2\lib\classes\alloy.jar;G:/Vivado/2020.2\lib\classes\ArchiveSummary.jar;G:/Vivado/2020.2\lib\classes\autoesl-models.jar;G:/Vivado/2020.2\lib\classes\autopilot.scelaborator.jar;G:/Vivado/2020.2\lib\classes\autopilot.sourceprocessor.jar;G:/Vivado/2020.2\lib\classes\autopilot.tbprocessor.jar;G:/Vivado/2020.2\lib\classes\batik-anim.jar;G:/Vivado/2020.2\lib\classes\batik-awt-util.jar;G:/Vivado/2020.2\lib\classes\batik-bridge.jar;G:/Vivado/2020.2\lib\classes\batik-codec.jar;G:/Vivado/2020.2\lib\classes\batik-css.jar;G:/Vivado/2020.2\lib\classes\batik-dom.jar;G:/Vivado/2020.2\lib\classes\batik-ext.jar;G:/Vivado/2020.2\lib\classes\batik-gui-util.jar;G:/Vivado/2020.2\lib\classes\batik-gvt.jar;G:/Vivado/2020.2\lib\classes\batik-parser.jar;G:/Vivado/2020.2\lib\classes\batik-script.jar;G:/Vivado/2020.2\lib\classes\batik-svg-dom.jar;G:/Vivado/2020.2\lib\classes\batik-swing.jar;G:/Vivado/2020.2\lib\classes\batik-transcoder.jar;G:/Vivado/2020.2\lib\classes\batik-util.jar;G:/Vivado/2020.2\lib\classes\batik-xml.jar;G:/Vivado/2020.2\lib\classes\com.google.gson_2.8.2.v20180104-1110.jar;G:/Vivado/2020.2\lib\classes\com.google.guava_27.1.0.v20190517-1946.jar;G:/Vivado/2020.2\lib\classes\com.ibm.icu_4.4.2.v20110208.jar;G:/Vivado/2020.2\lib\classes\com.sigasi.hdt.connection_4.9.0.202009050929.jar;G:/Vivado/2020.2\lib\classes\com.sigasi.hdt.epl_4.9.0.202009050929.jar;G:/Vivado/2020.2\lib\classes\com.sigasi.hdt.project_4.9.0.202009050929.jar;G:/Vivado/2020.2\lib\classes\com.sigasi.hdt.readonlyfilesystem_4.9.0.202009050929.jar;G:/Vivado/2020.2\lib\classes\com.sigasi.lcm_4.9.0.202009050929.jar;G:/Vivado/2020.2\lib\classes\com.sigasi.sdk.client_4.9.0.202009050929.jar;G:/Vivado/2020.2\lib\classes\com.xilinx.hls.services.jar;G:/Vivado/2020.2\lib\classes\commons-collections4-4.1.jar;G:/Vivado/2020.2\lib\classes\commons-io-2.6.jar;G:/Vivado/2020.2\lib\classes\commons-math-2.2.jar;G:/Vivado/2020.2\lib\classes\Dispatch.jar;G:/Vivado/2020.2\lib\classes\Disp
Launcher Type: generic

[Global flags]
     bool BytecodeVerificationLocal                = false                                     {product} {command line}
     bool BytecodeVerificationRemote               = false                                     {product} {command line}
     intx CICompilerCount                          = 12                                        {product} {ergonomic}
     uint ConcGCThreads                            = 3                                         {product} {ergonomic}
     uint G1ConcRefinementThreads                  = 13                                        {product} {ergonomic}
   size_t G1HeapRegionSize                         = 1048576                                   {product} {ergonomic}
    uintx GCDrainStackTargetSize                   = 64                                        {product} {ergonomic}
   size_t InitialHeapSize                          = 134217728                                 {product} {command line}
   size_t MarkStackSize                            = 4194304                                   {product} {ergonomic}
   size_t MaxHeapSize                              = 3221225472                                {product} {command line}
   size_t MaxNewSize                               = 62914560                                  {product} {command line}
   size_t MinHeapDeltaBytes                        = 1048576                                   {product} {ergonomic}
   size_t NewSize                                  = 62914560                                  {product} {command line}
    uintx NonNMethodCodeHeapSize                   = 7591728                                {pd product} {ergonomic}
    uintx NonProfiledCodeHeapSize                  = 122033256                              {pd product} {ergonomic}
    uintx ProfiledCodeHeapSize                     = 122033256                              {pd product} {ergonomic}
    uintx ReservedCodeCacheSize                    = 251658240                              {pd product} {ergonomic}
     bool SegmentedCodeCache                       = true                                      {product} {ergonomic}
    uintx StringTableSize                          = 4072                                      {product} {command line}
     intx ThreadStackSize                          = 5120                                   {pd product} {command line}
     bool UseCompressedClassPointers               = true                                 {lp64_product} {ergonomic}
     bool UseCompressedOops                        = true                                 {lp64_product} {ergonomic}
     bool UseG1GC                                  = true                                      {product} {ergonomic}
     bool UseLargePagesIndividualAllocation        = false                                  {pd product} {ergonomic}
     bool UsePerfData                              = false                                     {product} {command line}

Logging:
Log output configuration:
 #0: stdout all=warning uptime,level,tags
 #1: stderr all=off uptime,level,tags

Environment Variables:
PATH=G:/Vivado/2020.2\gnuwin\bin;G:/Vivado/2020.2\gnu\microblaze\nt\bin;G:/Vivado/2020.2/bin;G:/Vivado/2020.2/tps/win64/javafx-sdk-11.0.2/lib;G:/Vivado/2020.2/tps/win64/javafx-sdk-11.0.2/bin;G:/Vivado/2020.2/lib/win64.o;G:/Vivado/2020.2/tps/win64/jre11.0.2/bin/server;G:/Vivado/2020.2/tps/win64/jre11.0.2/bin;G:/Vitis/2020.2/bin;G:/Vivado/2020.2/ids_lite/ISE/bin/nt64;G:/Vivado/2020.2/ids_lite/ISE/lib/nt64;G:/Vitis_HLS/2020.2/bin;C:\Program Files (x86)\Common Files\Oracle\Java\javapath;C:\WINDOWS\system32;C:\WINDOWS;C:\WINDOWS\System32\Wbem;C:\WINDOWS\System32\WindowsPowerShell\v1.0\;C:\WINDOWS\System32\OpenSSH\;C:\Program Files\Intel\WiFi\bin\;C:\Program Files\Common Files\Intel\WirelessCommon\;C:\Program Files (x86)\NVIDIA Corporation\PhysX\Common;C:\Program Files\NVIDIA Corporation\NVIDIA NvDLISR;C:\Program Files (x86)\IVI Foundation\VISA\WinNT\Bin\;C:\Program Files\IVI Foundation\VISA\Win64\Bin\;C:\Program Files (x86)\National Instruments\Shared\LabVIEW CLI;C:\Program Files\MATLAB\R2020a\runtime\win64;C:\Program Files\MATLAB\R2020a\bin;C:\Program Files\Microsoft SQL Server\120\Tools\Binn\;C:\Program Files\Git\cmd;C:\TDM-GCC-64\bin;C:\ProgramData\chocolatey\bin;;C:\Program Files\Docker\Docker\resources\bin;C:\ProgramData\DockerDesktop\version-bin;C:\Program Files\dotnet\;C:\Users\George\AppData\Local\Programs\Python\Python39\Scripts\;C:\Users\George\AppData\Local\Programs\Python\Python39\;C:\Users\George\AppData\Local\Microsoft\WindowsApps;C:\Users\George\AppData\Local\GitHubDesktop\bin;G:/Vivado/2020.2\tps\mingw\6.2.0\win64.o\nt\bin;G:/Vivado/2020.2\tps\mingw\6.2.0\win64.o\nt\libexec\gcc\x86_64-w64-mingw32\6.2.0;G:/Vivado/2020.2\tps\win64\python-3.8.3;G:/Vivado/2020.2\tps\win64\python-3.8.3\bin;G:/Vivado/2020.2\tps\win64\python-3.8.3\lib;G:/Vivado/2020.2\tps\win64\python-3.8.3\lib\site-packages
USERNAME=George
OS=Windows_NT
PROCESSOR_IDENTIFIER=AMD64 Family 23 Model 1 Stepping 1, AuthenticAMD



---------------  S Y S T E M  ---------------

OS: Windows 10 , 64 bit Build 19041 (10.0.19041.928)

CPU:total 16 (initial active 16) (16 cores per cpu, 2 threads per core) family 23 model 1 stepping 1, cmov, cx8, fxsr, mmx, sse, sse2, sse3, ssse3, sse4.1, sse4.2, popcnt, avx, avx2, aes, clmul, mmxext, 3dnowpref, lzcnt, sse4a, ht, tsc, tscinvbit, tscinv, bmi1, bmi2, adx, sha, fma

Memory: 4k page, system-wide physical 16315M (5844M free)
TotalPageFile size 26043M (AvailPageFile size 9456M)
current process WorkingSet (physical memory assigned to process): 2018M, peak: 2024M
current process commit charge ("private bytes"): 2146M, peak: 2173M

vm_info: OpenJDK 64-Bit Server VM (11.0.2+9) for windows-amd64 JRE (11.0.2+9), built on Jan 18 2019 05:23:22 by "mach5one" with MS VC++ 15.5 (VS2017)

END.
