#-----------------------------------------------------------
# Vivado v2020.2 (64-bit)
# SW Build 3064766 on Wed Nov 18 09:12:45 MST 2020
# IP Build 3064653 on Wed Nov 18 14:17:31 MST 2020
# Start of session at: Mon May 17 18:12:45 2021
# Process ID: 21388
# Current directory: C:/Users/George/Desktop/ETE4451_BroncoPong_rev2/ETE4451_BroncoPong
# Command line: vivado.exe -gui_launcher_event rodinguilauncherevent27280 C:\Users\George\Desktop\ETE4451_BroncoPong_rev2\ETE4451_BroncoPong\ETE4451_BroncoPong.xpr
# Log file: C:/Users/George/Desktop/ETE4451_BroncoPong_rev2/ETE4451_BroncoPong/vivado.log
# Journal file: C:/Users/George/Desktop/ETE4451_BroncoPong_rev2/ETE4451_BroncoPong\vivado.jou
#-----------------------------------------------------------
start_gui
open_project C:/Users/George/Desktop/ETE4451_BroncoPong_rev2/ETE4451_BroncoPong/ETE4451_BroncoPong.xpr
Scanning sources...
Finished scanning sources
INFO: [IP_Flow 19-234] Refreshing IP repositories
INFO: [IP_Flow 19-1704] No user IP repositories specified
INFO: [IP_Flow 19-2313] Loaded Vivado IP repository 'G:/Vivado/2020.2/data/ip'.
WARNING: [BD 41-1661] One or more IPs have been locked in the design 'DCM.bd'. Please run report_ip_status for more details and recommendations on how to fix this issue.
List of locked IPs:
DCM_clk_wiz_0_1

open_project: Time (s): cpu = 00:00:19 ; elapsed = 00:00:09 . Memory (MB): peak = 1114.188 ; gain = 0.000
update_compile_order -fileset sources_1
create_ip_run [get_files -of_objects [get_fileset sources_1] C:/Users/George/Desktop/ETE4451_BroncoPong_rev2/ETE4451_BroncoPong/ETE4451_BroncoPong.srcs/sources_1/bd/VideoBuffer/VideoBuffer.bd]
WARNING: [Vivado 12-4173] The following IPs are not generated and locked, no out-of-context (OOC) run will be created. Please select 'Report IP Status' from 'Tools/Report' or run Tcl command 'report_ip_status' for more information.
C:/Users/George/Desktop/ETE4451_BroncoPong_rev2/ETE4451_BroncoPong/ETE4451_BroncoPong.srcs/sources_1/bd/DCM/DCM.bd

synth_design -rtl -rtl_skip_mlo -name rtl_1
Command: synth_design -rtl -rtl_skip_mlo -name rtl_1
Starting synth_design
Using part: xc7z020clg400-1
Top: BP_top
INFO: [Device 21-403] Loading part xc7z020clg400-1
CRITICAL WARNING: [Synth 8-2490] overwriting previous definition of module DCM [c:/Users/George/Desktop/ETE4451_BroncoPong_rev2/ETE4451_BroncoPong/ETE4451_BroncoPong.gen/sources_1/bd/DCM/synth/DCM.v:13]
---------------------------------------------------------------------------------
Starting RTL Elaboration : Time (s): cpu = 00:00:05 ; elapsed = 00:00:05 . Memory (MB): peak = 1609.945 ; gain = 244.980
---------------------------------------------------------------------------------
INFO: [Synth 8-6157] synthesizing module 'BP_top' [C:/Users/George/Desktop/ETE4451_BroncoPong_rev2/ETE4451_BroncoPong/ETE4451_BroncoPong.srcs/sources_1/new/BP_top.v:23]
INFO: [Synth 8-6157] synthesizing module 'DCM_wrapper' [C:/Users/George/Desktop/ETE4451_BroncoPong_rev2/ETE4451_BroncoPong/ETE4451_BroncoPong.gen/sources_1/bd/DCM/hdl/DCM_wrapper.v:12]
INFO: [Synth 8-6157] synthesizing module 'DCM' [c:/Users/George/Desktop/ETE4451_BroncoPong_rev2/ETE4451_BroncoPong/ETE4451_BroncoPong.gen/sources_1/bd/DCM/synth/DCM.v:13]
INFO: [Synth 8-6157] synthesizing module 'DCM_clk_wiz_0_1' [C:/Users/George/Desktop/ETE4451_BroncoPong_rev2/ETE4451_BroncoPong/.Xil/Vivado-21388-DESKTOP-MB5IJCE/realtime/DCM_clk_wiz_0_1_stub.v:5]
INFO: [Synth 8-6155] done synthesizing module 'DCM_clk_wiz_0_1' (1#1) [C:/Users/George/Desktop/ETE4451_BroncoPong_rev2/ETE4451_BroncoPong/.Xil/Vivado-21388-DESKTOP-MB5IJCE/realtime/DCM_clk_wiz_0_1_stub.v:5]
INFO: [Synth 8-6155] done synthesizing module 'DCM' (2#1) [c:/Users/George/Desktop/ETE4451_BroncoPong_rev2/ETE4451_BroncoPong/ETE4451_BroncoPong.gen/sources_1/bd/DCM/synth/DCM.v:13]
INFO: [Synth 8-6155] done synthesizing module 'DCM_wrapper' (3#1) [C:/Users/George/Desktop/ETE4451_BroncoPong_rev2/ETE4451_BroncoPong/ETE4451_BroncoPong.gen/sources_1/bd/DCM/hdl/DCM_wrapper.v:12]
INFO: [Synth 8-6157] synthesizing module 'GameControl_top' [C:/Users/George/Desktop/ETE4451_BroncoPong_rev2/ETE4451_BroncoPong/ETE4451_BroncoPong.srcs/sources_1/new/GameControl_top.v:23]
INFO: [Synth 8-6157] synthesizing module 'GameControl' [C:/Users/George/Desktop/ETE4451_BroncoPong_rev2/ETE4451_BroncoPong/ETE4451_BroncoPong.srcs/sources_1/new/Game_state.v:21]
	Parameter s0_idle bound to: 0 - type: integer 
	Parameter s1_game_running bound to: 1 - type: integer 
	Parameter s2_game_pause bound to: 2 - type: integer 
	Parameter s3_game_over bound to: 3 - type: integer 
INFO: [Synth 8-226] default block is never used [C:/Users/George/Desktop/ETE4451_BroncoPong_rev2/ETE4451_BroncoPong/ETE4451_BroncoPong.srcs/sources_1/new/Game_state.v:129]
INFO: [Synth 8-6155] done synthesizing module 'GameControl' (4#1) [C:/Users/George/Desktop/ETE4451_BroncoPong_rev2/ETE4451_BroncoPong/ETE4451_BroncoPong.srcs/sources_1/new/Game_state.v:21]
INFO: [Synth 8-6157] synthesizing module 'GameControlTimer' [C:/Users/George/Desktop/ETE4451_BroncoPong_rev2/ETE4451_BroncoPong/ETE4451_BroncoPong.srcs/sources_1/new/GameControlTimer.v:22]
INFO: [Synth 8-6155] done synthesizing module 'GameControlTimer' (5#1) [C:/Users/George/Desktop/ETE4451_BroncoPong_rev2/ETE4451_BroncoPong/ETE4451_BroncoPong.srcs/sources_1/new/GameControlTimer.v:22]
INFO: [Synth 8-6155] done synthesizing module 'GameControl_top' (6#1) [C:/Users/George/Desktop/ETE4451_BroncoPong_rev2/ETE4451_BroncoPong/ETE4451_BroncoPong.srcs/sources_1/new/GameControl_top.v:23]
INFO: [Synth 8-6157] synthesizing module 'BallCollision_top' [C:/Users/George/Desktop/ETE4451_BroncoPong_rev2/ETE4451_BroncoPong/ETE4451_BroncoPong.srcs/sources_1/new/BallCollision_top.v:23]
INFO: [Synth 8-6157] synthesizing module 'BallCollisionDemoVersion' [C:/Users/George/Desktop/ETE4451_BroncoPong_rev2/ETE4451_BroncoPong/ETE4451_BroncoPong.srcs/sources_1/new/BallCollision2.v:23]
	Parameter topBoundary bound to: 10'b0001001001 
	Parameter bottomBoundary bound to: 10'b0111011000 
	Parameter leftBoundary bound to: 10'b0000001000 
	Parameter rightBoundary bound to: 10'b1001011000 
	Parameter paddleX bound to: 10'b1001010000 
	Parameter paddleYLength bound to: 10'b0001010000 
INFO: [Synth 8-6155] done synthesizing module 'BallCollisionDemoVersion' (7#1) [C:/Users/George/Desktop/ETE4451_BroncoPong_rev2/ETE4451_BroncoPong/ETE4451_BroncoPong.srcs/sources_1/new/BallCollision2.v:23]
INFO: [Synth 8-6157] synthesizing module 'collisionAddOn' [C:/Users/George/Desktop/ETE4451_BroncoPong_rev2/ETE4451_BroncoPong/ETE4451_BroncoPong.srcs/sources_1/new/collisionAddOn.v:23]
INFO: [Synth 8-6155] done synthesizing module 'collisionAddOn' (8#1) [C:/Users/George/Desktop/ETE4451_BroncoPong_rev2/ETE4451_BroncoPong/ETE4451_BroncoPong.srcs/sources_1/new/collisionAddOn.v:23]
INFO: [Synth 8-6155] done synthesizing module 'BallCollision_top' (9#1) [C:/Users/George/Desktop/ETE4451_BroncoPong_rev2/ETE4451_BroncoPong/ETE4451_BroncoPong.srcs/sources_1/new/BallCollision_top.v:23]
INFO: [Synth 8-6157] synthesizing module 'BallPosition' [C:/Users/George/Desktop/ETE4451_BroncoPong_rev2/ETE4451_BroncoPong/ETE4451_BroncoPong.srcs/sources_1/new/BallPosition.v:23]
INFO: [Synth 8-6155] done synthesizing module 'BallPosition' (10#1) [C:/Users/George/Desktop/ETE4451_BroncoPong_rev2/ETE4451_BroncoPong/ETE4451_BroncoPong.srcs/sources_1/new/BallPosition.v:23]
INFO: [Synth 8-6157] synthesizing module 'JstkPmod_top' [C:/Users/George/Desktop/ETE4451_BroncoPong_rev2/ETE4451_BroncoPong/ETE4451_BroncoPong.srcs/sources_1/new/JstkPmod_top.v:23]
INFO: [Synth 8-6157] synthesizing module 'PmodJSTK' [C:/Users/George/Desktop/ETE4451_BroncoPong_rev2/ETE4451_BroncoPong/ETE4451_BroncoPong.srcs/sources_1/new/PmodJSTK.v:24]
INFO: [Synth 8-6157] synthesizing module 'spiCtrl' [C:/Users/George/Desktop/ETE4451_BroncoPong_rev2/ETE4451_BroncoPong/ETE4451_BroncoPong.srcs/sources_1/new/spiCtrl.v:27]
	Parameter Idle bound to: 3'b000 
	Parameter Init bound to: 3'b001 
	Parameter Wait bound to: 3'b010 
	Parameter Check bound to: 3'b011 
	Parameter Done bound to: 3'b100 
	Parameter byteEndVal bound to: 3'b101 
INFO: [Synth 8-6155] done synthesizing module 'spiCtrl' (11#1) [C:/Users/George/Desktop/ETE4451_BroncoPong_rev2/ETE4451_BroncoPong/ETE4451_BroncoPong.srcs/sources_1/new/spiCtrl.v:27]
INFO: [Synth 8-6157] synthesizing module 'spiMode0' [C:/Users/George/Desktop/ETE4451_BroncoPong_rev2/ETE4451_BroncoPong/ETE4451_BroncoPong.srcs/sources_1/new/SPImode0.v:37]
	Parameter Idle bound to: 2'b00 
	Parameter Init bound to: 2'b01 
	Parameter RxTx bound to: 2'b10 
	Parameter Done bound to: 2'b11 
INFO: [Synth 8-226] default block is never used [C:/Users/George/Desktop/ETE4451_BroncoPong_rev2/ETE4451_BroncoPong/ETE4451_BroncoPong.srcs/sources_1/new/SPImode0.v:184]
INFO: [Synth 8-6155] done synthesizing module 'spiMode0' (12#1) [C:/Users/George/Desktop/ETE4451_BroncoPong_rev2/ETE4451_BroncoPong/ETE4451_BroncoPong.srcs/sources_1/new/SPImode0.v:37]
INFO: [Synth 8-6157] synthesizing module 'ClkDiv_66_67kHz' [C:/Users/George/Desktop/ETE4451_BroncoPong_rev2/ETE4451_BroncoPong/ETE4451_BroncoPong.srcs/sources_1/new/ClkDiv_66_67kHz.v:20]
	Parameter cntEndVal bound to: 10'b1011101110 
INFO: [Synth 8-6155] done synthesizing module 'ClkDiv_66_67kHz' (13#1) [C:/Users/George/Desktop/ETE4451_BroncoPong_rev2/ETE4451_BroncoPong/ETE4451_BroncoPong.srcs/sources_1/new/ClkDiv_66_67kHz.v:20]
INFO: [Synth 8-6155] done synthesizing module 'PmodJSTK' (14#1) [C:/Users/George/Desktop/ETE4451_BroncoPong_rev2/ETE4451_BroncoPong/ETE4451_BroncoPong.srcs/sources_1/new/PmodJSTK.v:24]
INFO: [Synth 8-6157] synthesizing module 'ClkDiv_5Hz' [C:/Users/George/Desktop/ETE4451_BroncoPong_rev2/ETE4451_BroncoPong/ETE4451_BroncoPong.srcs/sources_1/new/PMOD_5HzSampler.v:20]
	Parameter cntEndVal bound to: 24'b100110001001011010000000 
INFO: [Synth 8-6155] done synthesizing module 'ClkDiv_5Hz' (15#1) [C:/Users/George/Desktop/ETE4451_BroncoPong_rev2/ETE4451_BroncoPong/ETE4451_BroncoPong.srcs/sources_1/new/PMOD_5HzSampler.v:20]
INFO: [Synth 8-6157] synthesizing module 'PaddlePos' [C:/Users/George/Desktop/ETE4451_BroncoPong_rev2/ETE4451_BroncoPong/ETE4451_BroncoPong.srcs/sources_1/new/PaddlePos.v:69]
	Parameter paddleUpperY bound to: 78 - type: integer 
	Parameter paddleLowerY bound to: 390 - type: integer 
INFO: [Synth 8-6155] done synthesizing module 'PaddlePos' (16#1) [C:/Users/George/Desktop/ETE4451_BroncoPong_rev2/ETE4451_BroncoPong/ETE4451_BroncoPong.srcs/sources_1/new/PaddlePos.v:69]
WARNING: [Synth 8-4446] all outputs are unconnected for this instance and logic may be removed [C:/Users/George/Desktop/ETE4451_BroncoPong_rev2/ETE4451_BroncoPong/ETE4451_BroncoPong.srcs/sources_1/new/JstkPmod_top.v:72]
INFO: [Synth 8-6157] synthesizing module 'ila_0_SPI' [C:/Users/George/Desktop/ETE4451_BroncoPong_rev2/ETE4451_BroncoPong/.Xil/Vivado-21388-DESKTOP-MB5IJCE/realtime/ila_0_SPI_stub.v:6]
INFO: [Synth 8-6155] done synthesizing module 'ila_0_SPI' (17#1) [C:/Users/George/Desktop/ETE4451_BroncoPong_rev2/ETE4451_BroncoPong/.Xil/Vivado-21388-DESKTOP-MB5IJCE/realtime/ila_0_SPI_stub.v:6]
INFO: [Synth 8-6071] Mark debug on the nets applies keep_hierarchy on instance 'UUT3a'. This will prevent further optimization [C:/Users/George/Desktop/ETE4451_BroncoPong_rev2/ETE4451_BroncoPong/ETE4451_BroncoPong.srcs/sources_1/new/JstkPmod_top.v:44]
INFO: [Synth 8-6071] Mark debug on the nets applies keep_hierarchy on instance 'ILA_SPI'. This will prevent further optimization [C:/Users/George/Desktop/ETE4451_BroncoPong_rev2/ETE4451_BroncoPong/ETE4451_BroncoPong.srcs/sources_1/new/JstkPmod_top.v:72]
INFO: [Synth 8-6071] Mark debug on the nets applies keep_hierarchy on instance 'UUT3c'. This will prevent further optimization [C:/Users/George/Desktop/ETE4451_BroncoPong_rev2/ETE4451_BroncoPong/ETE4451_BroncoPong.srcs/sources_1/new/JstkPmod_top.v:62]
INFO: [Synth 8-6155] done synthesizing module 'JstkPmod_top' (18#1) [C:/Users/George/Desktop/ETE4451_BroncoPong_rev2/ETE4451_BroncoPong/ETE4451_BroncoPong.srcs/sources_1/new/JstkPmod_top.v:23]
INFO: [Synth 8-6157] synthesizing module 'Display_top' [C:/Users/George/Desktop/ETE4451_BroncoPong_rev2/ETE4451_BroncoPong/ETE4451_BroncoPong.srcs/sources_1/new/Display_top.v:23]
INFO: [Synth 8-6157] synthesizing module 'GameTimer' [C:/Users/George/Desktop/ETE4451_BroncoPong_rev2/ETE4451_BroncoPong/ETE4451_BroncoPong.srcs/sources_1/new/GameTimer.v:23]
INFO: [Synth 8-6155] done synthesizing module 'GameTimer' (19#1) [C:/Users/George/Desktop/ETE4451_BroncoPong_rev2/ETE4451_BroncoPong/ETE4451_BroncoPong.srcs/sources_1/new/GameTimer.v:23]
INFO: [Synth 8-6157] synthesizing module 'Mem_Timing' [C:/Users/George/Desktop/ETE4451_BroncoPong_rev2/ETE4451_BroncoPong/ETE4451_BroncoPong.srcs/sources_1/new/Mem_Timing.v:23]
INFO: [Synth 8-6155] done synthesizing module 'Mem_Timing' (20#1) [C:/Users/George/Desktop/ETE4451_BroncoPong_rev2/ETE4451_BroncoPong/ETE4451_BroncoPong.srcs/sources_1/new/Mem_Timing.v:23]
INFO: [Synth 8-6157] synthesizing module 'Mem_Writer' [C:/Users/George/Desktop/ETE4451_BroncoPong_rev2/ETE4451_BroncoPong/ETE4451_BroncoPong.srcs/sources_1/new/Mem_Writer.v:21]
	Parameter s0_INITIALIZE bound to: 2'b01 
	Parameter s1_IDLE bound to: 2'b00 
	Parameter s2_WRITE bound to: 2'b10 
INFO: [Synth 8-226] default block is never used [C:/Users/George/Desktop/ETE4451_BroncoPong_rev2/ETE4451_BroncoPong/ETE4451_BroncoPong.srcs/sources_1/new/Mem_Writer.v:495]
INFO: [Synth 8-155] case statement is not full and has no default [C:/Users/George/Desktop/ETE4451_BroncoPong_rev2/ETE4451_BroncoPong/ETE4451_BroncoPong.srcs/sources_1/new/Mem_Writer.v:536]
INFO: [Synth 8-6155] done synthesizing module 'Mem_Writer' (21#1) [C:/Users/George/Desktop/ETE4451_BroncoPong_rev2/ETE4451_BroncoPong/ETE4451_BroncoPong.srcs/sources_1/new/Mem_Writer.v:21]
INFO: [Synth 8-6157] synthesizing module 'VideoBuffer_wrapper' [C:/Users/George/Desktop/ETE4451_BroncoPong_rev2/ETE4451_BroncoPong/ETE4451_BroncoPong.gen/sources_1/bd/VideoBuffer/hdl/VideoBuffer_wrapper.v:12]
INFO: [Synth 8-6157] synthesizing module 'VideoBuffer' [c:/Users/George/Desktop/ETE4451_BroncoPong_rev2/ETE4451_BroncoPong/ETE4451_BroncoPong.gen/sources_1/bd/VideoBuffer/synth/VideoBuffer.v:13]
INFO: [Synth 8-6157] synthesizing module 'VideoBuffer_blk_mem_gen_0_0' [C:/Users/George/Desktop/ETE4451_BroncoPong_rev2/ETE4451_BroncoPong/.Xil/Vivado-21388-DESKTOP-MB5IJCE/realtime/VideoBuffer_blk_mem_gen_0_0_stub.v:6]
INFO: [Synth 8-6155] done synthesizing module 'VideoBuffer_blk_mem_gen_0_0' (22#1) [C:/Users/George/Desktop/ETE4451_BroncoPong_rev2/ETE4451_BroncoPong/.Xil/Vivado-21388-DESKTOP-MB5IJCE/realtime/VideoBuffer_blk_mem_gen_0_0_stub.v:6]
INFO: [Synth 8-6155] done synthesizing module 'VideoBuffer' (23#1) [c:/Users/George/Desktop/ETE4451_BroncoPong_rev2/ETE4451_BroncoPong/ETE4451_BroncoPong.gen/sources_1/bd/VideoBuffer/synth/VideoBuffer.v:13]
INFO: [Synth 8-6155] done synthesizing module 'VideoBuffer_wrapper' (24#1) [C:/Users/George/Desktop/ETE4451_BroncoPong_rev2/ETE4451_BroncoPong/ETE4451_BroncoPong.gen/sources_1/bd/VideoBuffer/hdl/VideoBuffer_wrapper.v:12]
INFO: [Synth 8-6157] synthesizing module 'HDMI_Timing' [C:/Users/George/Desktop/ETE4451_BroncoPong_rev2/ETE4451_BroncoPong/ETE4451_BroncoPong.srcs/sources_1/new/HDMI_Timing.v:23]
INFO: [Synth 8-6155] done synthesizing module 'HDMI_Timing' (25#1) [C:/Users/George/Desktop/ETE4451_BroncoPong_rev2/ETE4451_BroncoPong/ETE4451_BroncoPong.srcs/sources_1/new/HDMI_Timing.v:23]
INFO: [Synth 8-6157] synthesizing module 'HDMI_FrameGen_top' [C:/Users/George/Desktop/ETE4451_BroncoPong_rev2/ETE4451_BroncoPong/ETE4451_BroncoPong.srcs/sources_1/new/HDMI_FrameGen_top.v:23]
INFO: [Synth 8-6157] synthesizing module 'HDMI_FrameRead' [C:/Users/George/Desktop/ETE4451_BroncoPong_rev2/ETE4451_BroncoPong/ETE4451_BroncoPong.srcs/sources_1/new/HDMI_FrameRead.v:23]
	Parameter s0_INITIALIZE bound to: 2'b01 
	Parameter s1_IDLE bound to: 2'b00 
	Parameter s2_ACTIVE bound to: 2'b10 
INFO: [Synth 8-155] case statement is not full and has no default [C:/Users/George/Desktop/ETE4451_BroncoPong_rev2/ETE4451_BroncoPong/ETE4451_BroncoPong.srcs/sources_1/new/HDMI_FrameRead.v:125]
INFO: [Synth 8-6155] done synthesizing module 'HDMI_FrameRead' (26#1) [C:/Users/George/Desktop/ETE4451_BroncoPong_rev2/ETE4451_BroncoPong/ETE4451_BroncoPong.srcs/sources_1/new/HDMI_FrameRead.v:23]
INFO: [Synth 8-6157] synthesizing module 'HDMI_PixelROM' [C:/Users/George/Desktop/ETE4451_BroncoPong_rev2/ETE4451_BroncoPong/ETE4451_BroncoPong.srcs/sources_1/new/HDMI_PixelROM.v:24]
INFO: [Synth 8-6155] done synthesizing module 'HDMI_PixelROM' (27#1) [C:/Users/George/Desktop/ETE4451_BroncoPong_rev2/ETE4451_BroncoPong/ETE4451_BroncoPong.srcs/sources_1/new/HDMI_PixelROM.v:24]
INFO: [Synth 8-6155] done synthesizing module 'HDMI_FrameGen_top' (28#1) [C:/Users/George/Desktop/ETE4451_BroncoPong_rev2/ETE4451_BroncoPong/ETE4451_BroncoPong.srcs/sources_1/new/HDMI_FrameGen_top.v:23]
INFO: [Synth 8-6157] synthesizing module 'HDMI_TMDS' [C:/Users/George/Desktop/ETE4451_BroncoPong_rev2/ETE4451_BroncoPong/ETE4451_BroncoPong.srcs/sources_1/new/HDMI_TX.v:23]
INFO: [Synth 8-6157] synthesizing module 'TMDS_encoder2' [C:/Users/George/Desktop/ETE4451_BroncoPong_rev2/ETE4451_BroncoPong/ETE4451_BroncoPong.srcs/sources_1/new/TMDS-rev2.v:23]
INFO: [Synth 8-6155] done synthesizing module 'TMDS_encoder2' (29#1) [C:/Users/George/Desktop/ETE4451_BroncoPong_rev2/ETE4451_BroncoPong/ETE4451_BroncoPong.srcs/sources_1/new/TMDS-rev2.v:23]
INFO: [Synth 8-6155] done synthesizing module 'HDMI_TMDS' (30#1) [C:/Users/George/Desktop/ETE4451_BroncoPong_rev2/ETE4451_BroncoPong/ETE4451_BroncoPong.srcs/sources_1/new/HDMI_TX.v:23]
INFO: [Synth 8-6157] synthesizing module 'HDMI_Out' [C:/Users/George/Desktop/ETE4451_BroncoPong_rev2/ETE4451_BroncoPong/ETE4451_BroncoPong.srcs/sources_1/new/HDMI_Out.v:23]
INFO: [Synth 8-6157] synthesizing module 'OBUFDS' [G:/Vivado/2020.2/scripts/rt/data/unisim_comp.v:46332]
	Parameter CAPACITANCE bound to: DONT_CARE - type: string 
	Parameter IOSTANDARD bound to: DEFAULT - type: string 
	Parameter SLEW bound to: SLOW - type: string 
INFO: [Synth 8-6155] done synthesizing module 'OBUFDS' (31#1) [G:/Vivado/2020.2/scripts/rt/data/unisim_comp.v:46332]
INFO: [Synth 8-6155] done synthesizing module 'HDMI_Out' (32#1) [C:/Users/George/Desktop/ETE4451_BroncoPong_rev2/ETE4451_BroncoPong/ETE4451_BroncoPong.srcs/sources_1/new/HDMI_Out.v:23]
INFO: [Synth 8-6155] done synthesizing module 'Display_top' (33#1) [C:/Users/George/Desktop/ETE4451_BroncoPong_rev2/ETE4451_BroncoPong/ETE4451_BroncoPong.srcs/sources_1/new/Display_top.v:23]
INFO: [Synth 8-6155] done synthesizing module 'BP_top' (34#1) [C:/Users/George/Desktop/ETE4451_BroncoPong_rev2/ETE4451_BroncoPong/ETE4451_BroncoPong.srcs/sources_1/new/BP_top.v:23]
---------------------------------------------------------------------------------
Finished RTL Elaboration : Time (s): cpu = 00:00:07 ; elapsed = 00:00:06 . Memory (MB): peak = 1687.215 ; gain = 322.250
---------------------------------------------------------------------------------
---------------------------------------------------------------------------------
Start Handling Custom Attributes
---------------------------------------------------------------------------------
---------------------------------------------------------------------------------
Finished Handling Custom Attributes : Time (s): cpu = 00:00:07 ; elapsed = 00:00:07 . Memory (MB): peak = 1687.215 ; gain = 322.250
---------------------------------------------------------------------------------
---------------------------------------------------------------------------------
Finished RTL Optimization Phase 1 : Time (s): cpu = 00:00:07 ; elapsed = 00:00:07 . Memory (MB): peak = 1687.215 ; gain = 322.250
---------------------------------------------------------------------------------
INFO: [Project 1-454] Reading design checkpoint 'c:/Users/George/Desktop/ETE4451_BroncoPong_rev2/ETE4451_BroncoPong/ETE4451_BroncoPong.gen/sources_1/bd/DCM/ip/DCM_clk_wiz_0_1/DCM_clk_wiz_0_1.dcp' for cell 'CLKGEN/DCM_i/clk_wiz_0'
INFO: [Project 1-454] Reading design checkpoint 'c:/Users/George/Desktop/ETE4451_BroncoPong_rev2/ETE4451_BroncoPong/ETE4451_BroncoPong.gen/sources_1/ip/ila_0_SPI/ila_0_SPI.dcp' for cell 'UUT3/ILA_SPI'
INFO: [Project 1-454] Reading design checkpoint 'c:/Users/George/Desktop/ETE4451_BroncoPong_rev2/ETE4451_BroncoPong/ETE4451_BroncoPong.gen/sources_1/bd/VideoBuffer/ip/VideoBuffer_blk_mem_gen_0_0/VideoBuffer_blk_mem_gen_0_0.dcp' for cell 'UUT4/UUT4d/VideoBuffer_i/blk_mem_gen_0'
Netlist sorting complete. Time (s): cpu = 00:00:00 ; elapsed = 00:00:00.161 . Memory (MB): peak = 1687.215 ; gain = 0.000
INFO: [Netlist 29-17] Analyzing 283 Unisim elements for replacement
INFO: [Netlist 29-28] Unisim Transformation completed in 0 CPU seconds
INFO: [Project 1-479] Netlist was created with Vivado 2020.2
INFO: [Project 1-570] Preparing netlist for logic optimization

Processing XDC Constraints
Initializing timing engine
Parsing XDC File [c:/Users/George/Desktop/ETE4451_BroncoPong_rev2/ETE4451_BroncoPong/ETE4451_BroncoPong.gen/sources_1/bd/DCM/ip/DCM_clk_wiz_0_1/DCM_clk_wiz_0_1_board.xdc] for cell 'CLKGEN/DCM_i/clk_wiz_0/inst'
Finished Parsing XDC File [c:/Users/George/Desktop/ETE4451_BroncoPong_rev2/ETE4451_BroncoPong/ETE4451_BroncoPong.gen/sources_1/bd/DCM/ip/DCM_clk_wiz_0_1/DCM_clk_wiz_0_1_board.xdc] for cell 'CLKGEN/DCM_i/clk_wiz_0/inst'
Parsing XDC File [c:/Users/George/Desktop/ETE4451_BroncoPong_rev2/ETE4451_BroncoPong/ETE4451_BroncoPong.gen/sources_1/bd/DCM/ip/DCM_clk_wiz_0_1/DCM_clk_wiz_0_1.xdc] for cell 'CLKGEN/DCM_i/clk_wiz_0/inst'
Finished Parsing XDC File [c:/Users/George/Desktop/ETE4451_BroncoPong_rev2/ETE4451_BroncoPong/ETE4451_BroncoPong.gen/sources_1/bd/DCM/ip/DCM_clk_wiz_0_1/DCM_clk_wiz_0_1.xdc] for cell 'CLKGEN/DCM_i/clk_wiz_0/inst'
INFO: [Project 1-236] Implementation specific constraints were found while reading constraint file [c:/Users/George/Desktop/ETE4451_BroncoPong_rev2/ETE4451_BroncoPong/ETE4451_BroncoPong.gen/sources_1/bd/DCM/ip/DCM_clk_wiz_0_1/DCM_clk_wiz_0_1.xdc]. These constraints will be ignored for synthesis but will be used in implementation. Impacted constraints are listed in the file [.Xil/BP_top_propImpl.xdc].
Resolution: To avoid this warning, move constraints listed in [.Xil/BP_top_propImpl.xdc] to another XDC file and exclude this new file from synthesis with the used_in_synthesis property (File Properties dialog in GUI) and re-run elaboration/synthesis.
Parsing XDC File [c:/Users/George/Desktop/ETE4451_BroncoPong_rev2/ETE4451_BroncoPong/ETE4451_BroncoPong.gen/sources_1/ip/ila_0_SPI/ila_v6_2/constraints/ila.xdc] for cell 'UUT3/ILA_SPI/inst'
Finished Parsing XDC File [c:/Users/George/Desktop/ETE4451_BroncoPong_rev2/ETE4451_BroncoPong/ETE4451_BroncoPong.gen/sources_1/ip/ila_0_SPI/ila_v6_2/constraints/ila.xdc] for cell 'UUT3/ILA_SPI/inst'
INFO: [Timing 38-2] Deriving generated clocks
Parsing XDC File [C:/Users/George/Desktop/ETE4451_BroncoPong_rev2/ETE4451_BroncoPong/ETE4451_BroncoPong.srcs/sources_1/constrs_1/new/test-constr.xdc]
Finished Parsing XDC File [C:/Users/George/Desktop/ETE4451_BroncoPong_rev2/ETE4451_BroncoPong/ETE4451_BroncoPong.srcs/sources_1/constrs_1/new/test-constr.xdc]
Completed Processing XDC Constraints

Netlist sorting complete. Time (s): cpu = 00:00:00 ; elapsed = 00:00:00.005 . Memory (MB): peak = 1843.340 ; gain = 0.000
INFO: [Project 1-111] Unisim Transformation Summary:
  A total of 148 instances were transformed.
  CFGLUT5 => CFGLUT5 (SRL16E, SRLC32E): 144 instances
  OBUFDS => OBUFDS: 4 instances

RTL Elaboration Complete:  : Time (s): cpu = 00:00:30 ; elapsed = 00:00:17 . Memory (MB): peak = 2040.066 ; gain = 675.102
87 Infos, 1 Warnings, 1 Critical Warnings and 0 Errors encountered.
synth_design completed successfully
synth_design: Time (s): cpu = 00:00:37 ; elapsed = 00:00:25 . Memory (MB): peak = 2040.066 ; gain = 925.879
create_ip_run [get_files -of_objects [get_fileset sources_1] C:/Users/George/Desktop/ETE4451_BroncoPong_rev2/ETE4451_BroncoPong/ETE4451_BroncoPong.srcs/sources_1/bd/VideoBuffer/VideoBuffer.bd]
WARNING: [Vivado 12-4173] The following IPs are not generated and locked, no out-of-context (OOC) run will be created. Please select 'Report IP Status' from 'Tools/Report' or run Tcl command 'report_ip_status' for more information.
C:/Users/George/Desktop/ETE4451_BroncoPong_rev2/ETE4451_BroncoPong/ETE4451_BroncoPong.srcs/sources_1/bd/DCM/DCM.bd

refresh_design
CRITICAL WARNING: [Synth 8-2490] overwriting previous definition of module DCM [c:/Users/George/Desktop/ETE4451_BroncoPong_rev2/ETE4451_BroncoPong/ETE4451_BroncoPong.gen/sources_1/bd/DCM/synth/DCM.v:13]
---------------------------------------------------------------------------------
Starting RTL Elaboration : Time (s): cpu = 00:00:07 ; elapsed = 00:00:05 . Memory (MB): peak = 2064.844 ; gain = 18.957
---------------------------------------------------------------------------------
INFO: [Synth 8-6157] synthesizing module 'BP_top' [C:/Users/George/Desktop/ETE4451_BroncoPong_rev2/ETE4451_BroncoPong/ETE4451_BroncoPong.srcs/sources_1/new/BP_top.v:23]
INFO: [Synth 8-6157] synthesizing module 'DCM_wrapper' [C:/Users/George/Desktop/ETE4451_BroncoPong_rev2/ETE4451_BroncoPong/ETE4451_BroncoPong.gen/sources_1/bd/DCM/hdl/DCM_wrapper.v:12]
INFO: [Synth 8-6157] synthesizing module 'DCM' [c:/Users/George/Desktop/ETE4451_BroncoPong_rev2/ETE4451_BroncoPong/ETE4451_BroncoPong.gen/sources_1/bd/DCM/synth/DCM.v:13]
INFO: [Synth 8-6157] synthesizing module 'DCM_clk_wiz_0_1' [C:/Users/George/Desktop/ETE4451_BroncoPong_rev2/ETE4451_BroncoPong/.Xil/Vivado-21388-DESKTOP-MB5IJCE/realtime/DCM_clk_wiz_0_1_stub.v:5]
INFO: [Synth 8-6155] done synthesizing module 'DCM_clk_wiz_0_1' (1#1) [C:/Users/George/Desktop/ETE4451_BroncoPong_rev2/ETE4451_BroncoPong/.Xil/Vivado-21388-DESKTOP-MB5IJCE/realtime/DCM_clk_wiz_0_1_stub.v:5]
INFO: [Synth 8-6155] done synthesizing module 'DCM' (2#1) [c:/Users/George/Desktop/ETE4451_BroncoPong_rev2/ETE4451_BroncoPong/ETE4451_BroncoPong.gen/sources_1/bd/DCM/synth/DCM.v:13]
INFO: [Synth 8-6155] done synthesizing module 'DCM_wrapper' (3#1) [C:/Users/George/Desktop/ETE4451_BroncoPong_rev2/ETE4451_BroncoPong/ETE4451_BroncoPong.gen/sources_1/bd/DCM/hdl/DCM_wrapper.v:12]
INFO: [Synth 8-6157] synthesizing module 'GameControl_top' [C:/Users/George/Desktop/ETE4451_BroncoPong_rev2/ETE4451_BroncoPong/ETE4451_BroncoPong.srcs/sources_1/new/GameControl_top.v:23]
INFO: [Synth 8-6157] synthesizing module 'GameControl' [C:/Users/George/Desktop/ETE4451_BroncoPong_rev2/ETE4451_BroncoPong/ETE4451_BroncoPong.srcs/sources_1/new/Game_state.v:21]
	Parameter s0_idle bound to: 0 - type: integer 
	Parameter s1_game_running bound to: 1 - type: integer 
	Parameter s2_game_pause bound to: 2 - type: integer 
	Parameter s3_game_over bound to: 3 - type: integer 
INFO: [Synth 8-226] default block is never used [C:/Users/George/Desktop/ETE4451_BroncoPong_rev2/ETE4451_BroncoPong/ETE4451_BroncoPong.srcs/sources_1/new/Game_state.v:129]
INFO: [Synth 8-6155] done synthesizing module 'GameControl' (4#1) [C:/Users/George/Desktop/ETE4451_BroncoPong_rev2/ETE4451_BroncoPong/ETE4451_BroncoPong.srcs/sources_1/new/Game_state.v:21]
INFO: [Synth 8-6157] synthesizing module 'GameControlTimer' [C:/Users/George/Desktop/ETE4451_BroncoPong_rev2/ETE4451_BroncoPong/ETE4451_BroncoPong.srcs/sources_1/new/GameControlTimer.v:22]
INFO: [Synth 8-6155] done synthesizing module 'GameControlTimer' (5#1) [C:/Users/George/Desktop/ETE4451_BroncoPong_rev2/ETE4451_BroncoPong/ETE4451_BroncoPong.srcs/sources_1/new/GameControlTimer.v:22]
INFO: [Synth 8-6155] done synthesizing module 'GameControl_top' (6#1) [C:/Users/George/Desktop/ETE4451_BroncoPong_rev2/ETE4451_BroncoPong/ETE4451_BroncoPong.srcs/sources_1/new/GameControl_top.v:23]
INFO: [Synth 8-6157] synthesizing module 'BallCollision_top' [C:/Users/George/Desktop/ETE4451_BroncoPong_rev2/ETE4451_BroncoPong/ETE4451_BroncoPong.srcs/sources_1/new/BallCollision_top.v:23]
INFO: [Synth 8-6157] synthesizing module 'BallCollisionDemoVersion' [C:/Users/George/Desktop/ETE4451_BroncoPong_rev2/ETE4451_BroncoPong/ETE4451_BroncoPong.srcs/sources_1/new/BallCollision2.v:23]
	Parameter topBoundary bound to: 10'b0001001001 
	Parameter bottomBoundary bound to: 10'b0111011000 
	Parameter leftBoundary bound to: 10'b0000001000 
	Parameter rightBoundary bound to: 10'b1001011000 
	Parameter paddleX bound to: 10'b1001010000 
	Parameter paddleYLength bound to: 10'b0001010000 
INFO: [Synth 8-6155] done synthesizing module 'BallCollisionDemoVersion' (7#1) [C:/Users/George/Desktop/ETE4451_BroncoPong_rev2/ETE4451_BroncoPong/ETE4451_BroncoPong.srcs/sources_1/new/BallCollision2.v:23]
INFO: [Synth 8-6157] synthesizing module 'collisionAddOn' [C:/Users/George/Desktop/ETE4451_BroncoPong_rev2/ETE4451_BroncoPong/ETE4451_BroncoPong.srcs/sources_1/new/collisionAddOn.v:23]
INFO: [Synth 8-6155] done synthesizing module 'collisionAddOn' (8#1) [C:/Users/George/Desktop/ETE4451_BroncoPong_rev2/ETE4451_BroncoPong/ETE4451_BroncoPong.srcs/sources_1/new/collisionAddOn.v:23]
INFO: [Synth 8-6155] done synthesizing module 'BallCollision_top' (9#1) [C:/Users/George/Desktop/ETE4451_BroncoPong_rev2/ETE4451_BroncoPong/ETE4451_BroncoPong.srcs/sources_1/new/BallCollision_top.v:23]
INFO: [Synth 8-6157] synthesizing module 'BallPosition' [C:/Users/George/Desktop/ETE4451_BroncoPong_rev2/ETE4451_BroncoPong/ETE4451_BroncoPong.srcs/sources_1/new/BallPosition.v:23]
INFO: [Synth 8-6155] done synthesizing module 'BallPosition' (10#1) [C:/Users/George/Desktop/ETE4451_BroncoPong_rev2/ETE4451_BroncoPong/ETE4451_BroncoPong.srcs/sources_1/new/BallPosition.v:23]
INFO: [Synth 8-6157] synthesizing module 'JstkPmod_top' [C:/Users/George/Desktop/ETE4451_BroncoPong_rev2/ETE4451_BroncoPong/ETE4451_BroncoPong.srcs/sources_1/new/JstkPmod_top.v:23]
INFO: [Synth 8-6157] synthesizing module 'PmodJSTK' [C:/Users/George/Desktop/ETE4451_BroncoPong_rev2/ETE4451_BroncoPong/ETE4451_BroncoPong.srcs/sources_1/new/PmodJSTK.v:24]
INFO: [Synth 8-6157] synthesizing module 'spiCtrl' [C:/Users/George/Desktop/ETE4451_BroncoPong_rev2/ETE4451_BroncoPong/ETE4451_BroncoPong.srcs/sources_1/new/spiCtrl.v:27]
	Parameter Idle bound to: 3'b000 
	Parameter Init bound to: 3'b001 
	Parameter Wait bound to: 3'b010 
	Parameter Check bound to: 3'b011 
	Parameter Done bound to: 3'b100 
	Parameter byteEndVal bound to: 3'b101 
INFO: [Synth 8-6155] done synthesizing module 'spiCtrl' (11#1) [C:/Users/George/Desktop/ETE4451_BroncoPong_rev2/ETE4451_BroncoPong/ETE4451_BroncoPong.srcs/sources_1/new/spiCtrl.v:27]
INFO: [Synth 8-6157] synthesizing module 'spiMode0' [C:/Users/George/Desktop/ETE4451_BroncoPong_rev2/ETE4451_BroncoPong/ETE4451_BroncoPong.srcs/sources_1/new/SPImode0.v:37]
	Parameter Idle bound to: 2'b00 
	Parameter Init bound to: 2'b01 
	Parameter RxTx bound to: 2'b10 
	Parameter Done bound to: 2'b11 
INFO: [Synth 8-226] default block is never used [C:/Users/George/Desktop/ETE4451_BroncoPong_rev2/ETE4451_BroncoPong/ETE4451_BroncoPong.srcs/sources_1/new/SPImode0.v:184]
INFO: [Synth 8-6155] done synthesizing module 'spiMode0' (12#1) [C:/Users/George/Desktop/ETE4451_BroncoPong_rev2/ETE4451_BroncoPong/ETE4451_BroncoPong.srcs/sources_1/new/SPImode0.v:37]
INFO: [Synth 8-6157] synthesizing module 'ClkDiv_66_67kHz' [C:/Users/George/Desktop/ETE4451_BroncoPong_rev2/ETE4451_BroncoPong/ETE4451_BroncoPong.srcs/sources_1/new/ClkDiv_66_67kHz.v:20]
	Parameter cntEndVal bound to: 10'b1011101110 
INFO: [Synth 8-6155] done synthesizing module 'ClkDiv_66_67kHz' (13#1) [C:/Users/George/Desktop/ETE4451_BroncoPong_rev2/ETE4451_BroncoPong/ETE4451_BroncoPong.srcs/sources_1/new/ClkDiv_66_67kHz.v:20]
INFO: [Synth 8-6155] done synthesizing module 'PmodJSTK' (14#1) [C:/Users/George/Desktop/ETE4451_BroncoPong_rev2/ETE4451_BroncoPong/ETE4451_BroncoPong.srcs/sources_1/new/PmodJSTK.v:24]
INFO: [Synth 8-6157] synthesizing module 'ClkDiv_5Hz' [C:/Users/George/Desktop/ETE4451_BroncoPong_rev2/ETE4451_BroncoPong/ETE4451_BroncoPong.srcs/sources_1/new/PMOD_5HzSampler.v:20]
	Parameter cntEndVal bound to: 24'b100110001001011010000000 
INFO: [Synth 8-6155] done synthesizing module 'ClkDiv_5Hz' (15#1) [C:/Users/George/Desktop/ETE4451_BroncoPong_rev2/ETE4451_BroncoPong/ETE4451_BroncoPong.srcs/sources_1/new/PMOD_5HzSampler.v:20]
INFO: [Synth 8-6157] synthesizing module 'PaddlePos' [C:/Users/George/Desktop/ETE4451_BroncoPong_rev2/ETE4451_BroncoPong/ETE4451_BroncoPong.srcs/sources_1/new/PaddlePos.v:69]
	Parameter paddleUpperY bound to: 78 - type: integer 
	Parameter paddleLowerY bound to: 390 - type: integer 
INFO: [Synth 8-6155] done synthesizing module 'PaddlePos' (16#1) [C:/Users/George/Desktop/ETE4451_BroncoPong_rev2/ETE4451_BroncoPong/ETE4451_BroncoPong.srcs/sources_1/new/PaddlePos.v:69]
WARNING: [Synth 8-4446] all outputs are unconnected for this instance and logic may be removed [C:/Users/George/Desktop/ETE4451_BroncoPong_rev2/ETE4451_BroncoPong/ETE4451_BroncoPong.srcs/sources_1/new/JstkPmod_top.v:72]
INFO: [Synth 8-6157] synthesizing module 'ila_0_SPI' [C:/Users/George/Desktop/ETE4451_BroncoPong_rev2/ETE4451_BroncoPong/.Xil/Vivado-21388-DESKTOP-MB5IJCE/realtime/ila_0_SPI_stub.v:6]
INFO: [Synth 8-6155] done synthesizing module 'ila_0_SPI' (17#1) [C:/Users/George/Desktop/ETE4451_BroncoPong_rev2/ETE4451_BroncoPong/.Xil/Vivado-21388-DESKTOP-MB5IJCE/realtime/ila_0_SPI_stub.v:6]
INFO: [Synth 8-6071] Mark debug on the nets applies keep_hierarchy on instance 'UUT3a'. This will prevent further optimization [C:/Users/George/Desktop/ETE4451_BroncoPong_rev2/ETE4451_BroncoPong/ETE4451_BroncoPong.srcs/sources_1/new/JstkPmod_top.v:44]
INFO: [Synth 8-6071] Mark debug on the nets applies keep_hierarchy on instance 'ILA_SPI'. This will prevent further optimization [C:/Users/George/Desktop/ETE4451_BroncoPong_rev2/ETE4451_BroncoPong/ETE4451_BroncoPong.srcs/sources_1/new/JstkPmod_top.v:72]
INFO: [Synth 8-6071] Mark debug on the nets applies keep_hierarchy on instance 'UUT3c'. This will prevent further optimization [C:/Users/George/Desktop/ETE4451_BroncoPong_rev2/ETE4451_BroncoPong/ETE4451_BroncoPong.srcs/sources_1/new/JstkPmod_top.v:62]
INFO: [Synth 8-6155] done synthesizing module 'JstkPmod_top' (18#1) [C:/Users/George/Desktop/ETE4451_BroncoPong_rev2/ETE4451_BroncoPong/ETE4451_BroncoPong.srcs/sources_1/new/JstkPmod_top.v:23]
INFO: [Synth 8-6157] synthesizing module 'Display_top' [C:/Users/George/Desktop/ETE4451_BroncoPong_rev2/ETE4451_BroncoPong/ETE4451_BroncoPong.srcs/sources_1/new/Display_top.v:23]
INFO: [Synth 8-6157] synthesizing module 'GameTimer' [C:/Users/George/Desktop/ETE4451_BroncoPong_rev2/ETE4451_BroncoPong/ETE4451_BroncoPong.srcs/sources_1/new/GameTimer.v:23]
INFO: [Synth 8-6155] done synthesizing module 'GameTimer' (19#1) [C:/Users/George/Desktop/ETE4451_BroncoPong_rev2/ETE4451_BroncoPong/ETE4451_BroncoPong.srcs/sources_1/new/GameTimer.v:23]
INFO: [Synth 8-6157] synthesizing module 'Mem_Timing' [C:/Users/George/Desktop/ETE4451_BroncoPong_rev2/ETE4451_BroncoPong/ETE4451_BroncoPong.srcs/sources_1/new/Mem_Timing.v:23]
INFO: [Synth 8-6155] done synthesizing module 'Mem_Timing' (20#1) [C:/Users/George/Desktop/ETE4451_BroncoPong_rev2/ETE4451_BroncoPong/ETE4451_BroncoPong.srcs/sources_1/new/Mem_Timing.v:23]
INFO: [Synth 8-6157] synthesizing module 'Mem_Writer' [C:/Users/George/Desktop/ETE4451_BroncoPong_rev2/ETE4451_BroncoPong/ETE4451_BroncoPong.srcs/sources_1/new/Mem_Writer.v:21]
	Parameter s0_INITIALIZE bound to: 2'b01 
	Parameter s1_IDLE bound to: 2'b00 
	Parameter s2_WRITE bound to: 2'b10 
INFO: [Synth 8-226] default block is never used [C:/Users/George/Desktop/ETE4451_BroncoPong_rev2/ETE4451_BroncoPong/ETE4451_BroncoPong.srcs/sources_1/new/Mem_Writer.v:495]
INFO: [Synth 8-155] case statement is not full and has no default [C:/Users/George/Desktop/ETE4451_BroncoPong_rev2/ETE4451_BroncoPong/ETE4451_BroncoPong.srcs/sources_1/new/Mem_Writer.v:536]
INFO: [Synth 8-6155] done synthesizing module 'Mem_Writer' (21#1) [C:/Users/George/Desktop/ETE4451_BroncoPong_rev2/ETE4451_BroncoPong/ETE4451_BroncoPong.srcs/sources_1/new/Mem_Writer.v:21]
INFO: [Synth 8-6157] synthesizing module 'VideoBuffer_wrapper' [C:/Users/George/Desktop/ETE4451_BroncoPong_rev2/ETE4451_BroncoPong/ETE4451_BroncoPong.gen/sources_1/bd/VideoBuffer/hdl/VideoBuffer_wrapper.v:12]
INFO: [Synth 8-6157] synthesizing module 'VideoBuffer' [c:/Users/George/Desktop/ETE4451_BroncoPong_rev2/ETE4451_BroncoPong/ETE4451_BroncoPong.gen/sources_1/bd/VideoBuffer/synth/VideoBuffer.v:13]
INFO: [Synth 8-6157] synthesizing module 'VideoBuffer_blk_mem_gen_0_0' [C:/Users/George/Desktop/ETE4451_BroncoPong_rev2/ETE4451_BroncoPong/.Xil/Vivado-21388-DESKTOP-MB5IJCE/realtime/VideoBuffer_blk_mem_gen_0_0_stub.v:6]
INFO: [Synth 8-6155] done synthesizing module 'VideoBuffer_blk_mem_gen_0_0' (22#1) [C:/Users/George/Desktop/ETE4451_BroncoPong_rev2/ETE4451_BroncoPong/.Xil/Vivado-21388-DESKTOP-MB5IJCE/realtime/VideoBuffer_blk_mem_gen_0_0_stub.v:6]
INFO: [Synth 8-6155] done synthesizing module 'VideoBuffer' (23#1) [c:/Users/George/Desktop/ETE4451_BroncoPong_rev2/ETE4451_BroncoPong/ETE4451_BroncoPong.gen/sources_1/bd/VideoBuffer/synth/VideoBuffer.v:13]
INFO: [Synth 8-6155] done synthesizing module 'VideoBuffer_wrapper' (24#1) [C:/Users/George/Desktop/ETE4451_BroncoPong_rev2/ETE4451_BroncoPong/ETE4451_BroncoPong.gen/sources_1/bd/VideoBuffer/hdl/VideoBuffer_wrapper.v:12]
INFO: [Synth 8-6157] synthesizing module 'HDMI_Timing' [C:/Users/George/Desktop/ETE4451_BroncoPong_rev2/ETE4451_BroncoPong/ETE4451_BroncoPong.srcs/sources_1/new/HDMI_Timing.v:23]
INFO: [Synth 8-6155] done synthesizing module 'HDMI_Timing' (25#1) [C:/Users/George/Desktop/ETE4451_BroncoPong_rev2/ETE4451_BroncoPong/ETE4451_BroncoPong.srcs/sources_1/new/HDMI_Timing.v:23]
INFO: [Synth 8-6157] synthesizing module 'HDMI_FrameGen_top' [C:/Users/George/Desktop/ETE4451_BroncoPong_rev2/ETE4451_BroncoPong/ETE4451_BroncoPong.srcs/sources_1/new/HDMI_FrameGen_top.v:23]
INFO: [Synth 8-6157] synthesizing module 'HDMI_FrameRead' [C:/Users/George/Desktop/ETE4451_BroncoPong_rev2/ETE4451_BroncoPong/ETE4451_BroncoPong.srcs/sources_1/new/HDMI_FrameRead.v:23]
	Parameter s0_INITIALIZE bound to: 2'b01 
	Parameter s1_IDLE bound to: 2'b00 
	Parameter s2_ACTIVE bound to: 2'b10 
INFO: [Synth 8-155] case statement is not full and has no default [C:/Users/George/Desktop/ETE4451_BroncoPong_rev2/ETE4451_BroncoPong/ETE4451_BroncoPong.srcs/sources_1/new/HDMI_FrameRead.v:125]
INFO: [Synth 8-6155] done synthesizing module 'HDMI_FrameRead' (26#1) [C:/Users/George/Desktop/ETE4451_BroncoPong_rev2/ETE4451_BroncoPong/ETE4451_BroncoPong.srcs/sources_1/new/HDMI_FrameRead.v:23]
INFO: [Synth 8-6157] synthesizing module 'HDMI_PixelROM' [C:/Users/George/Desktop/ETE4451_BroncoPong_rev2/ETE4451_BroncoPong/ETE4451_BroncoPong.srcs/sources_1/new/HDMI_PixelROM.v:24]
INFO: [Synth 8-6155] done synthesizing module 'HDMI_PixelROM' (27#1) [C:/Users/George/Desktop/ETE4451_BroncoPong_rev2/ETE4451_BroncoPong/ETE4451_BroncoPong.srcs/sources_1/new/HDMI_PixelROM.v:24]
INFO: [Synth 8-6155] done synthesizing module 'HDMI_FrameGen_top' (28#1) [C:/Users/George/Desktop/ETE4451_BroncoPong_rev2/ETE4451_BroncoPong/ETE4451_BroncoPong.srcs/sources_1/new/HDMI_FrameGen_top.v:23]
INFO: [Synth 8-6157] synthesizing module 'HDMI_TMDS' [C:/Users/George/Desktop/ETE4451_BroncoPong_rev2/ETE4451_BroncoPong/ETE4451_BroncoPong.srcs/sources_1/new/HDMI_TX.v:23]
INFO: [Synth 8-6157] synthesizing module 'TMDS_encoder2' [C:/Users/George/Desktop/ETE4451_BroncoPong_rev2/ETE4451_BroncoPong/ETE4451_BroncoPong.srcs/sources_1/new/TMDS-rev2.v:23]
INFO: [Synth 8-6155] done synthesizing module 'TMDS_encoder2' (29#1) [C:/Users/George/Desktop/ETE4451_BroncoPong_rev2/ETE4451_BroncoPong/ETE4451_BroncoPong.srcs/sources_1/new/TMDS-rev2.v:23]
INFO: [Synth 8-6155] done synthesizing module 'HDMI_TMDS' (30#1) [C:/Users/George/Desktop/ETE4451_BroncoPong_rev2/ETE4451_BroncoPong/ETE4451_BroncoPong.srcs/sources_1/new/HDMI_TX.v:23]
INFO: [Synth 8-6157] synthesizing module 'HDMI_Out' [C:/Users/George/Desktop/ETE4451_BroncoPong_rev2/ETE4451_BroncoPong/ETE4451_BroncoPong.srcs/sources_1/new/HDMI_Out.v:23]
INFO: [Synth 8-6157] synthesizing module 'OBUFDS' [G:/Vivado/2020.2/scripts/rt/data/unisim_comp.v:46332]
	Parameter CAPACITANCE bound to: DONT_CARE - type: string 
	Parameter IOSTANDARD bound to: DEFAULT - type: string 
	Parameter SLEW bound to: SLOW - type: string 
INFO: [Synth 8-6155] done synthesizing module 'OBUFDS' (31#1) [G:/Vivado/2020.2/scripts/rt/data/unisim_comp.v:46332]
INFO: [Synth 8-6155] done synthesizing module 'HDMI_Out' (32#1) [C:/Users/George/Desktop/ETE4451_BroncoPong_rev2/ETE4451_BroncoPong/ETE4451_BroncoPong.srcs/sources_1/new/HDMI_Out.v:23]
INFO: [Synth 8-6155] done synthesizing module 'Display_top' (33#1) [C:/Users/George/Desktop/ETE4451_BroncoPong_rev2/ETE4451_BroncoPong/ETE4451_BroncoPong.srcs/sources_1/new/Display_top.v:23]
INFO: [Synth 8-6155] done synthesizing module 'BP_top' (34#1) [C:/Users/George/Desktop/ETE4451_BroncoPong_rev2/ETE4451_BroncoPong/ETE4451_BroncoPong.srcs/sources_1/new/BP_top.v:23]
---------------------------------------------------------------------------------
Finished RTL Elaboration : Time (s): cpu = 00:00:10 ; elapsed = 00:00:07 . Memory (MB): peak = 2153.875 ; gain = 107.988
---------------------------------------------------------------------------------
---------------------------------------------------------------------------------
Start Handling Custom Attributes
---------------------------------------------------------------------------------
---------------------------------------------------------------------------------
Finished Handling Custom Attributes : Time (s): cpu = 00:00:10 ; elapsed = 00:00:07 . Memory (MB): peak = 2154.520 ; gain = 108.633
---------------------------------------------------------------------------------
---------------------------------------------------------------------------------
Finished RTL Optimization Phase 1 : Time (s): cpu = 00:00:10 ; elapsed = 00:00:07 . Memory (MB): peak = 2154.520 ; gain = 108.633
---------------------------------------------------------------------------------
INFO: [Project 1-454] Reading design checkpoint 'c:/Users/George/Desktop/ETE4451_BroncoPong_rev2/ETE4451_BroncoPong/ETE4451_BroncoPong.gen/sources_1/bd/DCM/ip/DCM_clk_wiz_0_1/DCM_clk_wiz_0_1.dcp' for cell 'CLKGEN/DCM_i/clk_wiz_0'
INFO: [Project 1-454] Reading design checkpoint 'c:/Users/George/Desktop/ETE4451_BroncoPong_rev2/ETE4451_BroncoPong/ETE4451_BroncoPong.gen/sources_1/ip/ila_0_SPI/ila_0_SPI.dcp' for cell 'UUT3/ILA_SPI'
INFO: [Project 1-454] Reading design checkpoint 'c:/Users/George/Desktop/ETE4451_BroncoPong_rev2/ETE4451_BroncoPong/ETE4451_BroncoPong.gen/sources_1/bd/VideoBuffer/ip/VideoBuffer_blk_mem_gen_0_0/VideoBuffer_blk_mem_gen_0_0.dcp' for cell 'UUT4/UUT4d/VideoBuffer_i/blk_mem_gen_0'
ERROR: [Vivado 12-106] *** Exception: ui.utils.e: Error: Wrapper with null DB pointer (See C:/Users/George/Desktop/ETE4451_BroncoPong_rev2/ETE4451_BroncoPong/vivado_pid21388.debug)
