#-----------------------------------------------------------
# Vivado v2020.2 (64-bit)
# SW Build 3064766 on Wed Nov 18 09:12:45 MST 2020
# IP Build 3064653 on Wed Nov 18 14:17:31 MST 2020
# Start of session at: Mon May 17 18:16:31 2021
# Process ID: 11712
# Current directory: C:/Users/George/Desktop/ETE4451_BroncoPong_rev2/ETE4451_BroncoPong
# Command line: vivado.exe -gui_launcher_event rodinguilauncherevent13124 C:\Users\George\Desktop\ETE4451_BroncoPong_rev2\ETE4451_BroncoPong\ETE4451_BroncoPong.xpr
# Log file: C:/Users/George/Desktop/ETE4451_BroncoPong_rev2/ETE4451_BroncoPong/vivado.log
# Journal file: C:/Users/George/Desktop/ETE4451_BroncoPong_rev2/ETE4451_BroncoPong\vivado.jou
#-----------------------------------------------------------
start_gui
open_project C:/Users/George/Desktop/ETE4451_BroncoPong_rev2/ETE4451_BroncoPong/ETE4451_BroncoPong.xpr
Scanning sources...
Finished scanning sources
INFO: [IP_Flow 19-234] Refreshing IP repositories
INFO: [IP_Flow 19-1704] No user IP repositories specified
INFO: [IP_Flow 19-2313] Loaded Vivado IP repository 'G:/Vivado/2020.2/data/ip'.
WARNING: [BD 41-1661] One or more IPs have been locked in the design 'DCM.bd'. Please run report_ip_status for more details and recommendations on how to fix this issue.
List of locked IPs:
DCM_clk_wiz_0_1

open_project: Time (s): cpu = 00:00:18 ; elapsed = 00:00:09 . Memory (MB): peak = 1116.270 ; gain = 0.000
update_compile_order -fileset sources_1
create_ip_run [get_files -of_objects [get_fileset sources_1] C:/Users/George/Desktop/ETE4451_BroncoPong_rev2/ETE4451_BroncoPong/ETE4451_BroncoPong.srcs/sources_1/bd/VideoBuffer/VideoBuffer.bd]
WARNING: [Vivado 12-4173] The following IPs are not generated and locked, no out-of-context (OOC) run will be created. Please select 'Report IP Status' from 'Tools/Report' or run Tcl command 'report_ip_status' for more information.
C:/Users/George/Desktop/ETE4451_BroncoPong_rev2/ETE4451_BroncoPong/ETE4451_BroncoPong.srcs/sources_1/bd/DCM/DCM.bd

synth_design -rtl -rtl_skip_mlo -name rtl_1
Command: synth_design -rtl -rtl_skip_mlo -name rtl_1
Starting synth_design
Using part: xc7z020clg400-1
Top: BP_top
INFO: [Device 21-403] Loading part xc7z020clg400-1
CRITICAL WARNING: [Synth 8-2490] overwriting previous definition of module DCM [c:/Users/George/Desktop/ETE4451_BroncoPong_rev2/ETE4451_BroncoPong/ETE4451_BroncoPong.gen/sources_1/bd/DCM/synth/DCM.v:13]
---------------------------------------------------------------------------------
Starting RTL Elaboration : Time (s): cpu = 00:00:05 ; elapsed = 00:00:05 . Memory (MB): peak = 1614.973 ; gain = 245.816
---------------------------------------------------------------------------------
INFO: [Synth 8-6157] synthesizing module 'BP_top' [C:/Users/George/Desktop/ETE4451_BroncoPong_rev2/ETE4451_BroncoPong/ETE4451_BroncoPong.srcs/sources_1/new/BP_top.v:23]
INFO: [Synth 8-6157] synthesizing module 'DCM_wrapper' [C:/Users/George/Desktop/ETE4451_BroncoPong_rev2/ETE4451_BroncoPong/ETE4451_BroncoPong.gen/sources_1/bd/DCM/hdl/DCM_wrapper.v:12]
INFO: [Synth 8-6157] synthesizing module 'DCM' [c:/Users/George/Desktop/ETE4451_BroncoPong_rev2/ETE4451_BroncoPong/ETE4451_BroncoPong.gen/sources_1/bd/DCM/synth/DCM.v:13]
INFO: [Synth 8-6157] synthesizing module 'DCM_clk_wiz_0_1' [C:/Users/George/Desktop/ETE4451_BroncoPong_rev2/ETE4451_BroncoPong/.Xil/Vivado-11712-DESKTOP-MB5IJCE/realtime/DCM_clk_wiz_0_1_stub.v:5]
INFO: [Synth 8-6155] done synthesizing module 'DCM_clk_wiz_0_1' (1#1) [C:/Users/George/Desktop/ETE4451_BroncoPong_rev2/ETE4451_BroncoPong/.Xil/Vivado-11712-DESKTOP-MB5IJCE/realtime/DCM_clk_wiz_0_1_stub.v:5]
INFO: [Synth 8-6155] done synthesizing module 'DCM' (2#1) [c:/Users/George/Desktop/ETE4451_BroncoPong_rev2/ETE4451_BroncoPong/ETE4451_BroncoPong.gen/sources_1/bd/DCM/synth/DCM.v:13]
INFO: [Synth 8-6155] done synthesizing module 'DCM_wrapper' (3#1) [C:/Users/George/Desktop/ETE4451_BroncoPong_rev2/ETE4451_BroncoPong/ETE4451_BroncoPong.gen/sources_1/bd/DCM/hdl/DCM_wrapper.v:12]
INFO: [Synth 8-6157] synthesizing module 'GameControl_top' [C:/Users/George/Desktop/ETE4451_BroncoPong_rev2/ETE4451_BroncoPong/ETE4451_BroncoPong.srcs/sources_1/new/GameControl_top.v:23]
INFO: [Synth 8-6157] synthesizing module 'GameControl' [C:/Users/George/Desktop/ETE4451_BroncoPong_rev2/ETE4451_BroncoPong/ETE4451_BroncoPong.srcs/sources_1/new/Game_state.v:21]
	Parameter s0_idle bound to: 0 - type: integer 
	Parameter s1_game_running bound to: 1 - type: integer 
	Parameter s2_game_pause bound to: 2 - type: integer 
	Parameter s3_game_over bound to: 3 - type: integer 
INFO: [Synth 8-226] default block is never used [C:/Users/George/Desktop/ETE4451_BroncoPong_rev2/ETE4451_BroncoPong/ETE4451_BroncoPong.srcs/sources_1/new/Game_state.v:129]
INFO: [Synth 8-6155] done synthesizing module 'GameControl' (4#1) [C:/Users/George/Desktop/ETE4451_BroncoPong_rev2/ETE4451_BroncoPong/ETE4451_BroncoPong.srcs/sources_1/new/Game_state.v:21]
INFO: [Synth 8-6157] synthesizing module 'GameControlTimer' [C:/Users/George/Desktop/ETE4451_BroncoPong_rev2/ETE4451_BroncoPong/ETE4451_BroncoPong.srcs/sources_1/new/GameControlTimer.v:22]
INFO: [Synth 8-6155] done synthesizing module 'GameControlTimer' (5#1) [C:/Users/George/Desktop/ETE4451_BroncoPong_rev2/ETE4451_BroncoPong/ETE4451_BroncoPong.srcs/sources_1/new/GameControlTimer.v:22]
INFO: [Synth 8-6155] done synthesizing module 'GameControl_top' (6#1) [C:/Users/George/Desktop/ETE4451_BroncoPong_rev2/ETE4451_BroncoPong/ETE4451_BroncoPong.srcs/sources_1/new/GameControl_top.v:23]
INFO: [Synth 8-6157] synthesizing module 'BallCollision_top' [C:/Users/George/Desktop/ETE4451_BroncoPong_rev2/ETE4451_BroncoPong/ETE4451_BroncoPong.srcs/sources_1/new/BallCollision_top.v:23]
INFO: [Synth 8-6157] synthesizing module 'BallCollisionDemoVersion' [C:/Users/George/Desktop/ETE4451_BroncoPong_rev2/ETE4451_BroncoPong/ETE4451_BroncoPong.srcs/sources_1/new/BallCollision2.v:23]
	Parameter topBoundary bound to: 10'b0001001001 
	Parameter bottomBoundary bound to: 10'b0111011000 
	Parameter leftBoundary bound to: 10'b0000001000 
	Parameter rightBoundary bound to: 10'b1001011000 
	Parameter paddleX bound to: 10'b1001010000 
	Parameter paddleYLength bound to: 10'b0001010000 
INFO: [Synth 8-6155] done synthesizing module 'BallCollisionDemoVersion' (7#1) [C:/Users/George/Desktop/ETE4451_BroncoPong_rev2/ETE4451_BroncoPong/ETE4451_BroncoPong.srcs/sources_1/new/BallCollision2.v:23]
INFO: [Synth 8-6157] synthesizing module 'collisionAddOn' [C:/Users/George/Desktop/ETE4451_BroncoPong_rev2/ETE4451_BroncoPong/ETE4451_BroncoPong.srcs/sources_1/new/collisionAddOn.v:23]
INFO: [Synth 8-6155] done synthesizing module 'collisionAddOn' (8#1) [C:/Users/George/Desktop/ETE4451_BroncoPong_rev2/ETE4451_BroncoPong/ETE4451_BroncoPong.srcs/sources_1/new/collisionAddOn.v:23]
INFO: [Synth 8-6155] done synthesizing module 'BallCollision_top' (9#1) [C:/Users/George/Desktop/ETE4451_BroncoPong_rev2/ETE4451_BroncoPong/ETE4451_BroncoPong.srcs/sources_1/new/BallCollision_top.v:23]
INFO: [Synth 8-6157] synthesizing module 'BallPosition' [C:/Users/George/Desktop/ETE4451_BroncoPong_rev2/ETE4451_BroncoPong/ETE4451_BroncoPong.srcs/sources_1/new/BallPosition.v:23]
INFO: [Synth 8-6155] done synthesizing module 'BallPosition' (10#1) [C:/Users/George/Desktop/ETE4451_BroncoPong_rev2/ETE4451_BroncoPong/ETE4451_BroncoPong.srcs/sources_1/new/BallPosition.v:23]
INFO: [Synth 8-6157] synthesizing module 'JstkPmod_top' [C:/Users/George/Desktop/ETE4451_BroncoPong_rev2/ETE4451_BroncoPong/ETE4451_BroncoPong.srcs/sources_1/new/JstkPmod_top.v:23]
INFO: [Synth 8-6157] synthesizing module 'PmodJSTK' [C:/Users/George/Desktop/ETE4451_BroncoPong_rev2/ETE4451_BroncoPong/ETE4451_BroncoPong.srcs/sources_1/new/PmodJSTK.v:24]
INFO: [Synth 8-6157] synthesizing module 'spiCtrl' [C:/Users/George/Desktop/ETE4451_BroncoPong_rev2/ETE4451_BroncoPong/ETE4451_BroncoPong.srcs/sources_1/new/spiCtrl.v:27]
	Parameter Idle bound to: 3'b000 
	Parameter Init bound to: 3'b001 
	Parameter Wait bound to: 3'b010 
	Parameter Check bound to: 3'b011 
	Parameter Done bound to: 3'b100 
	Parameter byteEndVal bound to: 3'b101 
INFO: [Synth 8-6155] done synthesizing module 'spiCtrl' (11#1) [C:/Users/George/Desktop/ETE4451_BroncoPong_rev2/ETE4451_BroncoPong/ETE4451_BroncoPong.srcs/sources_1/new/spiCtrl.v:27]
INFO: [Synth 8-6157] synthesizing module 'spiMode0' [C:/Users/George/Desktop/ETE4451_BroncoPong_rev2/ETE4451_BroncoPong/ETE4451_BroncoPong.srcs/sources_1/new/SPImode0.v:37]
	Parameter Idle bound to: 2'b00 
	Parameter Init bound to: 2'b01 
	Parameter RxTx bound to: 2'b10 
	Parameter Done bound to: 2'b11 
INFO: [Synth 8-226] default block is never used [C:/Users/George/Desktop/ETE4451_BroncoPong_rev2/ETE4451_BroncoPong/ETE4451_BroncoPong.srcs/sources_1/new/SPImode0.v:184]
INFO: [Synth 8-6155] done synthesizing module 'spiMode0' (12#1) [C:/Users/George/Desktop/ETE4451_BroncoPong_rev2/ETE4451_BroncoPong/ETE4451_BroncoPong.srcs/sources_1/new/SPImode0.v:37]
INFO: [Synth 8-6157] synthesizing module 'ClkDiv_66_67kHz' [C:/Users/George/Desktop/ETE4451_BroncoPong_rev2/ETE4451_BroncoPong/ETE4451_BroncoPong.srcs/sources_1/new/ClkDiv_66_67kHz.v:20]
	Parameter cntEndVal bound to: 10'b1011101110 
INFO: [Synth 8-6155] done synthesizing module 'ClkDiv_66_67kHz' (13#1) [C:/Users/George/Desktop/ETE4451_BroncoPong_rev2/ETE4451_BroncoPong/ETE4451_BroncoPong.srcs/sources_1/new/ClkDiv_66_67kHz.v:20]
INFO: [Synth 8-6155] done synthesizing module 'PmodJSTK' (14#1) [C:/Users/George/Desktop/ETE4451_BroncoPong_rev2/ETE4451_BroncoPong/ETE4451_BroncoPong.srcs/sources_1/new/PmodJSTK.v:24]
INFO: [Synth 8-6157] synthesizing module 'ClkDiv_5Hz' [C:/Users/George/Desktop/ETE4451_BroncoPong_rev2/ETE4451_BroncoPong/ETE4451_BroncoPong.srcs/sources_1/new/PMOD_5HzSampler.v:20]
	Parameter cntEndVal bound to: 24'b100110001001011010000000 
INFO: [Synth 8-6155] done synthesizing module 'ClkDiv_5Hz' (15#1) [C:/Users/George/Desktop/ETE4451_BroncoPong_rev2/ETE4451_BroncoPong/ETE4451_BroncoPong.srcs/sources_1/new/PMOD_5HzSampler.v:20]
INFO: [Synth 8-6157] synthesizing module 'PaddlePos' [C:/Users/George/Desktop/ETE4451_BroncoPong_rev2/ETE4451_BroncoPong/ETE4451_BroncoPong.srcs/sources_1/new/PaddlePos.v:69]
	Parameter paddleUpperY bound to: 78 - type: integer 
	Parameter paddleLowerY bound to: 390 - type: integer 
INFO: [Synth 8-6155] done synthesizing module 'PaddlePos' (16#1) [C:/Users/George/Desktop/ETE4451_BroncoPong_rev2/ETE4451_BroncoPong/ETE4451_BroncoPong.srcs/sources_1/new/PaddlePos.v:69]
WARNING: [Synth 8-4446] all outputs are unconnected for this instance and logic may be removed [C:/Users/George/Desktop/ETE4451_BroncoPong_rev2/ETE4451_BroncoPong/ETE4451_BroncoPong.srcs/sources_1/new/JstkPmod_top.v:72]
INFO: [Synth 8-6157] synthesizing module 'ila_0_SPI' [C:/Users/George/Desktop/ETE4451_BroncoPong_rev2/ETE4451_BroncoPong/.Xil/Vivado-11712-DESKTOP-MB5IJCE/realtime/ila_0_SPI_stub.v:6]
INFO: [Synth 8-6155] done synthesizing module 'ila_0_SPI' (17#1) [C:/Users/George/Desktop/ETE4451_BroncoPong_rev2/ETE4451_BroncoPong/.Xil/Vivado-11712-DESKTOP-MB5IJCE/realtime/ila_0_SPI_stub.v:6]
INFO: [Synth 8-6071] Mark debug on the nets applies keep_hierarchy on instance 'UUT3a'. This will prevent further optimization [C:/Users/George/Desktop/ETE4451_BroncoPong_rev2/ETE4451_BroncoPong/ETE4451_BroncoPong.srcs/sources_1/new/JstkPmod_top.v:44]
INFO: [Synth 8-6071] Mark debug on the nets applies keep_hierarchy on instance 'ILA_SPI'. This will prevent further optimization [C:/Users/George/Desktop/ETE4451_BroncoPong_rev2/ETE4451_BroncoPong/ETE4451_BroncoPong.srcs/sources_1/new/JstkPmod_top.v:72]
INFO: [Synth 8-6071] Mark debug on the nets applies keep_hierarchy on instance 'UUT3c'. This will prevent further optimization [C:/Users/George/Desktop/ETE4451_BroncoPong_rev2/ETE4451_BroncoPong/ETE4451_BroncoPong.srcs/sources_1/new/JstkPmod_top.v:62]
INFO: [Synth 8-6155] done synthesizing module 'JstkPmod_top' (18#1) [C:/Users/George/Desktop/ETE4451_BroncoPong_rev2/ETE4451_BroncoPong/ETE4451_BroncoPong.srcs/sources_1/new/JstkPmod_top.v:23]
INFO: [Synth 8-6157] synthesizing module 'Display_top' [C:/Users/George/Desktop/ETE4451_BroncoPong_rev2/ETE4451_BroncoPong/ETE4451_BroncoPong.srcs/sources_1/new/Display_top.v:23]
INFO: [Synth 8-6157] synthesizing module 'GameTimer' [C:/Users/George/Desktop/ETE4451_BroncoPong_rev2/ETE4451_BroncoPong/ETE4451_BroncoPong.srcs/sources_1/new/GameTimer.v:23]
INFO: [Synth 8-6155] done synthesizing module 'GameTimer' (19#1) [C:/Users/George/Desktop/ETE4451_BroncoPong_rev2/ETE4451_BroncoPong/ETE4451_BroncoPong.srcs/sources_1/new/GameTimer.v:23]
INFO: [Synth 8-6157] synthesizing module 'Mem_Timing' [C:/Users/George/Desktop/ETE4451_BroncoPong_rev2/ETE4451_BroncoPong/ETE4451_BroncoPong.srcs/sources_1/new/Mem_Timing.v:23]
INFO: [Synth 8-6155] done synthesizing module 'Mem_Timing' (20#1) [C:/Users/George/Desktop/ETE4451_BroncoPong_rev2/ETE4451_BroncoPong/ETE4451_BroncoPong.srcs/sources_1/new/Mem_Timing.v:23]
INFO: [Synth 8-6157] synthesizing module 'Mem_Writer' [C:/Users/George/Desktop/ETE4451_BroncoPong_rev2/ETE4451_BroncoPong/ETE4451_BroncoPong.srcs/sources_1/new/Mem_Writer.v:21]
	Parameter s0_INITIALIZE bound to: 2'b01 
	Parameter s1_IDLE bound to: 2'b00 
	Parameter s2_WRITE bound to: 2'b10 
INFO: [Synth 8-226] default block is never used [C:/Users/George/Desktop/ETE4451_BroncoPong_rev2/ETE4451_BroncoPong/ETE4451_BroncoPong.srcs/sources_1/new/Mem_Writer.v:495]
INFO: [Synth 8-155] case statement is not full and has no default [C:/Users/George/Desktop/ETE4451_BroncoPong_rev2/ETE4451_BroncoPong/ETE4451_BroncoPong.srcs/sources_1/new/Mem_Writer.v:536]
INFO: [Synth 8-6155] done synthesizing module 'Mem_Writer' (21#1) [C:/Users/George/Desktop/ETE4451_BroncoPong_rev2/ETE4451_BroncoPong/ETE4451_BroncoPong.srcs/sources_1/new/Mem_Writer.v:21]
INFO: [Synth 8-6157] synthesizing module 'VideoBuffer_wrapper' [C:/Users/George/Desktop/ETE4451_BroncoPong_rev2/ETE4451_BroncoPong/ETE4451_BroncoPong.gen/sources_1/bd/VideoBuffer/hdl/VideoBuffer_wrapper.v:12]
INFO: [Synth 8-6157] synthesizing module 'VideoBuffer' [c:/Users/George/Desktop/ETE4451_BroncoPong_rev2/ETE4451_BroncoPong/ETE4451_BroncoPong.gen/sources_1/bd/VideoBuffer/synth/VideoBuffer.v:13]
INFO: [Synth 8-6157] synthesizing module 'VideoBuffer_blk_mem_gen_0_0' [C:/Users/George/Desktop/ETE4451_BroncoPong_rev2/ETE4451_BroncoPong/.Xil/Vivado-11712-DESKTOP-MB5IJCE/realtime/VideoBuffer_blk_mem_gen_0_0_stub.v:6]
INFO: [Synth 8-6155] done synthesizing module 'VideoBuffer_blk_mem_gen_0_0' (22#1) [C:/Users/George/Desktop/ETE4451_BroncoPong_rev2/ETE4451_BroncoPong/.Xil/Vivado-11712-DESKTOP-MB5IJCE/realtime/VideoBuffer_blk_mem_gen_0_0_stub.v:6]
INFO: [Synth 8-6155] done synthesizing module 'VideoBuffer' (23#1) [c:/Users/George/Desktop/ETE4451_BroncoPong_rev2/ETE4451_BroncoPong/ETE4451_BroncoPong.gen/sources_1/bd/VideoBuffer/synth/VideoBuffer.v:13]
INFO: [Synth 8-6155] done synthesizing module 'VideoBuffer_wrapper' (24#1) [C:/Users/George/Desktop/ETE4451_BroncoPong_rev2/ETE4451_BroncoPong/ETE4451_BroncoPong.gen/sources_1/bd/VideoBuffer/hdl/VideoBuffer_wrapper.v:12]
INFO: [Synth 8-6157] synthesizing module 'HDMI_Timing' [C:/Users/George/Desktop/ETE4451_BroncoPong_rev2/ETE4451_BroncoPong/ETE4451_BroncoPong.srcs/sources_1/new/HDMI_Timing.v:23]
INFO: [Synth 8-6155] done synthesizing module 'HDMI_Timing' (25#1) [C:/Users/George/Desktop/ETE4451_BroncoPong_rev2/ETE4451_BroncoPong/ETE4451_BroncoPong.srcs/sources_1/new/HDMI_Timing.v:23]
INFO: [Synth 8-6157] synthesizing module 'HDMI_FrameGen_top' [C:/Users/George/Desktop/ETE4451_BroncoPong_rev2/ETE4451_BroncoPong/ETE4451_BroncoPong.srcs/sources_1/new/HDMI_FrameGen_top.v:23]
INFO: [Synth 8-6157] synthesizing module 'HDMI_FrameRead' [C:/Users/George/Desktop/ETE4451_BroncoPong_rev2/ETE4451_BroncoPong/ETE4451_BroncoPong.srcs/sources_1/new/HDMI_FrameRead.v:23]
	Parameter s0_INITIALIZE bound to: 2'b01 
	Parameter s1_IDLE bound to: 2'b00 
	Parameter s2_ACTIVE bound to: 2'b10 
INFO: [Synth 8-155] case statement is not full and has no default [C:/Users/George/Desktop/ETE4451_BroncoPong_rev2/ETE4451_BroncoPong/ETE4451_BroncoPong.srcs/sources_1/new/HDMI_FrameRead.v:125]
INFO: [Synth 8-6155] done synthesizing module 'HDMI_FrameRead' (26#1) [C:/Users/George/Desktop/ETE4451_BroncoPong_rev2/ETE4451_BroncoPong/ETE4451_BroncoPong.srcs/sources_1/new/HDMI_FrameRead.v:23]
INFO: [Synth 8-6157] synthesizing module 'HDMI_PixelROM' [C:/Users/George/Desktop/ETE4451_BroncoPong_rev2/ETE4451_BroncoPong/ETE4451_BroncoPong.srcs/sources_1/new/HDMI_PixelROM.v:24]
INFO: [Synth 8-6155] done synthesizing module 'HDMI_PixelROM' (27#1) [C:/Users/George/Desktop/ETE4451_BroncoPong_rev2/ETE4451_BroncoPong/ETE4451_BroncoPong.srcs/sources_1/new/HDMI_PixelROM.v:24]
INFO: [Synth 8-6155] done synthesizing module 'HDMI_FrameGen_top' (28#1) [C:/Users/George/Desktop/ETE4451_BroncoPong_rev2/ETE4451_BroncoPong/ETE4451_BroncoPong.srcs/sources_1/new/HDMI_FrameGen_top.v:23]
INFO: [Synth 8-6157] synthesizing module 'HDMI_TMDS' [C:/Users/George/Desktop/ETE4451_BroncoPong_rev2/ETE4451_BroncoPong/ETE4451_BroncoPong.srcs/sources_1/new/HDMI_TX.v:23]
INFO: [Synth 8-6157] synthesizing module 'TMDS_encoder2' [C:/Users/George/Desktop/ETE4451_BroncoPong_rev2/ETE4451_BroncoPong/ETE4451_BroncoPong.srcs/sources_1/new/TMDS-rev2.v:23]
INFO: [Synth 8-6155] done synthesizing module 'TMDS_encoder2' (29#1) [C:/Users/George/Desktop/ETE4451_BroncoPong_rev2/ETE4451_BroncoPong/ETE4451_BroncoPong.srcs/sources_1/new/TMDS-rev2.v:23]
INFO: [Synth 8-6155] done synthesizing module 'HDMI_TMDS' (30#1) [C:/Users/George/Desktop/ETE4451_BroncoPong_rev2/ETE4451_BroncoPong/ETE4451_BroncoPong.srcs/sources_1/new/HDMI_TX.v:23]
INFO: [Synth 8-6157] synthesizing module 'HDMI_Out' [C:/Users/George/Desktop/ETE4451_BroncoPong_rev2/ETE4451_BroncoPong/ETE4451_BroncoPong.srcs/sources_1/new/HDMI_Out.v:23]
INFO: [Synth 8-6157] synthesizing module 'OBUFDS' [G:/Vivado/2020.2/scripts/rt/data/unisim_comp.v:46332]
	Parameter CAPACITANCE bound to: DONT_CARE - type: string 
	Parameter IOSTANDARD bound to: DEFAULT - type: string 
	Parameter SLEW bound to: SLOW - type: string 
INFO: [Synth 8-6155] done synthesizing module 'OBUFDS' (31#1) [G:/Vivado/2020.2/scripts/rt/data/unisim_comp.v:46332]
INFO: [Synth 8-6155] done synthesizing module 'HDMI_Out' (32#1) [C:/Users/George/Desktop/ETE4451_BroncoPong_rev2/ETE4451_BroncoPong/ETE4451_BroncoPong.srcs/sources_1/new/HDMI_Out.v:23]
INFO: [Synth 8-6155] done synthesizing module 'Display_top' (33#1) [C:/Users/George/Desktop/ETE4451_BroncoPong_rev2/ETE4451_BroncoPong/ETE4451_BroncoPong.srcs/sources_1/new/Display_top.v:23]
INFO: [Synth 8-6155] done synthesizing module 'BP_top' (34#1) [C:/Users/George/Desktop/ETE4451_BroncoPong_rev2/ETE4451_BroncoPong/ETE4451_BroncoPong.srcs/sources_1/new/BP_top.v:23]
---------------------------------------------------------------------------------
Finished RTL Elaboration : Time (s): cpu = 00:00:06 ; elapsed = 00:00:06 . Memory (MB): peak = 1686.484 ; gain = 317.328
---------------------------------------------------------------------------------
---------------------------------------------------------------------------------
Start Handling Custom Attributes
---------------------------------------------------------------------------------
---------------------------------------------------------------------------------
Finished Handling Custom Attributes : Time (s): cpu = 00:00:07 ; elapsed = 00:00:07 . Memory (MB): peak = 1705.414 ; gain = 336.258
---------------------------------------------------------------------------------
---------------------------------------------------------------------------------
Finished RTL Optimization Phase 1 : Time (s): cpu = 00:00:07 ; elapsed = 00:00:07 . Memory (MB): peak = 1705.414 ; gain = 336.258
---------------------------------------------------------------------------------
INFO: [Project 1-454] Reading design checkpoint 'c:/Users/George/Desktop/ETE4451_BroncoPong_rev2/ETE4451_BroncoPong/ETE4451_BroncoPong.gen/sources_1/bd/DCM/ip/DCM_clk_wiz_0_1/DCM_clk_wiz_0_1.dcp' for cell 'CLKGEN/DCM_i/clk_wiz_0'
INFO: [Project 1-454] Reading design checkpoint 'c:/Users/George/Desktop/ETE4451_BroncoPong_rev2/ETE4451_BroncoPong/ETE4451_BroncoPong.gen/sources_1/ip/ila_0_SPI/ila_0_SPI.dcp' for cell 'UUT3/ILA_SPI'
INFO: [Project 1-454] Reading design checkpoint 'c:/Users/George/Desktop/ETE4451_BroncoPong_rev2/ETE4451_BroncoPong/ETE4451_BroncoPong.gen/sources_1/bd/VideoBuffer/ip/VideoBuffer_blk_mem_gen_0_0/VideoBuffer_blk_mem_gen_0_0.dcp' for cell 'UUT4/UUT4d/VideoBuffer_i/blk_mem_gen_0'
Netlist sorting complete. Time (s): cpu = 00:00:00 ; elapsed = 00:00:00.142 . Memory (MB): peak = 1734.938 ; gain = 0.000
INFO: [Netlist 29-17] Analyzing 283 Unisim elements for replacement
INFO: [Netlist 29-28] Unisim Transformation completed in 0 CPU seconds
INFO: [Project 1-479] Netlist was created with Vivado 2020.2
INFO: [Project 1-570] Preparing netlist for logic optimization

Processing XDC Constraints
Initializing timing engine
Parsing XDC File [c:/Users/George/Desktop/ETE4451_BroncoPong_rev2/ETE4451_BroncoPong/ETE4451_BroncoPong.gen/sources_1/bd/DCM/ip/DCM_clk_wiz_0_1/DCM_clk_wiz_0_1_board.xdc] for cell 'CLKGEN/DCM_i/clk_wiz_0/inst'
Finished Parsing XDC File [c:/Users/George/Desktop/ETE4451_BroncoPong_rev2/ETE4451_BroncoPong/ETE4451_BroncoPong.gen/sources_1/bd/DCM/ip/DCM_clk_wiz_0_1/DCM_clk_wiz_0_1_board.xdc] for cell 'CLKGEN/DCM_i/clk_wiz_0/inst'
Parsing XDC File [c:/Users/George/Desktop/ETE4451_BroncoPong_rev2/ETE4451_BroncoPong/ETE4451_BroncoPong.gen/sources_1/bd/DCM/ip/DCM_clk_wiz_0_1/DCM_clk_wiz_0_1.xdc] for cell 'CLKGEN/DCM_i/clk_wiz_0/inst'
Finished Parsing XDC File [c:/Users/George/Desktop/ETE4451_BroncoPong_rev2/ETE4451_BroncoPong/ETE4451_BroncoPong.gen/sources_1/bd/DCM/ip/DCM_clk_wiz_0_1/DCM_clk_wiz_0_1.xdc] for cell 'CLKGEN/DCM_i/clk_wiz_0/inst'
INFO: [Project 1-236] Implementation specific constraints were found while reading constraint file [c:/Users/George/Desktop/ETE4451_BroncoPong_rev2/ETE4451_BroncoPong/ETE4451_BroncoPong.gen/sources_1/bd/DCM/ip/DCM_clk_wiz_0_1/DCM_clk_wiz_0_1.xdc]. These constraints will be ignored for synthesis but will be used in implementation. Impacted constraints are listed in the file [.Xil/BP_top_propImpl.xdc].
Resolution: To avoid this warning, move constraints listed in [.Xil/BP_top_propImpl.xdc] to another XDC file and exclude this new file from synthesis with the used_in_synthesis property (File Properties dialog in GUI) and re-run elaboration/synthesis.
Parsing XDC File [c:/Users/George/Desktop/ETE4451_BroncoPong_rev2/ETE4451_BroncoPong/ETE4451_BroncoPong.gen/sources_1/ip/ila_0_SPI/ila_v6_2/constraints/ila.xdc] for cell 'UUT3/ILA_SPI/inst'
Finished Parsing XDC File [c:/Users/George/Desktop/ETE4451_BroncoPong_rev2/ETE4451_BroncoPong/ETE4451_BroncoPong.gen/sources_1/ip/ila_0_SPI/ila_v6_2/constraints/ila.xdc] for cell 'UUT3/ILA_SPI/inst'
INFO: [Timing 38-2] Deriving generated clocks
Parsing XDC File [C:/Users/George/Desktop/ETE4451_BroncoPong_rev2/ETE4451_BroncoPong/ETE4451_BroncoPong.srcs/sources_1/constrs_1/new/test-constr.xdc]
Finished Parsing XDC File [C:/Users/George/Desktop/ETE4451_BroncoPong_rev2/ETE4451_BroncoPong/ETE4451_BroncoPong.srcs/sources_1/constrs_1/new/test-constr.xdc]
Completed Processing XDC Constraints

Netlist sorting complete. Time (s): cpu = 00:00:00 ; elapsed = 00:00:00.005 . Memory (MB): peak = 1856.969 ; gain = 0.000
INFO: [Project 1-111] Unisim Transformation Summary:
  A total of 148 instances were transformed.
  CFGLUT5 => CFGLUT5 (SRL16E, SRLC32E): 144 instances
  OBUFDS => OBUFDS: 4 instances

RTL Elaboration Complete:  : Time (s): cpu = 00:00:30 ; elapsed = 00:00:17 . Memory (MB): peak = 2068.738 ; gain = 699.582
87 Infos, 1 Warnings, 1 Critical Warnings and 0 Errors encountered.
synth_design completed successfully
synth_design: Time (s): cpu = 00:00:37 ; elapsed = 00:00:24 . Memory (MB): peak = 2068.738 ; gain = 952.469
create_ip_run [get_files -of_objects [get_fileset sources_1] C:/Users/George/Desktop/ETE4451_BroncoPong_rev2/ETE4451_BroncoPong/ETE4451_BroncoPong.srcs/sources_1/bd/VideoBuffer/VideoBuffer.bd]
WARNING: [Vivado 12-4173] The following IPs are not generated and locked, no out-of-context (OOC) run will be created. Please select 'Report IP Status' from 'Tools/Report' or run Tcl command 'report_ip_status' for more information.
C:/Users/George/Desktop/ETE4451_BroncoPong_rev2/ETE4451_BroncoPong/ETE4451_BroncoPong.srcs/sources_1/bd/DCM/DCM.bd

refresh_design
CRITICAL WARNING: [Synth 8-2490] overwriting previous definition of module DCM [c:/Users/George/Desktop/ETE4451_BroncoPong_rev2/ETE4451_BroncoPong/ETE4451_BroncoPong.gen/sources_1/bd/DCM/synth/DCM.v:13]
---------------------------------------------------------------------------------
Starting RTL Elaboration : Time (s): cpu = 00:00:06 ; elapsed = 00:00:05 . Memory (MB): peak = 2098.047 ; gain = 8.281
---------------------------------------------------------------------------------
INFO: [Synth 8-6157] synthesizing module 'BP_top' [C:/Users/George/Desktop/ETE4451_BroncoPong_rev2/ETE4451_BroncoPong/ETE4451_BroncoPong.srcs/sources_1/new/BP_top.v:23]
INFO: [Synth 8-6157] synthesizing module 'DCM_wrapper' [C:/Users/George/Desktop/ETE4451_BroncoPong_rev2/ETE4451_BroncoPong/ETE4451_BroncoPong.gen/sources_1/bd/DCM/hdl/DCM_wrapper.v:12]
INFO: [Synth 8-6157] synthesizing module 'DCM' [c:/Users/George/Desktop/ETE4451_BroncoPong_rev2/ETE4451_BroncoPong/ETE4451_BroncoPong.gen/sources_1/bd/DCM/synth/DCM.v:13]
INFO: [Synth 8-6157] synthesizing module 'DCM_clk_wiz_0_1' [C:/Users/George/Desktop/ETE4451_BroncoPong_rev2/ETE4451_BroncoPong/.Xil/Vivado-11712-DESKTOP-MB5IJCE/realtime/DCM_clk_wiz_0_1_stub.v:5]
INFO: [Synth 8-6155] done synthesizing module 'DCM_clk_wiz_0_1' (1#1) [C:/Users/George/Desktop/ETE4451_BroncoPong_rev2/ETE4451_BroncoPong/.Xil/Vivado-11712-DESKTOP-MB5IJCE/realtime/DCM_clk_wiz_0_1_stub.v:5]
INFO: [Synth 8-6155] done synthesizing module 'DCM' (2#1) [c:/Users/George/Desktop/ETE4451_BroncoPong_rev2/ETE4451_BroncoPong/ETE4451_BroncoPong.gen/sources_1/bd/DCM/synth/DCM.v:13]
INFO: [Synth 8-6155] done synthesizing module 'DCM_wrapper' (3#1) [C:/Users/George/Desktop/ETE4451_BroncoPong_rev2/ETE4451_BroncoPong/ETE4451_BroncoPong.gen/sources_1/bd/DCM/hdl/DCM_wrapper.v:12]
INFO: [Synth 8-6157] synthesizing module 'GameControl_top' [C:/Users/George/Desktop/ETE4451_BroncoPong_rev2/ETE4451_BroncoPong/ETE4451_BroncoPong.srcs/sources_1/new/GameControl_top.v:23]
INFO: [Synth 8-6157] synthesizing module 'GameControl' [C:/Users/George/Desktop/ETE4451_BroncoPong_rev2/ETE4451_BroncoPong/ETE4451_BroncoPong.srcs/sources_1/new/Game_state.v:21]
	Parameter s0_idle bound to: 0 - type: integer 
	Parameter s1_game_running bound to: 1 - type: integer 
	Parameter s2_game_pause bound to: 2 - type: integer 
	Parameter s3_game_over bound to: 3 - type: integer 
INFO: [Synth 8-226] default block is never used [C:/Users/George/Desktop/ETE4451_BroncoPong_rev2/ETE4451_BroncoPong/ETE4451_BroncoPong.srcs/sources_1/new/Game_state.v:129]
INFO: [Synth 8-6155] done synthesizing module 'GameControl' (4#1) [C:/Users/George/Desktop/ETE4451_BroncoPong_rev2/ETE4451_BroncoPong/ETE4451_BroncoPong.srcs/sources_1/new/Game_state.v:21]
INFO: [Synth 8-6157] synthesizing module 'GameControlTimer' [C:/Users/George/Desktop/ETE4451_BroncoPong_rev2/ETE4451_BroncoPong/ETE4451_BroncoPong.srcs/sources_1/new/GameControlTimer.v:22]
INFO: [Synth 8-6155] done synthesizing module 'GameControlTimer' (5#1) [C:/Users/George/Desktop/ETE4451_BroncoPong_rev2/ETE4451_BroncoPong/ETE4451_BroncoPong.srcs/sources_1/new/GameControlTimer.v:22]
INFO: [Synth 8-6155] done synthesizing module 'GameControl_top' (6#1) [C:/Users/George/Desktop/ETE4451_BroncoPong_rev2/ETE4451_BroncoPong/ETE4451_BroncoPong.srcs/sources_1/new/GameControl_top.v:23]
INFO: [Synth 8-6157] synthesizing module 'BallCollision_top' [C:/Users/George/Desktop/ETE4451_BroncoPong_rev2/ETE4451_BroncoPong/ETE4451_BroncoPong.srcs/sources_1/new/BallCollision_top.v:23]
INFO: [Synth 8-6157] synthesizing module 'BallCollisionRev1' [C:/Users/George/Desktop/ETE4451_BroncoPong_rev2/ETE4451_BroncoPong/ETE4451_BroncoPong.srcs/sources_1/new/BallCollision2.v:23]
	Parameter topBoundary bound to: 10'b0001001001 
	Parameter bottomBoundary bound to: 10'b0111011000 
	Parameter leftBoundary bound to: 10'b0000001000 
	Parameter rightBoundary bound to: 10'b1001011000 
	Parameter paddleX bound to: 10'b1001010000 
	Parameter paddleYLength bound to: 10'b0001010000 
INFO: [Synth 8-6155] done synthesizing module 'BallCollisionRev1' (7#1) [C:/Users/George/Desktop/ETE4451_BroncoPong_rev2/ETE4451_BroncoPong/ETE4451_BroncoPong.srcs/sources_1/new/BallCollision2.v:23]
INFO: [Synth 8-6157] synthesizing module 'collisionAddOn' [C:/Users/George/Desktop/ETE4451_BroncoPong_rev2/ETE4451_BroncoPong/ETE4451_BroncoPong.srcs/sources_1/new/collisionAddOn.v:23]
INFO: [Synth 8-6155] done synthesizing module 'collisionAddOn' (8#1) [C:/Users/George/Desktop/ETE4451_BroncoPong_rev2/ETE4451_BroncoPong/ETE4451_BroncoPong.srcs/sources_1/new/collisionAddOn.v:23]
INFO: [Synth 8-6155] done synthesizing module 'BallCollision_top' (9#1) [C:/Users/George/Desktop/ETE4451_BroncoPong_rev2/ETE4451_BroncoPong/ETE4451_BroncoPong.srcs/sources_1/new/BallCollision_top.v:23]
INFO: [Synth 8-6157] synthesizing module 'BallPosition' [C:/Users/George/Desktop/ETE4451_BroncoPong_rev2/ETE4451_BroncoPong/ETE4451_BroncoPong.srcs/sources_1/new/BallPosition.v:23]
INFO: [Synth 8-6155] done synthesizing module 'BallPosition' (10#1) [C:/Users/George/Desktop/ETE4451_BroncoPong_rev2/ETE4451_BroncoPong/ETE4451_BroncoPong.srcs/sources_1/new/BallPosition.v:23]
INFO: [Synth 8-6157] synthesizing module 'JstkPmod_top' [C:/Users/George/Desktop/ETE4451_BroncoPong_rev2/ETE4451_BroncoPong/ETE4451_BroncoPong.srcs/sources_1/new/JstkPmod_top.v:23]
INFO: [Synth 8-6157] synthesizing module 'PmodJSTK' [C:/Users/George/Desktop/ETE4451_BroncoPong_rev2/ETE4451_BroncoPong/ETE4451_BroncoPong.srcs/sources_1/new/PmodJSTK.v:24]
INFO: [Synth 8-6157] synthesizing module 'spiCtrl' [C:/Users/George/Desktop/ETE4451_BroncoPong_rev2/ETE4451_BroncoPong/ETE4451_BroncoPong.srcs/sources_1/new/spiCtrl.v:27]
	Parameter Idle bound to: 3'b000 
	Parameter Init bound to: 3'b001 
	Parameter Wait bound to: 3'b010 
	Parameter Check bound to: 3'b011 
	Parameter Done bound to: 3'b100 
	Parameter byteEndVal bound to: 3'b101 
INFO: [Synth 8-6155] done synthesizing module 'spiCtrl' (11#1) [C:/Users/George/Desktop/ETE4451_BroncoPong_rev2/ETE4451_BroncoPong/ETE4451_BroncoPong.srcs/sources_1/new/spiCtrl.v:27]
INFO: [Synth 8-6157] synthesizing module 'spiMode0' [C:/Users/George/Desktop/ETE4451_BroncoPong_rev2/ETE4451_BroncoPong/ETE4451_BroncoPong.srcs/sources_1/new/SPImode0.v:37]
	Parameter Idle bound to: 2'b00 
	Parameter Init bound to: 2'b01 
	Parameter RxTx bound to: 2'b10 
	Parameter Done bound to: 2'b11 
INFO: [Synth 8-226] default block is never used [C:/Users/George/Desktop/ETE4451_BroncoPong_rev2/ETE4451_BroncoPong/ETE4451_BroncoPong.srcs/sources_1/new/SPImode0.v:184]
INFO: [Synth 8-6155] done synthesizing module 'spiMode0' (12#1) [C:/Users/George/Desktop/ETE4451_BroncoPong_rev2/ETE4451_BroncoPong/ETE4451_BroncoPong.srcs/sources_1/new/SPImode0.v:37]
INFO: [Synth 8-6157] synthesizing module 'ClkDiv_66_67kHz' [C:/Users/George/Desktop/ETE4451_BroncoPong_rev2/ETE4451_BroncoPong/ETE4451_BroncoPong.srcs/sources_1/new/ClkDiv_66_67kHz.v:20]
	Parameter cntEndVal bound to: 10'b1011101110 
INFO: [Synth 8-6155] done synthesizing module 'ClkDiv_66_67kHz' (13#1) [C:/Users/George/Desktop/ETE4451_BroncoPong_rev2/ETE4451_BroncoPong/ETE4451_BroncoPong.srcs/sources_1/new/ClkDiv_66_67kHz.v:20]
INFO: [Synth 8-6155] done synthesizing module 'PmodJSTK' (14#1) [C:/Users/George/Desktop/ETE4451_BroncoPong_rev2/ETE4451_BroncoPong/ETE4451_BroncoPong.srcs/sources_1/new/PmodJSTK.v:24]
INFO: [Synth 8-6157] synthesizing module 'ClkDiv_5Hz' [C:/Users/George/Desktop/ETE4451_BroncoPong_rev2/ETE4451_BroncoPong/ETE4451_BroncoPong.srcs/sources_1/new/PMOD_5HzSampler.v:20]
	Parameter cntEndVal bound to: 24'b100110001001011010000000 
INFO: [Synth 8-6155] done synthesizing module 'ClkDiv_5Hz' (15#1) [C:/Users/George/Desktop/ETE4451_BroncoPong_rev2/ETE4451_BroncoPong/ETE4451_BroncoPong.srcs/sources_1/new/PMOD_5HzSampler.v:20]
INFO: [Synth 8-6157] synthesizing module 'PaddlePos' [C:/Users/George/Desktop/ETE4451_BroncoPong_rev2/ETE4451_BroncoPong/ETE4451_BroncoPong.srcs/sources_1/new/PaddlePos.v:69]
	Parameter paddleUpperY bound to: 78 - type: integer 
	Parameter paddleLowerY bound to: 390 - type: integer 
INFO: [Synth 8-6155] done synthesizing module 'PaddlePos' (16#1) [C:/Users/George/Desktop/ETE4451_BroncoPong_rev2/ETE4451_BroncoPong/ETE4451_BroncoPong.srcs/sources_1/new/PaddlePos.v:69]
WARNING: [Synth 8-4446] all outputs are unconnected for this instance and logic may be removed [C:/Users/George/Desktop/ETE4451_BroncoPong_rev2/ETE4451_BroncoPong/ETE4451_BroncoPong.srcs/sources_1/new/JstkPmod_top.v:72]
INFO: [Synth 8-6157] synthesizing module 'ila_0_SPI' [C:/Users/George/Desktop/ETE4451_BroncoPong_rev2/ETE4451_BroncoPong/.Xil/Vivado-11712-DESKTOP-MB5IJCE/realtime/ila_0_SPI_stub.v:6]
INFO: [Synth 8-6155] done synthesizing module 'ila_0_SPI' (17#1) [C:/Users/George/Desktop/ETE4451_BroncoPong_rev2/ETE4451_BroncoPong/.Xil/Vivado-11712-DESKTOP-MB5IJCE/realtime/ila_0_SPI_stub.v:6]
INFO: [Synth 8-6071] Mark debug on the nets applies keep_hierarchy on instance 'UUT3a'. This will prevent further optimization [C:/Users/George/Desktop/ETE4451_BroncoPong_rev2/ETE4451_BroncoPong/ETE4451_BroncoPong.srcs/sources_1/new/JstkPmod_top.v:44]
INFO: [Synth 8-6071] Mark debug on the nets applies keep_hierarchy on instance 'ILA_SPI'. This will prevent further optimization [C:/Users/George/Desktop/ETE4451_BroncoPong_rev2/ETE4451_BroncoPong/ETE4451_BroncoPong.srcs/sources_1/new/JstkPmod_top.v:72]
INFO: [Synth 8-6071] Mark debug on the nets applies keep_hierarchy on instance 'UUT3c'. This will prevent further optimization [C:/Users/George/Desktop/ETE4451_BroncoPong_rev2/ETE4451_BroncoPong/ETE4451_BroncoPong.srcs/sources_1/new/JstkPmod_top.v:62]
INFO: [Synth 8-6155] done synthesizing module 'JstkPmod_top' (18#1) [C:/Users/George/Desktop/ETE4451_BroncoPong_rev2/ETE4451_BroncoPong/ETE4451_BroncoPong.srcs/sources_1/new/JstkPmod_top.v:23]
INFO: [Synth 8-6157] synthesizing module 'Display_top' [C:/Users/George/Desktop/ETE4451_BroncoPong_rev2/ETE4451_BroncoPong/ETE4451_BroncoPong.srcs/sources_1/new/Display_top.v:23]
INFO: [Synth 8-6157] synthesizing module 'GameTimer' [C:/Users/George/Desktop/ETE4451_BroncoPong_rev2/ETE4451_BroncoPong/ETE4451_BroncoPong.srcs/sources_1/new/GameTimer.v:23]
INFO: [Synth 8-6155] done synthesizing module 'GameTimer' (19#1) [C:/Users/George/Desktop/ETE4451_BroncoPong_rev2/ETE4451_BroncoPong/ETE4451_BroncoPong.srcs/sources_1/new/GameTimer.v:23]
INFO: [Synth 8-6157] synthesizing module 'Mem_Timing' [C:/Users/George/Desktop/ETE4451_BroncoPong_rev2/ETE4451_BroncoPong/ETE4451_BroncoPong.srcs/sources_1/new/Mem_Timing.v:23]
INFO: [Synth 8-6155] done synthesizing module 'Mem_Timing' (20#1) [C:/Users/George/Desktop/ETE4451_BroncoPong_rev2/ETE4451_BroncoPong/ETE4451_BroncoPong.srcs/sources_1/new/Mem_Timing.v:23]
INFO: [Synth 8-6157] synthesizing module 'Mem_Writer' [C:/Users/George/Desktop/ETE4451_BroncoPong_rev2/ETE4451_BroncoPong/ETE4451_BroncoPong.srcs/sources_1/new/Mem_Writer.v:21]
	Parameter s0_INITIALIZE bound to: 2'b01 
	Parameter s1_IDLE bound to: 2'b00 
	Parameter s2_WRITE bound to: 2'b10 
INFO: [Synth 8-226] default block is never used [C:/Users/George/Desktop/ETE4451_BroncoPong_rev2/ETE4451_BroncoPong/ETE4451_BroncoPong.srcs/sources_1/new/Mem_Writer.v:495]
INFO: [Synth 8-155] case statement is not full and has no default [C:/Users/George/Desktop/ETE4451_BroncoPong_rev2/ETE4451_BroncoPong/ETE4451_BroncoPong.srcs/sources_1/new/Mem_Writer.v:536]
INFO: [Synth 8-6155] done synthesizing module 'Mem_Writer' (21#1) [C:/Users/George/Desktop/ETE4451_BroncoPong_rev2/ETE4451_BroncoPong/ETE4451_BroncoPong.srcs/sources_1/new/Mem_Writer.v:21]
INFO: [Synth 8-6157] synthesizing module 'VideoBuffer_wrapper' [C:/Users/George/Desktop/ETE4451_BroncoPong_rev2/ETE4451_BroncoPong/ETE4451_BroncoPong.gen/sources_1/bd/VideoBuffer/hdl/VideoBuffer_wrapper.v:12]
INFO: [Synth 8-6157] synthesizing module 'VideoBuffer' [c:/Users/George/Desktop/ETE4451_BroncoPong_rev2/ETE4451_BroncoPong/ETE4451_BroncoPong.gen/sources_1/bd/VideoBuffer/synth/VideoBuffer.v:13]
INFO: [Synth 8-6157] synthesizing module 'VideoBuffer_blk_mem_gen_0_0' [C:/Users/George/Desktop/ETE4451_BroncoPong_rev2/ETE4451_BroncoPong/.Xil/Vivado-11712-DESKTOP-MB5IJCE/realtime/VideoBuffer_blk_mem_gen_0_0_stub.v:6]
INFO: [Synth 8-6155] done synthesizing module 'VideoBuffer_blk_mem_gen_0_0' (22#1) [C:/Users/George/Desktop/ETE4451_BroncoPong_rev2/ETE4451_BroncoPong/.Xil/Vivado-11712-DESKTOP-MB5IJCE/realtime/VideoBuffer_blk_mem_gen_0_0_stub.v:6]
INFO: [Synth 8-6155] done synthesizing module 'VideoBuffer' (23#1) [c:/Users/George/Desktop/ETE4451_BroncoPong_rev2/ETE4451_BroncoPong/ETE4451_BroncoPong.gen/sources_1/bd/VideoBuffer/synth/VideoBuffer.v:13]
INFO: [Synth 8-6155] done synthesizing module 'VideoBuffer_wrapper' (24#1) [C:/Users/George/Desktop/ETE4451_BroncoPong_rev2/ETE4451_BroncoPong/ETE4451_BroncoPong.gen/sources_1/bd/VideoBuffer/hdl/VideoBuffer_wrapper.v:12]
INFO: [Synth 8-6157] synthesizing module 'HDMI_Timing' [C:/Users/George/Desktop/ETE4451_BroncoPong_rev2/ETE4451_BroncoPong/ETE4451_BroncoPong.srcs/sources_1/new/HDMI_Timing.v:23]
INFO: [Synth 8-6155] done synthesizing module 'HDMI_Timing' (25#1) [C:/Users/George/Desktop/ETE4451_BroncoPong_rev2/ETE4451_BroncoPong/ETE4451_BroncoPong.srcs/sources_1/new/HDMI_Timing.v:23]
INFO: [Synth 8-6157] synthesizing module 'HDMI_FrameGen_top' [C:/Users/George/Desktop/ETE4451_BroncoPong_rev2/ETE4451_BroncoPong/ETE4451_BroncoPong.srcs/sources_1/new/HDMI_FrameGen_top.v:23]
INFO: [Synth 8-6157] synthesizing module 'HDMI_FrameRead' [C:/Users/George/Desktop/ETE4451_BroncoPong_rev2/ETE4451_BroncoPong/ETE4451_BroncoPong.srcs/sources_1/new/HDMI_FrameRead.v:23]
	Parameter s0_INITIALIZE bound to: 2'b01 
	Parameter s1_IDLE bound to: 2'b00 
	Parameter s2_ACTIVE bound to: 2'b10 
INFO: [Synth 8-155] case statement is not full and has no default [C:/Users/George/Desktop/ETE4451_BroncoPong_rev2/ETE4451_BroncoPong/ETE4451_BroncoPong.srcs/sources_1/new/HDMI_FrameRead.v:125]
INFO: [Synth 8-6155] done synthesizing module 'HDMI_FrameRead' (26#1) [C:/Users/George/Desktop/ETE4451_BroncoPong_rev2/ETE4451_BroncoPong/ETE4451_BroncoPong.srcs/sources_1/new/HDMI_FrameRead.v:23]
INFO: [Synth 8-6157] synthesizing module 'HDMI_PixelROM' [C:/Users/George/Desktop/ETE4451_BroncoPong_rev2/ETE4451_BroncoPong/ETE4451_BroncoPong.srcs/sources_1/new/HDMI_PixelROM.v:24]
INFO: [Synth 8-6155] done synthesizing module 'HDMI_PixelROM' (27#1) [C:/Users/George/Desktop/ETE4451_BroncoPong_rev2/ETE4451_BroncoPong/ETE4451_BroncoPong.srcs/sources_1/new/HDMI_PixelROM.v:24]
INFO: [Synth 8-6155] done synthesizing module 'HDMI_FrameGen_top' (28#1) [C:/Users/George/Desktop/ETE4451_BroncoPong_rev2/ETE4451_BroncoPong/ETE4451_BroncoPong.srcs/sources_1/new/HDMI_FrameGen_top.v:23]
INFO: [Synth 8-6157] synthesizing module 'HDMI_TMDS' [C:/Users/George/Desktop/ETE4451_BroncoPong_rev2/ETE4451_BroncoPong/ETE4451_BroncoPong.srcs/sources_1/new/HDMI_TX.v:23]
INFO: [Synth 8-6157] synthesizing module 'TMDS_encoder2' [C:/Users/George/Desktop/ETE4451_BroncoPong_rev2/ETE4451_BroncoPong/ETE4451_BroncoPong.srcs/sources_1/new/TMDS-rev2.v:23]
INFO: [Synth 8-6155] done synthesizing module 'TMDS_encoder2' (29#1) [C:/Users/George/Desktop/ETE4451_BroncoPong_rev2/ETE4451_BroncoPong/ETE4451_BroncoPong.srcs/sources_1/new/TMDS-rev2.v:23]
INFO: [Synth 8-6155] done synthesizing module 'HDMI_TMDS' (30#1) [C:/Users/George/Desktop/ETE4451_BroncoPong_rev2/ETE4451_BroncoPong/ETE4451_BroncoPong.srcs/sources_1/new/HDMI_TX.v:23]
INFO: [Synth 8-6157] synthesizing module 'HDMI_Out' [C:/Users/George/Desktop/ETE4451_BroncoPong_rev2/ETE4451_BroncoPong/ETE4451_BroncoPong.srcs/sources_1/new/HDMI_Out.v:23]
INFO: [Synth 8-6157] synthesizing module 'OBUFDS' [G:/Vivado/2020.2/scripts/rt/data/unisim_comp.v:46332]
	Parameter CAPACITANCE bound to: DONT_CARE - type: string 
	Parameter IOSTANDARD bound to: DEFAULT - type: string 
	Parameter SLEW bound to: SLOW - type: string 
INFO: [Synth 8-6155] done synthesizing module 'OBUFDS' (31#1) [G:/Vivado/2020.2/scripts/rt/data/unisim_comp.v:46332]
INFO: [Synth 8-6155] done synthesizing module 'HDMI_Out' (32#1) [C:/Users/George/Desktop/ETE4451_BroncoPong_rev2/ETE4451_BroncoPong/ETE4451_BroncoPong.srcs/sources_1/new/HDMI_Out.v:23]
INFO: [Synth 8-6155] done synthesizing module 'Display_top' (33#1) [C:/Users/George/Desktop/ETE4451_BroncoPong_rev2/ETE4451_BroncoPong/ETE4451_BroncoPong.srcs/sources_1/new/Display_top.v:23]
INFO: [Synth 8-6155] done synthesizing module 'BP_top' (34#1) [C:/Users/George/Desktop/ETE4451_BroncoPong_rev2/ETE4451_BroncoPong/ETE4451_BroncoPong.srcs/sources_1/new/BP_top.v:23]
---------------------------------------------------------------------------------
Finished RTL Elaboration : Time (s): cpu = 00:00:07 ; elapsed = 00:00:07 . Memory (MB): peak = 2149.613 ; gain = 59.848
---------------------------------------------------------------------------------
---------------------------------------------------------------------------------
Start Handling Custom Attributes
---------------------------------------------------------------------------------
---------------------------------------------------------------------------------
Finished Handling Custom Attributes : Time (s): cpu = 00:00:08 ; elapsed = 00:00:07 . Memory (MB): peak = 2172.512 ; gain = 82.746
---------------------------------------------------------------------------------
---------------------------------------------------------------------------------
Finished RTL Optimization Phase 1 : Time (s): cpu = 00:00:08 ; elapsed = 00:00:07 . Memory (MB): peak = 2172.512 ; gain = 82.746
---------------------------------------------------------------------------------
INFO: [Project 1-454] Reading design checkpoint 'c:/Users/George/Desktop/ETE4451_BroncoPong_rev2/ETE4451_BroncoPong/ETE4451_BroncoPong.gen/sources_1/bd/DCM/ip/DCM_clk_wiz_0_1/DCM_clk_wiz_0_1.dcp' for cell 'CLKGEN/DCM_i/clk_wiz_0'
INFO: [Project 1-454] Reading design checkpoint 'c:/Users/George/Desktop/ETE4451_BroncoPong_rev2/ETE4451_BroncoPong/ETE4451_BroncoPong.gen/sources_1/ip/ila_0_SPI/ila_0_SPI.dcp' for cell 'UUT3/ILA_SPI'
INFO: [Project 1-454] Reading design checkpoint 'c:/Users/George/Desktop/ETE4451_BroncoPong_rev2/ETE4451_BroncoPong/ETE4451_BroncoPong.gen/sources_1/bd/VideoBuffer/ip/VideoBuffer_blk_mem_gen_0_0/VideoBuffer_blk_mem_gen_0_0.dcp' for cell 'UUT4/UUT4d/VideoBuffer_i/blk_mem_gen_0'
Netlist sorting complete. Time (s): cpu = 00:00:01 ; elapsed = 00:00:00.146 . Memory (MB): peak = 2202.066 ; gain = 0.000
INFO: [Netlist 29-17] Analyzing 283 Unisim elements for replacement
INFO: [Netlist 29-28] Unisim Transformation completed in 0 CPU seconds
INFO: [Project 1-479] Netlist was created with Vivado 2020.2
INFO: [Project 1-570] Preparing netlist for logic optimization

Processing XDC Constraints
Initializing timing engine
Parsing XDC File [c:/Users/George/Desktop/ETE4451_BroncoPong_rev2/ETE4451_BroncoPong/ETE4451_BroncoPong.gen/sources_1/bd/DCM/ip/DCM_clk_wiz_0_1/DCM_clk_wiz_0_1_board.xdc] for cell 'CLKGEN/DCM_i/clk_wiz_0/inst'
Finished Parsing XDC File [c:/Users/George/Desktop/ETE4451_BroncoPong_rev2/ETE4451_BroncoPong/ETE4451_BroncoPong.gen/sources_1/bd/DCM/ip/DCM_clk_wiz_0_1/DCM_clk_wiz_0_1_board.xdc] for cell 'CLKGEN/DCM_i/clk_wiz_0/inst'
Parsing XDC File [c:/Users/George/Desktop/ETE4451_BroncoPong_rev2/ETE4451_BroncoPong/ETE4451_BroncoPong.gen/sources_1/bd/DCM/ip/DCM_clk_wiz_0_1/DCM_clk_wiz_0_1.xdc] for cell 'CLKGEN/DCM_i/clk_wiz_0/inst'
Finished Parsing XDC File [c:/Users/George/Desktop/ETE4451_BroncoPong_rev2/ETE4451_BroncoPong/ETE4451_BroncoPong.gen/sources_1/bd/DCM/ip/DCM_clk_wiz_0_1/DCM_clk_wiz_0_1.xdc] for cell 'CLKGEN/DCM_i/clk_wiz_0/inst'
INFO: [Project 1-236] Implementation specific constraints were found while reading constraint file [c:/Users/George/Desktop/ETE4451_BroncoPong_rev2/ETE4451_BroncoPong/ETE4451_BroncoPong.gen/sources_1/bd/DCM/ip/DCM_clk_wiz_0_1/DCM_clk_wiz_0_1.xdc]. These constraints will be ignored for synthesis but will be used in implementation. Impacted constraints are listed in the file [.Xil/BP_top_propImpl.xdc].
Resolution: To avoid this warning, move constraints listed in [.Xil/BP_top_propImpl.xdc] to another XDC file and exclude this new file from synthesis with the used_in_synthesis property (File Properties dialog in GUI) and re-run elaboration/synthesis.
Parsing XDC File [c:/Users/George/Desktop/ETE4451_BroncoPong_rev2/ETE4451_BroncoPong/ETE4451_BroncoPong.gen/sources_1/ip/ila_0_SPI/ila_v6_2/constraints/ila.xdc] for cell 'UUT3/ILA_SPI/inst'
Finished Parsing XDC File [c:/Users/George/Desktop/ETE4451_BroncoPong_rev2/ETE4451_BroncoPong/ETE4451_BroncoPong.gen/sources_1/ip/ila_0_SPI/ila_v6_2/constraints/ila.xdc] for cell 'UUT3/ILA_SPI/inst'
INFO: [Timing 38-2] Deriving generated clocks
Parsing XDC File [C:/Users/George/Desktop/ETE4451_BroncoPong_rev2/ETE4451_BroncoPong/ETE4451_BroncoPong.srcs/sources_1/constrs_1/new/test-constr.xdc]
Finished Parsing XDC File [C:/Users/George/Desktop/ETE4451_BroncoPong_rev2/ETE4451_BroncoPong/ETE4451_BroncoPong.srcs/sources_1/constrs_1/new/test-constr.xdc]
Completed Processing XDC Constraints

refresh_design: Time (s): cpu = 00:00:25 ; elapsed = 00:00:19 . Memory (MB): peak = 2202.066 ; gain = 112.301
open_hw_manager
connect_hw_server -allow_non_jtag
INFO: [Labtools 27-2285] Connecting to hw_server url TCP:localhost:3121
INFO: [Labtools 27-2222] Launching hw_server...
INFO: [Labtools 27-2221] Launch Output:

****** Xilinx hw_server v2020.2
  **** Build date : Nov 18 2020 at 10:01:48
    ** Copyright 1986-2020 Xilinx, Inc. All Rights Reserved.


INFO: [Labtools 27-3415] Connecting to cs_server url TCP:localhost:3042
INFO: [Labtools 27-3417] Launching cs_server...
INFO: [Labtools 27-2221] Launch Output:


******** Xilinx cs_server v2020.2
  ****** Build date   : Nov 03 2020-13:02:56
    **** Build number : 2020.2.1604437376
      ** Copyright 2017-2020 Xilinx, Inc. All Rights Reserved.



connect_hw_server: Time (s): cpu = 00:00:01 ; elapsed = 00:00:11 . Memory (MB): peak = 2202.066 ; gain = 0.000
open_hw_target
INFO: [Labtoolstcl 44-466] Opening hw_target localhost:3121/xilinx_tcf/Digilent/210351B04BB2A
open_hw_target: Time (s): cpu = 00:00:06 ; elapsed = 00:00:09 . Memory (MB): peak = 3634.879 ; gain = 1432.812
set_property PROGRAM.FILE {C:/Users/George/Desktop/ETE4451_BroncoPong_rev2/ETE4451_BroncoPong/ETE4451_BroncoPong.runs/impl_1/BP_top.bit} [get_hw_devices xc7z020_1]
set_property PROBES.FILE {C:/Users/George/Desktop/ETE4451_BroncoPong_rev2/ETE4451_BroncoPong/ETE4451_BroncoPong.runs/impl_1/BP_top.ltx} [get_hw_devices xc7z020_1]
set_property FULL_PROBES.FILE {C:/Users/George/Desktop/ETE4451_BroncoPong_rev2/ETE4451_BroncoPong/ETE4451_BroncoPong.runs/impl_1/BP_top.ltx} [get_hw_devices xc7z020_1]
current_hw_device [get_hw_devices xc7z020_1]
refresh_hw_device [lindex [get_hw_devices xc7z020_1] 0]
INFO: [Labtools 27-1434] Device xc7z020 (JTAG device index = 1) is programmed with a design that has no supported debug core(s) in it.
WARNING: [Labtools 27-3361] The debug hub core was not detected.
Resolution: 
1. Make sure the clock connected to the debug hub (dbg_hub) core is a free running clock and is active.
2. Make sure the BSCAN_SWITCH_USER_MASK device property in Vivado Hardware Manager reflects the user scan chain setting in the design and refresh the device.  To determine the user scan chain setting in the design, open the implemented design and use 'get_property C_USER_SCAN_CHAIN [get_debug_cores dbg_hub]'.
For more details on setting the scan chain property, consult the Vivado Debug and Programming User Guide (UG908).
WARNING: [Labtools 27-3413] Dropping logic core with cellname:'UUT3/ILA_SPI' at location 'uuid_1AEAB046DD0D57AD841413264B2EF299' from probes file, since it cannot be found on the programmed device.
set_property PROBES.FILE {C:/Users/George/Desktop/ETE4451_BroncoPong_rev2/ETE4451_BroncoPong/ETE4451_BroncoPong.runs/impl_1/BP_top.ltx} [get_hw_devices xc7z020_1]
set_property FULL_PROBES.FILE {C:/Users/George/Desktop/ETE4451_BroncoPong_rev2/ETE4451_BroncoPong/ETE4451_BroncoPong.runs/impl_1/BP_top.ltx} [get_hw_devices xc7z020_1]
set_property PROGRAM.FILE {C:/Users/George/Desktop/ETE4451_BroncoPong_rev2/ETE4451_BroncoPong/ETE4451_BroncoPong.runs/impl_1/BP_top.bit} [get_hw_devices xc7z020_1]
program_hw_devices [get_hw_devices xc7z020_1]
INFO: [Labtools 27-3164] End of startup status: HIGH
refresh_hw_device [lindex [get_hw_devices xc7z020_1] 0]
INFO: [Labtools 27-2302] Device xc7z020 (JTAG device index = 1) is programmed with a design that has 1 ILA core(s).
display_hw_ila_data [ get_hw_ila_data hw_ila_data_1 -of_objects [get_hw_ilas -of_objects [get_hw_devices xc7z020_1] -filter {CELL_NAME=~"UUT3/ILA_SPI"}]]
launch_simulation
Command: launch_simulation 
INFO: [Vivado 12-5698] Checking validity of IPs in the design for the 'XSim' simulator...
INFO: [Vivado 12-5682] Launching behavioral simulation in 'C:/Users/George/Desktop/ETE4451_BroncoPong_rev2/ETE4451_BroncoPong/ETE4451_BroncoPong.sim/sim_1/behav/xsim'
INFO: [Vivado 12-4795] Using compiled simulation libraries for IPs
INFO: [SIM-utils-51] Simulation object is 'sim_1'
INFO: [USF-XSim-7] Finding pre-compiled libraries...
INFO: [USF-XSim-11] File 'G:/Vivado/2020.2/data/xsim/xsim.ini' copied to run dir:'C:/Users/George/Desktop/ETE4451_BroncoPong_rev2/ETE4451_BroncoPong/ETE4451_BroncoPong.sim/sim_1/behav/xsim'
INFO: [SIM-utils-54] Inspecting design source files for 'BP_tb' in fileset 'sim_1'...
INFO: [USF-XSim-97] Finding global include files...
INFO: [USF-XSim-98] Fetching design files from 'sim_1'...
INFO: [USF-XSim-2] XSim::Compile design
INFO: [USF-XSim-61] Executing 'COMPILE and ANALYZE' step in 'C:/Users/George/Desktop/ETE4451_BroncoPong_rev2/ETE4451_BroncoPong/ETE4451_BroncoPong.sim/sim_1/behav/xsim'
"xvlog --incr --relax -prj BP_tb_vlog.prj"
INFO: [VRFC 10-2263] Analyzing Verilog file "C:/Users/George/Desktop/ETE4451_BroncoPong_rev2/ETE4451_BroncoPong/ETE4451_BroncoPong.ip_user_files/bd/VideoBuffer/ip/VideoBuffer_blk_mem_gen_0_0/sim/VideoBuffer_blk_mem_gen_0_0.v" into library xil_defaultlib
INFO: [VRFC 10-311] analyzing module VideoBuffer_blk_mem_gen_0_0
INFO: [VRFC 10-2263] Analyzing Verilog file "C:/Users/George/Desktop/ETE4451_BroncoPong_rev2/ETE4451_BroncoPong/ETE4451_BroncoPong.ip_user_files/bd/VideoBuffer/sim/VideoBuffer.v" into library xil_defaultlib
INFO: [VRFC 10-311] analyzing module VideoBuffer
INFO: [VRFC 10-2263] Analyzing Verilog file "C:/Users/George/Desktop/ETE4451_BroncoPong_rev2/ETE4451_BroncoPong/ETE4451_BroncoPong.gen/sources_1/ip/ila_0_SPI/sim/ila_0_SPI.v" into library xil_defaultlib
INFO: [VRFC 10-311] analyzing module ila_0_SPI
INFO: [VRFC 10-2263] Analyzing Verilog file "C:/Users/George/Desktop/ETE4451_BroncoPong_rev2/ETE4451_BroncoPong/ETE4451_BroncoPong.ip_user_files/bd/DCM/ip/DCM_clk_wiz_0_1/DCM_clk_wiz_0_1_clk_wiz.v" into library xil_defaultlib
INFO: [VRFC 10-311] analyzing module DCM_clk_wiz_0_1_clk_wiz
INFO: [VRFC 10-2263] Analyzing Verilog file "C:/Users/George/Desktop/ETE4451_BroncoPong_rev2/ETE4451_BroncoPong/ETE4451_BroncoPong.ip_user_files/bd/DCM/ip/DCM_clk_wiz_0_1/DCM_clk_wiz_0_1.v" into library xil_defaultlib
INFO: [VRFC 10-311] analyzing module DCM_clk_wiz_0_1
INFO: [VRFC 10-2263] Analyzing Verilog file "C:/Users/George/Desktop/ETE4451_BroncoPong_rev2/ETE4451_BroncoPong/ETE4451_BroncoPong.ip_user_files/bd/DCM/sim/DCM.v" into library xil_defaultlib
INFO: [VRFC 10-311] analyzing module DCM
INFO: [VRFC 10-2263] Analyzing Verilog file "C:/Users/George/Desktop/ETE4451_BroncoPong_rev2/ETE4451_BroncoPong/ETE4451_BroncoPong.srcs/sources_1/new/BP_top.v" into library xil_defaultlib
INFO: [VRFC 10-311] analyzing module BP_top
INFO: [VRFC 10-2263] Analyzing Verilog file "C:/Users/George/Desktop/ETE4451_BroncoPong_rev2/ETE4451_BroncoPong/ETE4451_BroncoPong.srcs/sources_1/new/BallCollision2.v" into library xil_defaultlib
INFO: [VRFC 10-311] analyzing module BallCollisionRev1
INFO: [VRFC 10-2263] Analyzing Verilog file "C:/Users/George/Desktop/ETE4451_BroncoPong_rev2/ETE4451_BroncoPong/ETE4451_BroncoPong.srcs/sources_1/new/BallCollision_top.v" into library xil_defaultlib
INFO: [VRFC 10-311] analyzing module BallCollision_top
INFO: [VRFC 10-2458] undeclared symbol ballPosReset, assumed default net type wire [C:/Users/George/Desktop/ETE4451_BroncoPong_rev2/ETE4451_BroncoPong/ETE4451_BroncoPong.srcs/sources_1/new/BallCollision_top.v:54]
INFO: [VRFC 10-2263] Analyzing Verilog file "C:/Users/George/Desktop/ETE4451_BroncoPong_rev2/ETE4451_BroncoPong/ETE4451_BroncoPong.srcs/sources_1/new/BallPosition.v" into library xil_defaultlib
INFO: [VRFC 10-311] analyzing module BallPosition
INFO: [VRFC 10-2263] Analyzing Verilog file "C:/Users/George/Desktop/ETE4451_BroncoPong_rev2/ETE4451_BroncoPong/ETE4451_BroncoPong.srcs/sources_1/new/ClkDiv_66_67kHz.v" into library xil_defaultlib
INFO: [VRFC 10-311] analyzing module ClkDiv_66_67kHz
INFO: [VRFC 10-2263] Analyzing Verilog file "C:/Users/George/Desktop/ETE4451_BroncoPong_rev2/ETE4451_BroncoPong/ETE4451_BroncoPong.gen/sources_1/bd/DCM/hdl/DCM_wrapper.v" into library xil_defaultlib
INFO: [VRFC 10-311] analyzing module DCM_wrapper
INFO: [VRFC 10-2263] Analyzing Verilog file "C:/Users/George/Desktop/ETE4451_BroncoPong_rev2/ETE4451_BroncoPong/ETE4451_BroncoPong.srcs/sources_1/new/Display_top.v" into library xil_defaultlib
INFO: [VRFC 10-311] analyzing module Display_top
INFO: [VRFC 10-2458] undeclared symbol vsync, assumed default net type wire [C:/Users/George/Desktop/ETE4451_BroncoPong_rev2/ETE4451_BroncoPong/ETE4451_BroncoPong.srcs/sources_1/new/Display_top.v:140]
INFO: [VRFC 10-2263] Analyzing Verilog file "C:/Users/George/Desktop/ETE4451_BroncoPong_rev2/ETE4451_BroncoPong/ETE4451_BroncoPong.srcs/sources_1/new/GameControlTimer.v" into library xil_defaultlib
INFO: [VRFC 10-311] analyzing module GameControlTimer
INFO: [VRFC 10-2263] Analyzing Verilog file "C:/Users/George/Desktop/ETE4451_BroncoPong_rev2/ETE4451_BroncoPong/ETE4451_BroncoPong.srcs/sources_1/new/GameControl_top.v" into library xil_defaultlib
INFO: [VRFC 10-311] analyzing module GameControl_top
INFO: [VRFC 10-2458] undeclared symbol Clk_Div, assumed default net type wire [C:/Users/George/Desktop/ETE4451_BroncoPong_rev2/ETE4451_BroncoPong/ETE4451_BroncoPong.srcs/sources_1/new/GameControl_top.v:64]
INFO: [VRFC 10-2263] Analyzing Verilog file "C:/Users/George/Desktop/ETE4451_BroncoPong_rev2/ETE4451_BroncoPong/ETE4451_BroncoPong.srcs/sources_1/new/GameTimer.v" into library xil_defaultlib
INFO: [VRFC 10-311] analyzing module GameTimer
INFO: [VRFC 10-2263] Analyzing Verilog file "C:/Users/George/Desktop/ETE4451_BroncoPong_rev2/ETE4451_BroncoPong/ETE4451_BroncoPong.srcs/sources_1/new/Game_state.v" into library xil_defaultlib
INFO: [VRFC 10-311] analyzing module GameControl
INFO: [VRFC 10-2263] Analyzing Verilog file "C:/Users/George/Desktop/ETE4451_BroncoPong_rev2/ETE4451_BroncoPong/ETE4451_BroncoPong.srcs/sources_1/new/HDMI_FrameGen_top.v" into library xil_defaultlib
INFO: [VRFC 10-311] analyzing module HDMI_FrameGen_top
INFO: [VRFC 10-2263] Analyzing Verilog file "C:/Users/George/Desktop/ETE4451_BroncoPong_rev2/ETE4451_BroncoPong/ETE4451_BroncoPong.srcs/sources_1/new/HDMI_FrameRead.v" into library xil_defaultlib
INFO: [VRFC 10-311] analyzing module HDMI_FrameRead
INFO: [VRFC 10-2263] Analyzing Verilog file "C:/Users/George/Desktop/ETE4451_BroncoPong_rev2/ETE4451_BroncoPong/ETE4451_BroncoPong.srcs/sources_1/new/HDMI_Out.v" into library xil_defaultlib
INFO: [VRFC 10-311] analyzing module HDMI_Out
INFO: [VRFC 10-2263] Analyzing Verilog file "C:/Users/George/Desktop/ETE4451_BroncoPong_rev2/ETE4451_BroncoPong/ETE4451_BroncoPong.srcs/sources_1/new/HDMI_PixelROM.v" into library xil_defaultlib
INFO: [VRFC 10-311] analyzing module HDMI_PixelROM
INFO: [VRFC 10-2263] Analyzing Verilog file "C:/Users/George/Desktop/ETE4451_BroncoPong_rev2/ETE4451_BroncoPong/ETE4451_BroncoPong.srcs/sources_1/new/HDMI_TX.v" into library xil_defaultlib
INFO: [VRFC 10-311] analyzing module HDMI_TMDS
INFO: [VRFC 10-2263] Analyzing Verilog file "C:/Users/George/Desktop/ETE4451_BroncoPong_rev2/ETE4451_BroncoPong/ETE4451_BroncoPong.srcs/sources_1/new/HDMI_Timing.v" into library xil_defaultlib
INFO: [VRFC 10-311] analyzing module HDMI_Timing
INFO: [VRFC 10-2263] Analyzing Verilog file "C:/Users/George/Desktop/ETE4451_BroncoPong_rev2/ETE4451_BroncoPong/ETE4451_BroncoPong.srcs/sources_1/new/JstkPmod_top.v" into library xil_defaultlib
INFO: [VRFC 10-311] analyzing module JstkPmod_top
INFO: [VRFC 10-2263] Analyzing Verilog file "C:/Users/George/Desktop/ETE4451_BroncoPong_rev2/ETE4451_BroncoPong/ETE4451_BroncoPong.srcs/sources_1/new/Mem_Timing.v" into library xil_defaultlib
INFO: [VRFC 10-311] analyzing module Mem_Timing
INFO: [VRFC 10-2263] Analyzing Verilog file "C:/Users/George/Desktop/ETE4451_BroncoPong_rev2/ETE4451_BroncoPong/ETE4451_BroncoPong.srcs/sources_1/new/Mem_Writer.v" into library xil_defaultlib
INFO: [VRFC 10-311] analyzing module Mem_Writer
INFO: [VRFC 10-2263] Analyzing Verilog file "C:/Users/George/Desktop/ETE4451_BroncoPong_rev2/ETE4451_BroncoPong/ETE4451_BroncoPong.srcs/sources_1/new/PMOD_5HzSampler.v" into library xil_defaultlib
INFO: [VRFC 10-311] analyzing module ClkDiv_5Hz
INFO: [VRFC 10-2263] Analyzing Verilog file "C:/Users/George/Desktop/ETE4451_BroncoPong_rev2/ETE4451_BroncoPong/ETE4451_BroncoPong.srcs/sources_1/new/PaddlePos.v" into library xil_defaultlib
INFO: [VRFC 10-311] analyzing module PaddlePos
INFO: [VRFC 10-2263] Analyzing Verilog file "C:/Users/George/Desktop/ETE4451_BroncoPong_rev2/ETE4451_BroncoPong/ETE4451_BroncoPong.srcs/sources_1/new/PmodJSTK.v" into library xil_defaultlib
INFO: [VRFC 10-311] analyzing module PmodJSTK
INFO: [VRFC 10-2263] Analyzing Verilog file "C:/Users/George/Desktop/ETE4451_BroncoPong_rev2/ETE4451_BroncoPong/ETE4451_BroncoPong.srcs/sources_1/new/SPImode0.v" into library xil_defaultlib
INFO: [VRFC 10-311] analyzing module spiMode0
INFO: [VRFC 10-2263] Analyzing Verilog file "C:/Users/George/Desktop/ETE4451_BroncoPong_rev2/ETE4451_BroncoPong/ETE4451_BroncoPong.srcs/sources_1/new/TMDS-rev2.v" into library xil_defaultlib
INFO: [VRFC 10-311] analyzing module TMDS_encoder2
INFO: [VRFC 10-2263] Analyzing Verilog file "C:/Users/George/Desktop/ETE4451_BroncoPong_rev2/ETE4451_BroncoPong/ETE4451_BroncoPong.gen/sources_1/bd/VideoBuffer/hdl/VideoBuffer_wrapper.v" into library xil_defaultlib
INFO: [VRFC 10-311] analyzing module VideoBuffer_wrapper
INFO: [VRFC 10-2263] Analyzing Verilog file "C:/Users/George/Desktop/ETE4451_BroncoPong_rev2/ETE4451_BroncoPong/ETE4451_BroncoPong.srcs/sources_1/new/collisionAddOn.v" into library xil_defaultlib
INFO: [VRFC 10-311] analyzing module collisionAddOn
INFO: [VRFC 10-2263] Analyzing Verilog file "C:/Users/George/Desktop/ETE4451_BroncoPong_rev2/ETE4451_BroncoPong/ETE4451_BroncoPong.srcs/sources_1/new/spiCtrl.v" into library xil_defaultlib
INFO: [VRFC 10-311] analyzing module spiCtrl
INFO: [VRFC 10-2263] Analyzing Verilog file "C:/Users/George/Desktop/ETE4451_BroncoPong_rev2/ETE4451_BroncoPong/ETE4451_BroncoPong.srcs/sim_1/new/BP_tb.v" into library xil_defaultlib
INFO: [VRFC 10-311] analyzing module BP_tb
run_program: Time (s): cpu = 00:00:00 ; elapsed = 00:00:05 . Memory (MB): peak = 3710.871 ; gain = 0.000
INFO: [USF-XSim-69] 'compile' step finished in '6' seconds
INFO: [USF-XSim-3] XSim::Elaborate design
INFO: [USF-XSim-61] Executing 'ELABORATE' step in 'C:/Users/George/Desktop/ETE4451_BroncoPong_rev2/ETE4451_BroncoPong/ETE4451_BroncoPong.sim/sim_1/behav/xsim'
"xelab -wto 9d92745112a2444897ff75747fecf591 --incr --debug typical --relax --mt 2 -L xil_defaultlib -L blk_mem_gen_v8_4_4 -L unisims_ver -L unimacro_ver -L secureip -L xpm --snapshot BP_tb_behav xil_defaultlib.BP_tb xil_defaultlib.glbl -log elaborate.log"
Vivado Simulator 2020.2
Copyright 1986-1999, 2001-2020 Xilinx, Inc. All Rights Reserved.
Running: G:/Vivado/2020.2/bin/unwrapped/win64.o/xelab.exe -wto 9d92745112a2444897ff75747fecf591 --incr --debug typical --relax --mt 2 -L xil_defaultlib -L blk_mem_gen_v8_4_4 -L unisims_ver -L unimacro_ver -L secureip -L xpm --snapshot BP_tb_behav xil_defaultlib.BP_tb xil_defaultlib.glbl -log elaborate.log 
Using 2 slave threads.
Starting static elaboration
Pass Through NonSizing Optimizer
WARNING: [VRFC 10-5021] port 'easySwitch' is not connected on this instance [C:/Users/George/Desktop/ETE4451_BroncoPong_rev2/ETE4451_BroncoPong/ETE4451_BroncoPong.srcs/sim_1/new/BP_tb.v:39]
Completed static elaboration
Starting simulation data flow analysis
Completed simulation data flow analysis
Time Resolution for simulation is 1ps
Compiling module unisims_ver.IBUF
Compiling module unisims_ver.MMCME2_ADV(CLKFBOUT_MULT_F=10.0,...
Compiling module unisims_ver.BUFG
Compiling module xil_defaultlib.DCM_clk_wiz_0_1_clk_wiz
Compiling module xil_defaultlib.DCM_clk_wiz_0_1
Compiling module xil_defaultlib.DCM
Compiling module xil_defaultlib.DCM_wrapper
Compiling module xil_defaultlib.GameControl
Compiling module xil_defaultlib.GameControlTimer
Compiling module xil_defaultlib.GameControl_top
Compiling module xil_defaultlib.BallCollisionRev1
Compiling module xil_defaultlib.collisionAddOn
Compiling module xil_defaultlib.BallCollision_top
Compiling module xil_defaultlib.BallPosition
Compiling module xil_defaultlib.spiCtrl
Compiling module xil_defaultlib.spiMode0
Compiling module xil_defaultlib.ClkDiv_66_67kHz
Compiling module xil_defaultlib.PmodJSTK
Compiling module xil_defaultlib.ClkDiv_5Hz
Compiling module xil_defaultlib.PaddlePos
Compiling module xil_defaultlib.ila_0_SPI
Compiling module xil_defaultlib.JstkPmod_top
Compiling module xil_defaultlib.GameTimer
Compiling module xil_defaultlib.Mem_Timing
Compiling module xil_defaultlib.Mem_Writer
Compiling module blk_mem_gen_v8_4_4.blk_mem_gen_v8_4_4_output_stage(...
Compiling module blk_mem_gen_v8_4_4.blk_mem_gen_v8_4_4_output_stage(...
Compiling module blk_mem_gen_v8_4_4.blk_mem_gen_v8_4_4_softecc_outpu...
Compiling module blk_mem_gen_v8_4_4.blk_mem_gen_v8_4_4_mem_module(C_...
Compiling module blk_mem_gen_v8_4_4.blk_mem_axi_regs_fwd_v8_4(C_DATA...
Compiling module blk_mem_gen_v8_4_4.blk_mem_gen_v8_4_4(C_FAMILY="zyn...
Compiling module xil_defaultlib.VideoBuffer_blk_mem_gen_0_0
Compiling module xil_defaultlib.VideoBuffer
Compiling module xil_defaultlib.VideoBuffer_wrapper
Compiling module xil_defaultlib.HDMI_Timing
Compiling module xil_defaultlib.HDMI_FrameRead
Compiling module xil_defaultlib.HDMI_PixelROM
Compiling module xil_defaultlib.HDMI_FrameGen_top
Compiling module xil_defaultlib.TMDS_encoder2
Compiling module xil_defaultlib.HDMI_TMDS
Compiling module unisims_ver.OBUFDS
Compiling module xil_defaultlib.HDMI_Out
Compiling module xil_defaultlib.Display_top
Compiling module xil_defaultlib.BP_top
Compiling module xil_defaultlib.BP_tb
Compiling module xil_defaultlib.glbl
Built simulation snapshot BP_tb_behav

****** Webtalk v2020.2 (64-bit)
  **** SW Build 3064766 on Wed Nov 18 09:12:45 MST 2020
  **** IP Build 3064653 on Wed Nov 18 14:17:31 MST 2020
    ** Copyright 1986-2020 Xilinx, Inc. All Rights Reserved.

source C:/Users/George/Desktop/ETE4451_BroncoPong_rev2/ETE4451_BroncoPong/ETE4451_BroncoPong.sim/sim_1/behav/xsim/xsim.dir/BP_tb_behav/webtalk/xsim_webtalk.tcl -notrace
INFO: [Common 17-206] Exiting Webtalk at Mon May 17 19:10:49 2021...
run_program: Time (s): cpu = 00:00:01 ; elapsed = 00:00:11 . Memory (MB): peak = 3710.871 ; gain = 0.000
INFO: [USF-XSim-69] 'elaborate' step finished in '11' seconds
INFO: [USF-XSim-4] XSim::Simulate design
INFO: [USF-XSim-61] Executing 'SIMULATE' step in 'C:/Users/George/Desktop/ETE4451_BroncoPong_rev2/ETE4451_BroncoPong/ETE4451_BroncoPong.sim/sim_1/behav/xsim'
INFO: [USF-XSim-98] *** Running xsim
   with args "BP_tb_behav -key {Behavioral:sim_1:Functional:BP_tb} -tclbatch {BP_tb.tcl} -protoinst "protoinst_files/VideoBuffer.protoinst" -protoinst "protoinst_files/DCM.protoinst" -view {C:/Users/George/Desktop/ETE4451_BroncoPong_rev2/ETE4451_BroncoPong/GameControl_tb_behav.wcfg} -log {simulate.log}"
INFO: [USF-XSim-8] Loading simulator feature
Vivado Simulator 2020.2
INFO: [Wavedata 42-565] Reading protoinst file protoinst_files/VideoBuffer.protoinst
INFO: [Wavedata 42-565] Reading protoinst file protoinst_files/DCM.protoinst
Time resolution is 1 ps
open_wave_config C:/Users/George/Desktop/ETE4451_BroncoPong_rev2/ETE4451_BroncoPong/GameControl_tb_behav.wcfg
WARNING: Simulation object /BP_tb/UUT/UUT1/startButton was not found in the design.
WARNING: Simulation object /BP_tb/UUT/UUT1/pauseSwitch was not found in the design.
WARNING: Simulation object /BP_tb/UUT/UUT1/VMA_busy was not found in the design.
WARNING: Simulation object /BP_tb/UUT/UUT1/UUT1a/vsync_latch0 was not found in the design.
WARNING: Simulation object /BP_tb/UUT/UUT1/UUT1a/vsync_latch1 was not found in the design.
WARNING: Simulation object /BP_tb/UUT/UUT1/UUT1a/VMA_busy_negedge was not found in the design.
WARNING: Simulation object /BP_tb/UUT/UUT1/Game_Enable was not found in the design.
WARNING: Simulation object /BP_tb/UUT/UUT1/Display_Enable was not found in the design.
WARNING: Simulation object /BP_tb/UUT/UUT1/GameTimer_Enable was not found in the design.
WARNING: Simulation object /BP_tb/UUT/UUT1/GameTimer_Reset was not found in the design.
WARNING: Simulation object /BP_tb/UUT/UUT1/UUT1a/FSM_State was not found in the design.
WARNING: Simulation object /BP_tb/UUT/UUT1/UUT1a/FSM_NextState was not found in the design.
WARNING: Simulation object /BP_tb/UUT/UUT4/UUT0/Enable was not found in the design.
WARNING: Simulation object /BP_tb/UUT/UUT4/UUT0/segment_clk was not found in the design.
WARNING: Simulation object /BP_tb/UUT/UUT4/UUT0/counter was not found in the design.
WARNING: Simulation object /BP_tb/UUT/UUT4/UUT0/count_limit was not found in the design.
WARNING: Simulation object /BP_tb/UUT/UUT4/UUT0/TimerDigit0 was not found in the design.
WARNING: Simulation object /BP_tb/UUT/UUT4/UUT0/TimerDigit1 was not found in the design.
WARNING: Simulation object /BP_tb/UUT/UUT4/UUT0/TimerDigit2 was not found in the design.
WARNING: Simulation object /BP_tb/UUT/UUT4/UUT4/PClk was not found in the design.
WARNING: Simulation object /BP_tb/UUT/UUT4/UUT4/vsync was not found in the design.
WARNING: Simulation object /BP_tb/UUT/UUT4/UUT4/hsync was not found in the design.
WARNING: Simulation object /BP_tb/UUT/UUT4/UUT4/CounterX was not found in the design.
WARNING: Simulation object /BP_tb/UUT/UUT4/UUT4/CounterY was not found in the design.
WARNING: Simulation object /BP_tb/UUT/UUT4/UUT2/Clk was not found in the design.
WARNING: Simulation object /BP_tb/UUT/UUT4/UUT2/Reset was not found in the design.
WARNING: Simulation object /BP_tb/UUT/UUT4/UUT2/memCounterX was not found in the design.
WARNING: Simulation object /BP_tb/UUT/UUT4/UUT2/memCounterY was not found in the design.
WARNING: Simulation object /BP_tb/UUT/UUT4/UUT2/CounterX was not found in the design.
WARNING: Simulation object /BP_tb/UUT/UUT4/UUT2/CounterY was not found in the design.
WARNING: Simulation object /BP_tb/UUT/UUT4/UUT2/memTiming_en was not found in the design.
WARNING: Simulation object /BP_tb/UUT/UUT4/UUT2/BRAM_address was not found in the design.
WARNING: Simulation object /BP_tb/UUT/UUT4/UUT2/BRAM_data was not found in the design.
WARNING: Simulation object /BP_tb/UUT/UUT4/UUT2/BRAM_en was not found in the design.
WARNING: Simulation object /BP_tb/UUT/UUT4/UUT2/disp_en was not found in the design.
WARNING: Simulation object /BP_tb/UUT/UUT4/UUT2/BRAM_wr_en was not found in the design.
WARNING: Simulation object /BP_tb/UUT/UUT4/UUT2/FSM_State was not found in the design.
WARNING: Simulation object /BP_tb/UUT/UUT4/UUT2/FSM_NextState was not found in the design.
WARNING: Simulation object /BP_tb/UUT/UUT4/UUT3/BRAM_PORTA_0_en was not found in the design.
WARNING: Simulation object /BP_tb/UUT/UUT4/UUT3/BRAM_PORTA_0_addr was not found in the design.
WARNING: Simulation object /BP_tb/UUT/UUT4/UUT3/BRAM_PORTB_0_addr was not found in the design.
WARNING: Simulation object /BP_tb/UUT/UUT4/UUT3/BRAM_PORTA_0_we was not found in the design.
WARNING: Simulation object /BP_tb/UUT/UUT4/UUT3/BRAM_PORTA_0_din was not found in the design.
WARNING: Simulation object /BP_tb/UUT/UUT4/UUT3/BRAM_PORTB_0_en was not found in the design.
WARNING: Simulation object /BP_tb/UUT/UUT4/UUT3/BRAM_PORTB_0_dout was not found in the design.
source BP_tb.tcl
# set curr_wave [current_wave_config]
# if { [string length $curr_wave] == 0 } {
#   if { [llength [get_objects]] > 0} {
#     add_wave /
#     set_property needs_save false [current_wave_config]
#   } else {
#      send_msg_id Add_Wave-1 WARNING "No top level signals found. Simulator will start without a wave window. If you want to open a wave window go to 'File->New Waveform Configuration' or type 'create_wave_config' in the TCL console."
#   }
# }
# run 1000ns
Block Memory Generator module BP_tb.UUT.UUT4.UUT4d.VideoBuffer_i.blk_mem_gen_0.inst.\native_mem_module.blk_mem_gen_v8_4_4_inst  is using a behavioral model for simulation which will not precisely model memory collision behavior.
xsim: Time (s): cpu = 00:00:13 ; elapsed = 00:00:09 . Memory (MB): peak = 3776.730 ; gain = 65.695
INFO: [USF-XSim-96] XSim completed. Design snapshot 'BP_tb_behav' loaded.
INFO: [USF-XSim-97] XSim simulation ran for 1000ns
launch_simulation: Time (s): cpu = 00:00:18 ; elapsed = 00:00:28 . Memory (MB): peak = 3776.730 ; gain = 73.004
run 1.1 s
run 1.1 s
run: Time (s): cpu = 00:00:19 ; elapsed = 00:00:15 . Memory (MB): peak = 3793.391 ; gain = 0.000
open_bd_design {C:/Users/George/Desktop/ETE4451_BroncoPong_rev2/ETE4451_BroncoPong/ETE4451_BroncoPong.srcs/sources_1/bd/VideoBuffer/VideoBuffer.bd}
Reading block design file <C:/Users/George/Desktop/ETE4451_BroncoPong_rev2/ETE4451_BroncoPong/ETE4451_BroncoPong.srcs/sources_1/bd/VideoBuffer/VideoBuffer.bd>...
Adding component instance block -- xilinx.com:ip:blk_mem_gen:8.4 - blk_mem_gen_0
Successfully read diagram <VideoBuffer> from block design file <C:/Users/George/Desktop/ETE4451_BroncoPong_rev2/ETE4451_BroncoPong/ETE4451_BroncoPong.srcs/sources_1/bd/VideoBuffer/VideoBuffer.bd>
WARNING: [IP_Flow 19-4067] Ignoring invalid widget type specified checkbox.Providing a default widget
WARNING: [IP_Flow 19-4067] Ignoring invalid widget type specified checkbox.Providing a default widget
run 1.1 s
run: Time (s): cpu = 00:01:31 ; elapsed = 00:05:39 . Memory (MB): peak = 3906.566 ; gain = 10.746
close_sim
INFO: [Simtcl 6-16] Simulation closed
save_wave_config {C:/Users/George/Desktop/ETE4451_BroncoPong_rev2/ETE4451_BroncoPong/ETE4451_BroncoPong.hw/hw_1/wave/hw_ila_data_1/hw_ila_data_1.wcfg}
exit
INFO: [Common 17-206] Exiting Vivado at Mon May 17 22:47:03 2021...
