Copyright 1986-2015 Xilinx, Inc. All Rights Reserved.
------------------------------------------------------------------------------------------------
| Tool Version      : Vivado v.2015.2 (win64) Build 1266856 Fri Jun 26 16:35:25 MDT 2015
| Date              : Mon Jan 25 16:51:43 2016
| Host              : WK84 running 64-bit major release  (build 9200)
| Command           : report_clock_utilization -file PmodJSTK_Demo_clock_utilization_routed.rpt
| Design            : PmodJSTK_Demo
| Device            : 7a35t-cpg236
| Speed File        : -1  PRODUCTION 1.14 2014-09-11
| Temperature Grade : C
------------------------------------------------------------------------------------------------

Clock Utilization Report

Table of Contents
-----------------
1. Clock Primitive Utilization
2. Details of Global Clocks
3. Details of Regional Clocks
4. Details of Multi-Regional Clocks
5. Details of I/O Clocks
6. Details of Local Clocks
7. Clock Regions : Key Resource Utilization
8. Net wise resources used in clock region X1Y0

1. Clock Primitive Utilization
------------------------------

+-------+------+-----------+-----------+
| Type  | Used | Available | Num Fixed |
+-------+------+-----------+-----------+
| BUFG  |    2 |        32 |         0 |
| BUFH  |    0 |        72 |         0 |
| BUFIO |    0 |        20 |         0 |
| MMCM  |    0 |         5 |         0 |
| PLL   |    0 |         5 |         0 |
| BUFR  |    0 |        20 |         0 |
| BUFMR |    0 |        10 |         0 |
+-------+------+-----------+-----------+


2. Details of Global Clocks
---------------------------

+-------+----------------------------------+---------------+--------------+-------+
|       |                                  |               |   Num Loads  |       |
+-------+----------------------------------+---------------+------+-------+-------+
| Index | BUFG Cell                        | Net Name      | BELs | Sites | Fixed |
+-------+----------------------------------+---------------+------+-------+-------+
|     1 | FSM_sequential_pState_reg[2]_i_2 | iSCLK         |   99 |    30 |    no |
|     2 | CLK_IBUF_BUFG_inst               | CLK_IBUF_BUFG |  105 |    40 |    no |
+-------+----------------------------------+---------------+------+-------+-------+


3. Details of Regional Clocks
-----------------------------

4. Details of Multi-Regional Clocks
-----------------------------------

5. Details of I/O Clocks
------------------------

6. Details of Local Clocks
--------------------------

+-------+-------------------+-----------------------+--------------+-------+
|       |                   |                       |   Num Loads  |       |
+-------+-------------------+-----------------------+------+-------+-------+
| Index | Local Clk Src     | Net Name              | BELs | Sites | Fixed |
+-------+-------------------+-----------------------+------+-------+-------+
|     1 | DispCtrl/DCLK_reg | DispCtrl/DCLK_reg_n_0 |   14 |     4 |    no |
+-------+-------------------+-----------------------+------+-------+-------+


7. Clock Regions : Key Resource Utilization
-------------------------------------------

+-------------------+--------------+--------------+--------------+--------------+--------------+--------------+--------------+--------------+--------------+--------------+--------------+--------------+--------------+--------------+--------------+
|                   | Global Clock |     BUFRs    |    BUFMRs    |    BUFIOs    |     MMCM     |      PLL     |      GT      |      PCI     |    ILOGIC    |    OLOGIC    |      FF      |     LUTM     |    RAMB18    |    RAMB36    |    DSP48E1   |
+-------------------+------+-------+------+-------+------+-------+------+-------+------+-------+------+-------+------+-------+------+-------+------+-------+------+-------+------+-------+------+-------+------+-------+------+-------+------+-------+
| Clock Region Name | Used | Avail | Used | Avail | Used | Avail | Used | Avail | Used | Avail | Used | Avail | Used | Avail | Used | Avail | Used | Avail | Used | Avail | Used | Avail | Used | Avail | Used | Avail | Used | Avail | Used | Avail |
+-------------------+------+-------+------+-------+------+-------+------+-------+------+-------+------+-------+------+-------+------+-------+------+-------+------+-------+------+-------+------+-------+------+-------+------+-------+------+-------+
| X0Y0              |    0 |    12 |    0 |     4 |    0 |     2 |    0 |     4 |    0 |     1 |    0 |     1 |    0 |     0 |    0 |     0 |    0 |    50 |    0 |    50 |    0 |  9600 |    0 |  1600 |    0 |    20 |    0 |    10 |    0 |    20 |
| X1Y0              |    2 |    12 |    0 |     4 |    0 |     2 |    0 |     4 |    0 |     1 |    0 |     1 |    0 |     0 |    0 |     0 |    0 |    50 |    0 |    50 |  217 | 12000 |    0 |  1800 |    0 |    40 |    0 |    20 |    0 |    20 |
| X0Y1              |    0 |    12 |    0 |     4 |    0 |     2 |    0 |     4 |    0 |     1 |    0 |     1 |    0 |     0 |    0 |     0 |    0 |    50 |    0 |    50 |    0 |  9600 |    0 |  1600 |    0 |    20 |    0 |    10 |    0 |    20 |
| X1Y1              |    0 |    12 |    0 |     4 |    0 |     2 |    0 |     4 |    0 |     1 |    0 |     1 |    0 |     0 |    0 |     0 |    0 |    50 |    0 |    50 |    0 | 12000 |    0 |  1800 |    0 |    40 |    0 |    20 |    0 |    20 |
| X0Y2              |    0 |    12 |    0 |     4 |    0 |     2 |    0 |     4 |    0 |     1 |    0 |     1 |    0 |     0 |    0 |     0 |    0 |    50 |    0 |    50 |    0 | 14400 |    0 |  1600 |    0 |    20 |    0 |    10 |    0 |    20 |
| X1Y2              |    0 |    12 |    0 |     0 |    0 |     0 |    0 |     0 |    0 |     0 |    0 |     0 |    0 |     5 |    0 |     1 |    0 |     0 |    0 |     0 |    0 |  7600 |    0 |  1200 |    0 |    10 |    0 |     5 |    0 |    20 |
+-------------------+------+-------+------+-------+------+-------+------+-------+------+-------+------+-------+------+-------+------+-------+------+-------+------+-------+------+-------+------+-------+------+-------+------+-------+------+-------+
* RAMB36 site can be used as two RAMB18/FIFO18 sites.


8. Net wise resources used in clock region X1Y0
-----------------------------------------------

+-------------+-------------+-------+-----------+----------+---------+-----------+---------+---------+-----+-------+----------+----------------+
| Source Type | BUFHCE Site | Fixed | MMCM Pins | PLL Pins | GT Pins | BRAM Pins | ILOGICs | OLOGICs | FFs | LUTMs | DSP48E1s | Clock Net Name |
+-------------+-------------+-------+-----------+----------+---------+-----------+---------+---------+-----+-------+----------+----------------+
| BUFG        | BUFHCE_X1Y9 |   no  |         0 |        0 |       0 |         0 |       0 |       0 |  99 |     0 |        0 | iSCLK          |
| BUFG        | BUFHCE_X1Y8 |   no  |         0 |        0 |       0 |         0 |       0 |       0 | 105 |     0 |        0 | CLK_IBUF_BUFG  |
+-------------+-------------+-------+-----------+----------+---------+-----------+---------+---------+-----+-------+----------+----------------+



# Location of BUFG Primitives 
set_property LOC BUFGCTRL_X0Y0 [get_cells CLK_IBUF_BUFG_inst]
set_property LOC BUFGCTRL_X0Y1 [get_cells FSM_sequential_pState_reg[2]_i_2]

# Location of IO Clock Primitives

# Location of MMCM Clock Primitives

# Location of BUFH Clock Primitives

# Location of BUFR Clock Primitives

# Location of BUFMR Clock Primitives

# Location of PLL Clock Primitives

# Location of IO Primitives which is load of clock spine

# Location of clock ports
set_property LOC IOB_X1Y26 [get_ports CLK]

# Clock net "CLK_IBUF_BUFG" driven by instance "CLK_IBUF_BUFG_inst" located at site "BUFGCTRL_X0Y0"
#startgroup
create_pblock {CLKAG_CLK_IBUF_BUFG}
add_cells_to_pblock [get_pblocks  {CLKAG_CLK_IBUF_BUFG}] [get_cells -filter { PRIMITIVE_GROUP != I/O && IS_PRIMITIVE==1 && PRIMITIVE_LEVEL !=INTERNAL } -of_object [get_pins -filter {DIRECTION==IN} -of_objects [get_nets -hierarchical -filter {PARENT=="CLK_IBUF_BUFG"}]]]
resize_pblock [get_pblocks {CLKAG_CLK_IBUF_BUFG}] -add {CLOCKREGION_X1Y0:CLOCKREGION_X1Y0}
#endgroup

# Clock net "DispCtrl/DCLK_reg_n_0" driven by instance "DispCtrl/DCLK_reg" located at site "SLICE_X63Y23"
#startgroup
create_pblock {CLKAG_DispCtrl/DCLK_reg_n_0}
add_cells_to_pblock [get_pblocks  {CLKAG_DispCtrl/DCLK_reg_n_0}] [get_cells -filter { PRIMITIVE_GROUP != I/O && IS_PRIMITIVE==1 && PRIMITIVE_LEVEL !=INTERNAL } -of_object [get_pins -filter {DIRECTION==IN} -of_objects [get_nets -hierarchical -filter {PARENT=="DispCtrl/DCLK_reg_n_0"}]]]
resize_pblock [get_pblocks {CLKAG_DispCtrl/DCLK_reg_n_0}] -add {CLOCKREGION_X1Y0:CLOCKREGION_X1Y0}
#endgroup

# Clock net "iSCLK" driven by instance "FSM_sequential_pState_reg[2]_i_2" located at site "BUFGCTRL_X0Y1"
#startgroup
create_pblock {CLKAG_iSCLK}
add_cells_to_pblock [get_pblocks  {CLKAG_iSCLK}] [get_cells -filter { PRIMITIVE_GROUP != I/O && IS_PRIMITIVE==1 && PRIMITIVE_LEVEL !=INTERNAL } -of_object [get_pins -filter {DIRECTION==IN} -of_objects [get_nets -hierarchical -filter {PARENT=="iSCLK"}]]]
resize_pblock [get_pblocks {CLKAG_iSCLK}] -add {CLOCKREGION_X1Y0:CLOCKREGION_X1Y0}
#endgroup
